-- The C compiler identification is GNU 13.3.0
-- The CXX compiler identification is GNU 13.3.0
-- Detecting C compiler ABI info
-- Detecting C compiler ABI info - done
-- Check for working C compiler: /usr/bin/cc - skipped
-- Detecting C compile features
-- Detecting C compile features - done
-- Detecting CXX compiler ABI info
-- Detecting CXX compiler ABI info - done
-- Check for working CXX compiler: /usr/bin/c++ - skipped
-- Detecting CXX compile features
-- Detecting CXX compile features - done
-- Found ament_cmake: 2.5.4 (/opt/ros/jazzy/share/ament_cmake/cmake)
-- Found Python3: /usr/bin/python3 (found version "3.12.3") found components: Interpreter 
-- Found rclcpp: 28.1.9 (/opt/ros/jazzy/share/rclcpp/cmake)
-- Found rosidl_generator_c: 4.6.5 (/opt/ros/jazzy/share/rosidl_generator_c/cmake)
-- Found rosidl_generator_cpp: 4.6.5 (/opt/ros/jazzy/share/rosidl_generator_cpp/cmake)
-- Using all available rosidl_typesupport_c: rosidl_typesupport_fastrtps_c;rosidl_typesupport_introspection_c
-- Using all available rosidl_typesupport_cpp: rosidl_typesupport_fastrtps_cpp;rosidl_typesupport_introspection_cpp
-- Found rmw_implementation_cmake: 7.3.2 (/opt/ros/jazzy/share/rmw_implementation_cmake/cmake)
-- Found rmw_fastrtps_cpp: 8.4.2 (/opt/ros/jazzy/share/rmw_fastrtps_cpp/cmake)
-- Found OpenSSL: /usr/lib/x86_64-linux-gnu/libcrypto.so (found version "3.0.13")  
-- Found FastRTPS: /opt/ros/jazzy/include (Required is at least version "2.13") 
-- Using RMW implementation 'rmw_fastrtps_cpp' as default
-- Found rosidl_default_generators: 1.6.0 (/opt/ros/jazzy/share/rosidl_default_generators/cmake)
-- Found rosidl_adapter: 4.6.5 (/opt/ros/jazzy/share/rosidl_adapter/cmake)
-- Found ament_cmake_ros: 0.12.0 (/opt/ros/jazzy/share/ament_cmake_ros/cmake)
-- Using all available rosidl_typesupport_c: rosidl_typesupport_fastrtps_c;rosidl_typesupport_introspection_c
-- Using all available rosidl_typesupport_cpp: rosidl_typesupport_fastrtps_cpp;rosidl_typesupport_introspection_cpp
-- Found python_cmake_module: 0.11.1 (/opt/ros/jazzy/share/python_cmake_module/cmake)
-- Found PythonExtra: /usr/bin/python3  
-- Found Python3: /usr/bin/python3 (found version "3.12.3") found components: Interpreter Development NumPy Development.Module Development.Embed 
-- Found ament_lint_auto: 0.17.2 (/opt/ros/jazzy/share/ament_lint_auto/cmake)
-- Added test 'cppcheck' to perform static code analysis on C / C++ code
-- Configured cppcheck include dirs: 
-- Configured cppcheck exclude dirs and/or files: 
-- Added test 'flake8' to check Python code syntax and style conventions
-- Configured 'flake8' exclude dirs and/or files: 
-- Added test 'lint_cmake' to check CMake code style
-- Added test 'pep257' to check Python code against some of the docstring style conventions in PEP 257
-- Added test 'uncrustify' to check C / C++ code style
-- Configured uncrustify additional arguments: 
-- Added test 'xmllint' to check XML markup files
-- Configuring done (1.6s)
-- Generating done (0.0s)
-- Build files have been written to: /home/yifeng/Dropbox/USC/Research/Project/lassie-traveler/dependencies/build/traveler_msgs
[  1%] [34m[1mGenerating type hashes for ROS interfaces[0m
[  1%] Built target ament_cmake_python_copy_traveler_msgs
running egg_info
creating traveler_msgs.egg-info
writing traveler_msgs.egg-info/PKG-INFO
writing dependency_links to traveler_msgs.egg-info/dependency_links.txt
writing top-level names to traveler_msgs.egg-info/top_level.txt
writing manifest file 'traveler_msgs.egg-info/SOURCES.txt'
reading manifest file 'traveler_msgs.egg-info/SOURCES.txt'
writing manifest file 'traveler_msgs.egg-info/SOURCES.txt'
[  1%] Built target ament_cmake_python_build_traveler_msgs_egg
[  1%] Built target traveler_msgs__rosidl_generator_type_description
[  2%] [34m[1mGenerating C code for ROS interfaces[0m
[  4%] [34m[1mGenerating C++ code for ROS interfaces[0m
[  4%] Built target traveler_msgs__cpp
[  5%] [32mBuilding C object CMakeFiles/traveler_msgs__rosidl_generator_c.dir/rosidl_generator_c/traveler_msgs/msg/detail/traveler_config__description.c.o[0m
[  8%] [32mBuilding C object CMakeFiles/traveler_msgs__rosidl_generator_c.dir/rosidl_generator_c/traveler_msgs/msg/detail/traveler_config__type_support.c.o[0m
[  8%] [32mBuilding C object CMakeFiles/traveler_msgs__rosidl_generator_c.dir/rosidl_generator_c/traveler_msgs/msg/detail/traveler_mode__description.c.o[0m
[  9%] [32mBuilding C object CMakeFiles/traveler_msgs__rosidl_generator_c.dir/rosidl_generator_c/traveler_msgs/msg/detail/traveler_config__functions.c.o[0m
[ 10%] [32mBuilding C object CMakeFiles/traveler_msgs__rosidl_generator_c.dir/rosidl_generator_c/traveler_msgs/msg/detail/traveler_mode__functions.c.o[0m
[ 14%] [32mBuilding C object CMakeFiles/traveler_msgs__rosidl_generator_c.dir/rosidl_generator_c/traveler_msgs/msg/detail/traveler_status__functions.c.o[0m
[ 14%] [32mBuilding C object CMakeFiles/traveler_msgs__rosidl_generator_c.dir/rosidl_generator_c/traveler_msgs/msg/detail/traveler_mode__type_support.c.o[0m
[ 14%] [32mBuilding C object CMakeFiles/traveler_msgs__rosidl_generator_c.dir/rosidl_generator_c/traveler_msgs/msg/detail/traveler_status__description.c.o[0m
[ 16%] [32mBuilding C object CMakeFiles/traveler_msgs__rosidl_generator_c.dir/rosidl_generator_c/traveler_msgs/msg/detail/traveler_status__type_support.c.o[0m
[ 17%] [32mBuilding C object CMakeFiles/traveler_msgs__rosidl_generator_c.dir/rosidl_generator_c/traveler_msgs/msg/detail/odrive_status__description.c.o[0m
[ 18%] [32mBuilding C object CMakeFiles/traveler_msgs__rosidl_generator_c.dir/rosidl_generator_c/traveler_msgs/msg/detail/set_input_position__description.c.o[0m
[ 20%] [32mBuilding C object CMakeFiles/traveler_msgs__rosidl_generator_c.dir/rosidl_generator_c/traveler_msgs/msg/detail/odrive_status__functions.c.o[0m
[ 21%] [32mBuilding C object CMakeFiles/traveler_msgs__rosidl_generator_c.dir/rosidl_generator_c/traveler_msgs/msg/detail/set_input_position__functions.c.o[0m
[ 22%] [32mBuilding C object CMakeFiles/traveler_msgs__rosidl_generator_c.dir/rosidl_generator_c/traveler_msgs/msg/detail/set_input_position__type_support.c.o[0m
[ 24%] [32mBuilding C object CMakeFiles/traveler_msgs__rosidl_generator_c.dir/rosidl_generator_c/traveler_msgs/msg/detail/odrive_status__type_support.c.o[0m
[ 25%] [32m[1mLinking C shared library libtraveler_msgs__rosidl_generator_c.so[0m
[ 25%] Built target traveler_msgs__rosidl_generator_c
[ 28%] [34m[1mGenerating C++ type support dispatch for ROS interfaces[0m
[ 28%] [34m[1mGenerating C type support for eProsima Fast-RTPS[0m
[ 31%] [34m[1mGenerating C introspection for ROS interfaces[0m
[ 31%] [34m[1mGenerating C type support dispatch for ROS interfaces[0m
[ 33%] [34m[1mGenerating C++ introspection for ROS interfaces[0m
[ 33%] [34m[1mGenerating C++ type support for eProsima Fast-RTPS[0m
[ 39%] [32mBuilding CXX object CMakeFiles/traveler_msgs__rosidl_typesupport_c.dir/rosidl_typesupport_c/traveler_msgs/msg/traveler_mode__type_support.cpp.o[0m
[ 39%] [32mBuilding CXX object CMakeFiles/traveler_msgs__rosidl_typesupport_cpp.dir/rosidl_typesupport_cpp/traveler_msgs/msg/traveler_config__type_support.cpp.o[0m
[ 39%] [32mBuilding CXX object CMakeFiles/traveler_msgs__rosidl_typesupport_c.dir/rosidl_typesupport_c/traveler_msgs/msg/traveler_config__type_support.cpp.o[0m
[ 39%] [32mBuilding CXX object CMakeFiles/traveler_msgs__rosidl_typesupport_cpp.dir/rosidl_typesupport_cpp/traveler_msgs/msg/odrive_status__type_support.cpp.o[0m
[ 40%] [32mBuilding CXX object CMakeFiles/traveler_msgs__rosidl_typesupport_cpp.dir/rosidl_typesupport_cpp/traveler_msgs/msg/traveler_status__type_support.cpp.o[0m
[ 41%] [32mBuilding CXX object CMakeFiles/traveler_msgs__rosidl_typesupport_c.dir/rosidl_typesupport_c/traveler_msgs/msg/set_input_position__type_support.cpp.o[0m
[ 45%] [32mBuilding CXX object CMakeFiles/traveler_msgs__rosidl_typesupport_cpp.dir/rosidl_typesupport_cpp/traveler_msgs/msg/traveler_mode__type_support.cpp.o[0m
[ 45%] [32mBuilding CXX object CMakeFiles/traveler_msgs__rosidl_typesupport_cpp.dir/rosidl_typesupport_cpp/traveler_msgs/msg/set_input_position__type_support.cpp.o[0m
[ 45%] [32mBuilding CXX object CMakeFiles/traveler_msgs__rosidl_typesupport_c.dir/rosidl_typesupport_c/traveler_msgs/msg/odrive_status__type_support.cpp.o[0m
[ 47%] [32mBuilding CXX object CMakeFiles/traveler_msgs__rosidl_typesupport_c.dir/rosidl_typesupport_c/traveler_msgs/msg/traveler_status__type_support.cpp.o[0m
[ 48%] [32mBuilding CXX object CMakeFiles/traveler_msgs__rosidl_typesupport_introspection_cpp.dir/rosidl_typesupport_introspection_cpp/traveler_msgs/msg/detail/traveler_config__type_support.cpp.o[0m
[ 50%] [32mBuilding CXX object CMakeFiles/traveler_msgs__rosidl_typesupport_introspection_cpp.dir/rosidl_typesupport_introspection_cpp/traveler_msgs/msg/detail/odrive_status__type_support.cpp.o[0m
[ 54%] [32mBuilding CXX object CMakeFiles/traveler_msgs__rosidl_typesupport_introspection_cpp.dir/rosidl_typesupport_introspection_cpp/traveler_msgs/msg/detail/traveler_mode__type_support.cpp.o[0m
[ 54%] [32mBuilding CXX object CMakeFiles/traveler_msgs__rosidl_typesupport_introspection_cpp.dir/rosidl_typesupport_introspection_cpp/traveler_msgs/msg/detail/set_input_position__type_support.cpp.o[0m
[ 54%] [32mBuilding CXX object CMakeFiles/traveler_msgs__rosidl_typesupport_introspection_cpp.dir/rosidl_typesupport_introspection_cpp/traveler_msgs/msg/detail/traveler_status__type_support.cpp.o[0m
[ 55%] [32m[1mLinking CXX shared library libtraveler_msgs__rosidl_typesupport_c.so[0m
[ 59%] [32mBuilding C object CMakeFiles/traveler_msgs__rosidl_typesupport_introspection_c.dir/rosidl_typesupport_introspection_c/traveler_msgs/msg/detail/traveler_mode__type_support.c.o[0m
[ 59%] [32mBuilding C object CMakeFiles/traveler_msgs__rosidl_typesupport_introspection_c.dir/rosidl_typesupport_introspection_c/traveler_msgs/msg/detail/odrive_status__type_support.c.o[0m
[ 59%] [32mBuilding C object CMakeFiles/traveler_msgs__rosidl_typesupport_introspection_c.dir/rosidl_typesupport_introspection_c/traveler_msgs/msg/detail/set_input_position__type_support.c.o[0m
[ 60%] [32mBuilding C object CMakeFiles/traveler_msgs__rosidl_typesupport_introspection_c.dir/rosidl_typesupport_introspection_c/traveler_msgs/msg/detail/traveler_status__type_support.c.o[0m
[ 62%] [32mBuilding C object CMakeFiles/traveler_msgs__rosidl_typesupport_introspection_c.dir/rosidl_typesupport_introspection_c/traveler_msgs/msg/detail/traveler_config__type_support.c.o[0m
[ 62%] Built target traveler_msgs__rosidl_typesupport_c
[ 64%] [32mBuilding CXX object CMakeFiles/traveler_msgs__rosidl_typesupport_fastrtps_cpp.dir/rosidl_typesupport_fastrtps_cpp/traveler_msgs/msg/detail/dds_fastrtps/traveler_config__type_support.cpp.o[0m
[ 66%] [32mBuilding CXX object CMakeFiles/traveler_msgs__rosidl_typesupport_fastrtps_cpp.dir/rosidl_typesupport_fastrtps_cpp/traveler_msgs/msg/detail/dds_fastrtps/traveler_status__type_support.cpp.o[0m
[ 66%] [32mBuilding CXX object CMakeFiles/traveler_msgs__rosidl_typesupport_fastrtps_cpp.dir/rosidl_typesupport_fastrtps_cpp/traveler_msgs/msg/detail/dds_fastrtps/traveler_mode__type_support.cpp.o[0m
[ 67%] [32m[1mLinking C shared library libtraveler_msgs__rosidl_typesupport_introspection_c.so[0m
[ 70%] [32mBuilding CXX object CMakeFiles/traveler_msgs__rosidl_typesupport_fastrtps_cpp.dir/rosidl_typesupport_fastrtps_cpp/traveler_msgs/msg/detail/dds_fastrtps/odrive_status__type_support.cpp.o[0m
[ 70%] [32mBuilding CXX object CMakeFiles/traveler_msgs__rosidl_typesupport_fastrtps_cpp.dir/rosidl_typesupport_fastrtps_cpp/traveler_msgs/msg/detail/dds_fastrtps/set_input_position__type_support.cpp.o[0m
[ 70%] Built target traveler_msgs__rosidl_typesupport_introspection_c
[ 72%] [32mBuilding CXX object CMakeFiles/traveler_msgs__rosidl_typesupport_fastrtps_c.dir/rosidl_typesupport_fastrtps_c/traveler_msgs/msg/detail/traveler_config__type_support_c.cpp.o[0m
[ 72%] [32mBuilding CXX object CMakeFiles/traveler_msgs__rosidl_typesupport_fastrtps_c.dir/rosidl_typesupport_fastrtps_c/traveler_msgs/msg/detail/traveler_mode__type_support_c.cpp.o[0m
[ 77%] [32mBuilding CXX object CMakeFiles/traveler_msgs__rosidl_typesupport_fastrtps_c.dir/rosidl_typesupport_fastrtps_c/traveler_msgs/msg/detail/odrive_status__type_support_c.cpp.o[0m
[ 77%] [32mBuilding CXX object CMakeFiles/traveler_msgs__rosidl_typesupport_fastrtps_c.dir/rosidl_typesupport_fastrtps_c/traveler_msgs/msg/detail/set_input_position__type_support_c.cpp.o[0m
[ 77%] [32mBuilding CXX object CMakeFiles/traveler_msgs__rosidl_typesupport_fastrtps_c.dir/rosidl_typesupport_fastrtps_c/traveler_msgs/msg/detail/traveler_status__type_support_c.cpp.o[0m
[ 78%] [32m[1mLinking CXX shared library libtraveler_msgs__rosidl_typesupport_cpp.so[0m
[ 78%] Built target traveler_msgs__rosidl_typesupport_cpp
[ 79%] [32m[1mLinking CXX shared library libtraveler_msgs__rosidl_typesupport_introspection_cpp.so[0m
[ 79%] Built target traveler_msgs__rosidl_typesupport_introspection_cpp
[ 81%] [32m[1mLinking CXX shared library libtraveler_msgs__rosidl_typesupport_fastrtps_cpp.so[0m
[ 82%] [32m[1mLinking CXX shared library libtraveler_msgs__rosidl_typesupport_fastrtps_c.so[0m
[ 82%] Built target traveler_msgs__rosidl_typesupport_fastrtps_cpp
[ 82%] Built target traveler_msgs__rosidl_typesupport_fastrtps_c
[ 82%] Built target traveler_msgs
[ 83%] [34m[1mGenerating Python code for ROS interfaces[0m
[ 83%] Built target traveler_msgs__py
[ 86%] [32mBuilding C object CMakeFiles/traveler_msgs__rosidl_generator_py.dir/rosidl_generator_py/traveler_msgs/msg/_traveler_config_s.c.o[0m
[ 86%] [32mBuilding C object CMakeFiles/traveler_msgs__rosidl_generator_py.dir/rosidl_generator_py/traveler_msgs/msg/_traveler_mode_s.c.o[0m
[ 90%] [32mBuilding C object CMakeFiles/traveler_msgs__rosidl_generator_py.dir/rosidl_generator_py/traveler_msgs/msg/_odrive_status_s.c.o[0m
[ 90%] [32mBuilding C object CMakeFiles/traveler_msgs__rosidl_generator_py.dir/rosidl_generator_py/traveler_msgs/msg/_traveler_status_s.c.o[0m
[ 90%] [32mBuilding C object CMakeFiles/traveler_msgs__rosidl_generator_py.dir/rosidl_generator_py/traveler_msgs/msg/_set_input_position_s.c.o[0m
[ 91%] [32m[1mLinking C shared library libtraveler_msgs__rosidl_generator_py.so[0m
[ 91%] Built target traveler_msgs__rosidl_generator_py
[ 93%] [32mBuilding C object CMakeFiles/traveler_msgs_s__rosidl_typesupport_c.dir/rosidl_generator_py/traveler_msgs/_traveler_msgs_s.ep.rosidl_typesupport_c.c.o[0m
[ 94%] [32mBuilding C object CMakeFiles/traveler_msgs_s__rosidl_typesupport_introspection_c.dir/rosidl_generator_py/traveler_msgs/_traveler_msgs_s.ep.rosidl_typesupport_introspection_c.c.o[0m
[ 95%] [32mBuilding C object CMakeFiles/traveler_msgs_s__rosidl_typesupport_fastrtps_c.dir/rosidl_generator_py/traveler_msgs/_traveler_msgs_s.ep.rosidl_typesupport_fastrtps_c.c.o[0m
[ 98%] [32m[1mLinking C shared module rosidl_generator_py/traveler_msgs/traveler_msgs_s__rosidl_typesupport_c.so[0m
[ 98%] [32m[1mLinking C shared module rosidl_generator_py/traveler_msgs/traveler_msgs_s__rosidl_typesupport_introspection_c.so[0m
[100%] [32m[1mLinking C shared module rosidl_generator_py/traveler_msgs/traveler_msgs_s__rosidl_typesupport_fastrtps_c.so[0m
[100%] Built target traveler_msgs_s__rosidl_typesupport_introspection_c
[100%] Built target traveler_msgs_s__rosidl_typesupport_c
[100%] Built target traveler_msgs_s__rosidl_typesupport_fastrtps_c
-- Install configuration: ""
-- Installing: /home/yifeng/Dropbox/USC/Research/Project/lassie-traveler/dependencies/install/traveler_msgs/share/ament_index/resource_index/rosidl_interfaces/traveler_msgs
-- Installing: /home/yifeng/Dropbox/USC/Research/Project/lassie-traveler/dependencies/install/traveler_msgs/share/traveler_msgs/msg/TravelerConfig.json
-- Installing: /home/yifeng/Dropbox/USC/Research/Project/lassie-traveler/dependencies/install/traveler_msgs/share/traveler_msgs/msg/TravelerMode.json
-- Installing: /home/yifeng/Dropbox/USC/Research/Project/lassie-traveler/dependencies/install/traveler_msgs/share/traveler_msgs/msg/TravelerStatus.json
-- Installing: /home/yifeng/Dropbox/USC/Research/Project/lassie-traveler/dependencies/install/traveler_msgs/share/traveler_msgs/msg/OdriveStatus.json
-- Installing: /home/yifeng/Dropbox/USC/Research/Project/lassie-traveler/dependencies/install/traveler_msgs/share/traveler_msgs/msg/SetInputPosition.json
-- Installing: /home/yifeng/Dropbox/USC/Research/Project/lassie-traveler/dependencies/install/traveler_msgs/include/traveler_msgs/traveler_msgs
-- Installing: /home/yifeng/Dropbox/USC/Research/Project/lassie-traveler/dependencies/install/traveler_msgs/include/traveler_msgs/traveler_msgs/msg
-- Installing: /home/yifeng/Dropbox/USC/Research/Project/lassie-traveler/dependencies/install/traveler_msgs/include/traveler_msgs/traveler_msgs/msg/rosidl_generator_c__visibility_control.h
-- Installing: /home/yifeng/Dropbox/USC/Research/Project/lassie-traveler/dependencies/install/traveler_msgs/include/traveler_msgs/traveler_msgs/msg/odrive_status.h
-- Installing: /home/yifeng/Dropbox/USC/Research/Project/lassie-traveler/dependencies/install/traveler_msgs/include/traveler_msgs/traveler_msgs/msg/traveler_mode.h
-- Installing: /home/yifeng/Dropbox/USC/Research/Project/lassie-traveler/dependencies/install/traveler_msgs/include/traveler_msgs/traveler_msgs/msg/detail
-- Installing: /home/yifeng/Dropbox/USC/Research/Project/lassie-traveler/dependencies/install/traveler_msgs/include/traveler_msgs/traveler_msgs/msg/detail/traveler_mode__description.c
-- Installing: /home/yifeng/Dropbox/USC/Research/Project/lassie-traveler/dependencies/install/traveler_msgs/include/traveler_msgs/traveler_msgs/msg/detail/set_input_position__functions.h
-- Installing: /home/yifeng/Dropbox/USC/Research/Project/lassie-traveler/dependencies/install/traveler_msgs/include/traveler_msgs/traveler_msgs/msg/detail/traveler_config__description.c
-- Installing: /home/yifeng/Dropbox/USC/Research/Project/lassie-traveler/dependencies/install/traveler_msgs/include/traveler_msgs/traveler_msgs/msg/detail/set_input_position__type_support.c
-- Installing: /home/yifeng/Dropbox/USC/Research/Project/lassie-traveler/dependencies/install/traveler_msgs/include/traveler_msgs/traveler_msgs/msg/detail/traveler_config__functions.h
-- Installing: /home/yifeng/Dropbox/USC/Research/Project/lassie-traveler/dependencies/install/traveler_msgs/include/traveler_msgs/traveler_msgs/msg/detail/traveler_config__type_support.c
-- Installing: /home/yifeng/Dropbox/USC/Research/Project/lassie-traveler/dependencies/install/traveler_msgs/include/traveler_msgs/traveler_msgs/msg/detail/odrive_status__type_support.h
-- Installing: /home/yifeng/Dropbox/USC/Research/Project/lassie-traveler/dependencies/install/traveler_msgs/include/traveler_msgs/traveler_msgs/msg/detail/set_input_position__struct.h
-- Installing: /home/yifeng/Dropbox/USC/Research/Project/lassie-traveler/dependencies/install/traveler_msgs/include/traveler_msgs/traveler_msgs/msg/detail/traveler_config__struct.h
-- Installing: /home/yifeng/Dropbox/USC/Research/Project/lassie-traveler/dependencies/install/traveler_msgs/include/traveler_msgs/traveler_msgs/msg/detail/traveler_status__type_support.c
-- Installing: /home/yifeng/Dropbox/USC/Research/Project/lassie-traveler/dependencies/install/traveler_msgs/include/traveler_msgs/traveler_msgs/msg/detail/odrive_status__description.c
-- Installing: /home/yifeng/Dropbox/USC/Research/Project/lassie-traveler/dependencies/install/traveler_msgs/include/traveler_msgs/traveler_msgs/msg/detail/odrive_status__functions.c
-- Installing: /home/yifeng/Dropbox/USC/Research/Project/lassie-traveler/dependencies/install/traveler_msgs/include/traveler_msgs/traveler_msgs/msg/detail/traveler_mode__type_support.h
-- Installing: /home/yifeng/Dropbox/USC/Research/Project/lassie-traveler/dependencies/install/traveler_msgs/include/traveler_msgs/traveler_msgs/msg/detail/traveler_config__type_support.h
-- Installing: /home/yifeng/Dropbox/USC/Research/Project/lassie-traveler/dependencies/install/traveler_msgs/include/traveler_msgs/traveler_msgs/msg/detail/traveler_mode__functions.c
-- Installing: /home/yifeng/Dropbox/USC/Research/Project/lassie-traveler/dependencies/install/traveler_msgs/include/traveler_msgs/traveler_msgs/msg/detail/set_input_position__description.c
-- Installing: /home/yifeng/Dropbox/USC/Research/Project/lassie-traveler/dependencies/install/traveler_msgs/include/traveler_msgs/traveler_msgs/msg/detail/traveler_status__description.c
-- Installing: /home/yifeng/Dropbox/USC/Research/Project/lassie-traveler/dependencies/install/traveler_msgs/include/traveler_msgs/traveler_msgs/msg/detail/odrive_status__functions.h
-- Installing: /home/yifeng/Dropbox/USC/Research/Project/lassie-traveler/dependencies/install/traveler_msgs/include/traveler_msgs/traveler_msgs/msg/detail/set_input_position__type_support.h
-- Installing: /home/yifeng/Dropbox/USC/Research/Project/lassie-traveler/dependencies/install/traveler_msgs/include/traveler_msgs/traveler_msgs/msg/detail/traveler_status__struct.h
-- Installing: /home/yifeng/Dropbox/USC/Research/Project/lassie-traveler/dependencies/install/traveler_msgs/include/traveler_msgs/traveler_msgs/msg/detail/traveler_mode__functions.h
-- Installing: /home/yifeng/Dropbox/USC/Research/Project/lassie-traveler/dependencies/install/traveler_msgs/include/traveler_msgs/traveler_msgs/msg/detail/set_input_position__functions.c
-- Installing: /home/yifeng/Dropbox/USC/Research/Project/lassie-traveler/dependencies/install/traveler_msgs/include/traveler_msgs/traveler_msgs/msg/detail/traveler_status__functions.c
-- Installing: /home/yifeng/Dropbox/USC/Research/Project/lassie-traveler/dependencies/install/traveler_msgs/include/traveler_msgs/traveler_msgs/msg/detail/odrive_status__type_support.c
-- Installing: /home/yifeng/Dropbox/USC/Research/Project/lassie-traveler/dependencies/install/traveler_msgs/include/traveler_msgs/traveler_msgs/msg/detail/traveler_config__functions.c
-- Installing: /home/yifeng/Dropbox/USC/Research/Project/lassie-traveler/dependencies/install/traveler_msgs/include/traveler_msgs/traveler_msgs/msg/detail/odrive_status__struct.h
-- Installing: /home/yifeng/Dropbox/USC/Research/Project/lassie-traveler/dependencies/install/traveler_msgs/include/traveler_msgs/traveler_msgs/msg/detail/traveler_mode__type_support.c
-- Installing: /home/yifeng/Dropbox/USC/Research/Project/lassie-traveler/dependencies/install/traveler_msgs/include/traveler_msgs/traveler_msgs/msg/detail/traveler_mode__struct.h
-- Installing: /home/yifeng/Dropbox/USC/Research/Project/lassie-traveler/dependencies/install/traveler_msgs/include/traveler_msgs/traveler_msgs/msg/detail/traveler_status__type_support.h
-- Installing: /home/yifeng/Dropbox/USC/Research/Project/lassie-traveler/dependencies/install/traveler_msgs/include/traveler_msgs/traveler_msgs/msg/detail/traveler_status__functions.h
-- Installing: /home/yifeng/Dropbox/USC/Research/Project/lassie-traveler/dependencies/install/traveler_msgs/include/traveler_msgs/traveler_msgs/msg/set_input_position.h
-- Installing: /home/yifeng/Dropbox/USC/Research/Project/lassie-traveler/dependencies/install/traveler_msgs/include/traveler_msgs/traveler_msgs/msg/traveler_status.h
-- Installing: /home/yifeng/Dropbox/USC/Research/Project/lassie-traveler/dependencies/install/traveler_msgs/include/traveler_msgs/traveler_msgs/msg/traveler_config.h
-- Installing: /home/yifeng/Dropbox/USC/Research/Project/lassie-traveler/dependencies/install/traveler_msgs/share/traveler_msgs/environment/library_path.sh
-- Installing: /home/yifeng/Dropbox/USC/Research/Project/lassie-traveler/dependencies/install/traveler_msgs/share/traveler_msgs/environment/library_path.dsv
-- Installing: /home/yifeng/Dropbox/USC/Research/Project/lassie-traveler/dependencies/install/traveler_msgs/lib/libtraveler_msgs__rosidl_generator_c.so
-- Set non-toolchain portion of runtime path of "/home/yifeng/Dropbox/USC/Research/Project/lassie-traveler/dependencies/install/traveler_msgs/lib/libtraveler_msgs__rosidl_generator_c.so" to ""
-- Up-to-date: /home/yifeng/Dropbox/USC/Research/Project/lassie-traveler/dependencies/install/traveler_msgs/include/traveler_msgs/traveler_msgs
-- Up-to-date: /home/yifeng/Dropbox/USC/Research/Project/lassie-traveler/dependencies/install/traveler_msgs/include/traveler_msgs/traveler_msgs/msg
-- Up-to-date: /home/yifeng/Dropbox/USC/Research/Project/lassie-traveler/dependencies/install/traveler_msgs/include/traveler_msgs/traveler_msgs/msg/detail
-- Installing: /home/yifeng/Dropbox/USC/Research/Project/lassie-traveler/dependencies/install/traveler_msgs/include/traveler_msgs/traveler_msgs/msg/detail/traveler_status__rosidl_typesupport_fastrtps_c.h
-- Installing: /home/yifeng/Dropbox/USC/Research/Project/lassie-traveler/dependencies/install/traveler_msgs/include/traveler_msgs/traveler_msgs/msg/detail/traveler_config__rosidl_typesupport_fastrtps_c.h
-- Installing: /home/yifeng/Dropbox/USC/Research/Project/lassie-traveler/dependencies/install/traveler_msgs/include/traveler_msgs/traveler_msgs/msg/detail/traveler_mode__rosidl_typesupport_fastrtps_c.h
-- Installing: /home/yifeng/Dropbox/USC/Research/Project/lassie-traveler/dependencies/install/traveler_msgs/include/traveler_msgs/traveler_msgs/msg/detail/set_input_position__rosidl_typesupport_fastrtps_c.h
-- Installing: /home/yifeng/Dropbox/USC/Research/Project/lassie-traveler/dependencies/install/traveler_msgs/include/traveler_msgs/traveler_msgs/msg/detail/odrive_status__rosidl_typesupport_fastrtps_c.h
-- Installing: /home/yifeng/Dropbox/USC/Research/Project/lassie-traveler/dependencies/install/traveler_msgs/include/traveler_msgs/traveler_msgs/msg/rosidl_typesupport_fastrtps_c__visibility_control.h
-- Installing: /home/yifeng/Dropbox/USC/Research/Project/lassie-traveler/dependencies/install/traveler_msgs/lib/libtraveler_msgs__rosidl_typesupport_fastrtps_c.so
-- Set non-toolchain portion of runtime path of "/home/yifeng/Dropbox/USC/Research/Project/lassie-traveler/dependencies/install/traveler_msgs/lib/libtraveler_msgs__rosidl_typesupport_fastrtps_c.so" to ""
-- Up-to-date: /home/yifeng/Dropbox/USC/Research/Project/lassie-traveler/dependencies/install/traveler_msgs/include/traveler_msgs/traveler_msgs
-- Up-to-date: /home/yifeng/Dropbox/USC/Research/Project/lassie-traveler/dependencies/install/traveler_msgs/include/traveler_msgs/traveler_msgs/msg
-- Installing: /home/yifeng/Dropbox/USC/Research/Project/lassie-traveler/dependencies/install/traveler_msgs/include/traveler_msgs/traveler_msgs/msg/set_input_position.hpp
-- Up-to-date: /home/yifeng/Dropbox/USC/Research/Project/lassie-traveler/dependencies/install/traveler_msgs/include/traveler_msgs/traveler_msgs/msg/detail
-- Installing: /home/yifeng/Dropbox/USC/Research/Project/lassie-traveler/dependencies/install/traveler_msgs/include/traveler_msgs/traveler_msgs/msg/detail/set_input_position__traits.hpp
-- Installing: /home/yifeng/Dropbox/USC/Research/Project/lassie-traveler/dependencies/install/traveler_msgs/include/traveler_msgs/traveler_msgs/msg/detail/odrive_status__type_support.hpp
-- Installing: /home/yifeng/Dropbox/USC/Research/Project/lassie-traveler/dependencies/install/traveler_msgs/include/traveler_msgs/traveler_msgs/msg/detail/traveler_status__type_support.hpp
-- Installing: /home/yifeng/Dropbox/USC/Research/Project/lassie-traveler/dependencies/install/traveler_msgs/include/traveler_msgs/traveler_msgs/msg/detail/set_input_position__struct.hpp
-- Installing: /home/yifeng/Dropbox/USC/Research/Project/lassie-traveler/dependencies/install/traveler_msgs/include/traveler_msgs/traveler_msgs/msg/detail/set_input_position__builder.hpp
-- Installing: /home/yifeng/Dropbox/USC/Research/Project/lassie-traveler/dependencies/install/traveler_msgs/include/traveler_msgs/traveler_msgs/msg/detail/traveler_config__traits.hpp
-- Installing: /home/yifeng/Dropbox/USC/Research/Project/lassie-traveler/dependencies/install/traveler_msgs/include/traveler_msgs/traveler_msgs/msg/detail/odrive_status__struct.hpp
-- Installing: /home/yifeng/Dropbox/USC/Research/Project/lassie-traveler/dependencies/install/traveler_msgs/include/traveler_msgs/traveler_msgs/msg/detail/odrive_status__traits.hpp
-- Installing: /home/yifeng/Dropbox/USC/Research/Project/lassie-traveler/dependencies/install/traveler_msgs/include/traveler_msgs/traveler_msgs/msg/detail/traveler_mode__traits.hpp
-- Installing: /home/yifeng/Dropbox/USC/Research/Project/lassie-traveler/dependencies/install/traveler_msgs/include/traveler_msgs/traveler_msgs/msg/detail/traveler_config__type_support.hpp
-- Installing: /home/yifeng/Dropbox/USC/Research/Project/lassie-traveler/dependencies/install/traveler_msgs/include/traveler_msgs/traveler_msgs/msg/detail/traveler_status__struct.hpp
-- Installing: /home/yifeng/Dropbox/USC/Research/Project/lassie-traveler/dependencies/install/traveler_msgs/include/traveler_msgs/traveler_msgs/msg/detail/traveler_config__builder.hpp
-- Installing: /home/yifeng/Dropbox/USC/Research/Project/lassie-traveler/dependencies/install/traveler_msgs/include/traveler_msgs/traveler_msgs/msg/detail/set_input_position__type_support.hpp
-- Installing: /home/yifeng/Dropbox/USC/Research/Project/lassie-traveler/dependencies/install/traveler_msgs/include/traveler_msgs/traveler_msgs/msg/detail/traveler_mode__type_support.hpp
-- Installing: /home/yifeng/Dropbox/USC/Research/Project/lassie-traveler/dependencies/install/traveler_msgs/include/traveler_msgs/traveler_msgs/msg/detail/traveler_status__builder.hpp
-- Installing: /home/yifeng/Dropbox/USC/Research/Project/lassie-traveler/dependencies/install/traveler_msgs/include/traveler_msgs/traveler_msgs/msg/detail/traveler_mode__builder.hpp
-- Installing: /home/yifeng/Dropbox/USC/Research/Project/lassie-traveler/dependencies/install/traveler_msgs/include/traveler_msgs/traveler_msgs/msg/detail/traveler_mode__struct.hpp
-- Installing: /home/yifeng/Dropbox/USC/Research/Project/lassie-traveler/dependencies/install/traveler_msgs/include/traveler_msgs/traveler_msgs/msg/detail/odrive_status__builder.hpp
-- Installing: /home/yifeng/Dropbox/USC/Research/Project/lassie-traveler/dependencies/install/traveler_msgs/include/traveler_msgs/traveler_msgs/msg/detail/traveler_config__struct.hpp
-- Installing: /home/yifeng/Dropbox/USC/Research/Project/lassie-traveler/dependencies/install/traveler_msgs/include/traveler_msgs/traveler_msgs/msg/detail/traveler_status__traits.hpp
-- Installing: /home/yifeng/Dropbox/USC/Research/Project/lassie-traveler/dependencies/install/traveler_msgs/include/traveler_msgs/traveler_msgs/msg/rosidl_generator_cpp__visibility_control.hpp
-- Installing: /home/yifeng/Dropbox/USC/Research/Project/lassie-traveler/dependencies/install/traveler_msgs/include/traveler_msgs/traveler_msgs/msg/traveler_mode.hpp
-- Installing: /home/yifeng/Dropbox/USC/Research/Project/lassie-traveler/dependencies/install/traveler_msgs/include/traveler_msgs/traveler_msgs/msg/traveler_config.hpp
-- Installing: /home/yifeng/Dropbox/USC/Research/Project/lassie-traveler/dependencies/install/traveler_msgs/include/traveler_msgs/traveler_msgs/msg/traveler_status.hpp
-- Installing: /home/yifeng/Dropbox/USC/Research/Project/lassie-traveler/dependencies/install/traveler_msgs/include/traveler_msgs/traveler_msgs/msg/odrive_status.hpp
-- Up-to-date: /home/yifeng/Dropbox/USC/Research/Project/lassie-traveler/dependencies/install/traveler_msgs/include/traveler_msgs/traveler_msgs
-- Up-to-date: /home/yifeng/Dropbox/USC/Research/Project/lassie-traveler/dependencies/install/traveler_msgs/include/traveler_msgs/traveler_msgs/msg
-- Up-to-date: /home/yifeng/Dropbox/USC/Research/Project/lassie-traveler/dependencies/install/traveler_msgs/include/traveler_msgs/traveler_msgs/msg/detail
-- Installing: /home/yifeng/Dropbox/USC/Research/Project/lassie-traveler/dependencies/install/traveler_msgs/include/traveler_msgs/traveler_msgs/msg/detail/traveler_status__rosidl_typesupport_fastrtps_cpp.hpp
-- Installing: /home/yifeng/Dropbox/USC/Research/Project/lassie-traveler/dependencies/install/traveler_msgs/include/traveler_msgs/traveler_msgs/msg/detail/dds_fastrtps
-- Installing: /home/yifeng/Dropbox/USC/Research/Project/lassie-traveler/dependencies/install/traveler_msgs/include/traveler_msgs/traveler_msgs/msg/detail/traveler_config__rosidl_typesupport_fastrtps_cpp.hpp
-- Installing: /home/yifeng/Dropbox/USC/Research/Project/lassie-traveler/dependencies/install/traveler_msgs/include/traveler_msgs/traveler_msgs/msg/detail/odrive_status__rosidl_typesupport_fastrtps_cpp.hpp
-- Installing: /home/yifeng/Dropbox/USC/Research/Project/lassie-traveler/dependencies/install/traveler_msgs/include/traveler_msgs/traveler_msgs/msg/detail/traveler_mode__rosidl_typesupport_fastrtps_cpp.hpp
-- Installing: /home/yifeng/Dropbox/USC/Research/Project/lassie-traveler/dependencies/install/traveler_msgs/include/traveler_msgs/traveler_msgs/msg/detail/set_input_position__rosidl_typesupport_fastrtps_cpp.hpp
-- Installing: /home/yifeng/Dropbox/USC/Research/Project/lassie-traveler/dependencies/install/traveler_msgs/include/traveler_msgs/traveler_msgs/msg/rosidl_typesupport_fastrtps_cpp__visibility_control.h
-- Installing: /home/yifeng/Dropbox/USC/Research/Project/lassie-traveler/dependencies/install/traveler_msgs/lib/libtraveler_msgs__rosidl_typesupport_fastrtps_cpp.so
-- Set non-toolchain portion of runtime path of "/home/yifeng/Dropbox/USC/Research/Project/lassie-traveler/dependencies/install/traveler_msgs/lib/libtraveler_msgs__rosidl_typesupport_fastrtps_cpp.so" to ""
-- Up-to-date: /home/yifeng/Dropbox/USC/Research/Project/lassie-traveler/dependencies/install/traveler_msgs/include/traveler_msgs/traveler_msgs
-- Up-to-date: /home/yifeng/Dropbox/USC/Research/Project/lassie-traveler/dependencies/install/traveler_msgs/include/traveler_msgs/traveler_msgs/msg
-- Up-to-date: /home/yifeng/Dropbox/USC/Research/Project/lassie-traveler/dependencies/install/traveler_msgs/include/traveler_msgs/traveler_msgs/msg/detail
-- Installing: /home/yifeng/Dropbox/USC/Research/Project/lassie-traveler/dependencies/install/traveler_msgs/include/traveler_msgs/traveler_msgs/msg/detail/set_input_position__type_support.c
-- Installing: /home/yifeng/Dropbox/USC/Research/Project/lassie-traveler/dependencies/install/traveler_msgs/include/traveler_msgs/traveler_msgs/msg/detail/traveler_config__type_support.c
-- Installing: /home/yifeng/Dropbox/USC/Research/Project/lassie-traveler/dependencies/install/traveler_msgs/include/traveler_msgs/traveler_msgs/msg/detail/traveler_status__type_support.c
-- Installing: /home/yifeng/Dropbox/USC/Research/Project/lassie-traveler/dependencies/install/traveler_msgs/include/traveler_msgs/traveler_msgs/msg/detail/set_input_position__rosidl_typesupport_introspection_c.h
-- Installing: /home/yifeng/Dropbox/USC/Research/Project/lassie-traveler/dependencies/install/traveler_msgs/include/traveler_msgs/traveler_msgs/msg/detail/traveler_status__rosidl_typesupport_introspection_c.h
-- Installing: /home/yifeng/Dropbox/USC/Research/Project/lassie-traveler/dependencies/install/traveler_msgs/include/traveler_msgs/traveler_msgs/msg/detail/traveler_mode__rosidl_typesupport_introspection_c.h
-- Installing: /home/yifeng/Dropbox/USC/Research/Project/lassie-traveler/dependencies/install/traveler_msgs/include/traveler_msgs/traveler_msgs/msg/detail/odrive_status__type_support.c
-- Installing: /home/yifeng/Dropbox/USC/Research/Project/lassie-traveler/dependencies/install/traveler_msgs/include/traveler_msgs/traveler_msgs/msg/detail/traveler_config__rosidl_typesupport_introspection_c.h
-- Installing: /home/yifeng/Dropbox/USC/Research/Project/lassie-traveler/dependencies/install/traveler_msgs/include/traveler_msgs/traveler_msgs/msg/detail/traveler_mode__type_support.c
-- Installing: /home/yifeng/Dropbox/USC/Research/Project/lassie-traveler/dependencies/install/traveler_msgs/include/traveler_msgs/traveler_msgs/msg/detail/odrive_status__rosidl_typesupport_introspection_c.h
-- Installing: /home/yifeng/Dropbox/USC/Research/Project/lassie-traveler/dependencies/install/traveler_msgs/include/traveler_msgs/traveler_msgs/msg/rosidl_typesupport_introspection_c__visibility_control.h
-- Installing: /home/yifeng/Dropbox/USC/Research/Project/lassie-traveler/dependencies/install/traveler_msgs/lib/libtraveler_msgs__rosidl_typesupport_introspection_c.so
-- Set non-toolchain portion of runtime path of "/home/yifeng/Dropbox/USC/Research/Project/lassie-traveler/dependencies/install/traveler_msgs/lib/libtraveler_msgs__rosidl_typesupport_introspection_c.so" to ""
-- Installing: /home/yifeng/Dropbox/USC/Research/Project/lassie-traveler/dependencies/install/traveler_msgs/lib/libtraveler_msgs__rosidl_typesupport_c.so
-- Set non-toolchain portion of runtime path of "/home/yifeng/Dropbox/USC/Research/Project/lassie-traveler/dependencies/install/traveler_msgs/lib/libtraveler_msgs__rosidl_typesupport_c.so" to ""
-- Up-to-date: /home/yifeng/Dropbox/USC/Research/Project/lassie-traveler/dependencies/install/traveler_msgs/include/traveler_msgs/traveler_msgs
-- Up-to-date: /home/yifeng/Dropbox/USC/Research/Project/lassie-traveler/dependencies/install/traveler_msgs/include/traveler_msgs/traveler_msgs/msg
-- Up-to-date: /home/yifeng/Dropbox/USC/Research/Project/lassie-traveler/dependencies/install/traveler_msgs/include/traveler_msgs/traveler_msgs/msg/detail
-- Installing: /home/yifeng/Dropbox/USC/Research/Project/lassie-traveler/dependencies/install/traveler_msgs/include/traveler_msgs/traveler_msgs/msg/detail/odrive_status__type_support.cpp
-- Installing: /home/yifeng/Dropbox/USC/Research/Project/lassie-traveler/dependencies/install/traveler_msgs/include/traveler_msgs/traveler_msgs/msg/detail/set_input_position__rosidl_typesupport_introspection_cpp.hpp
-- Installing: /home/yifeng/Dropbox/USC/Research/Project/lassie-traveler/dependencies/install/traveler_msgs/include/traveler_msgs/traveler_msgs/msg/detail/traveler_config__rosidl_typesupport_introspection_cpp.hpp
-- Installing: /home/yifeng/Dropbox/USC/Research/Project/lassie-traveler/dependencies/install/traveler_msgs/include/traveler_msgs/traveler_msgs/msg/detail/set_input_position__type_support.cpp
-- Installing: /home/yifeng/Dropbox/USC/Research/Project/lassie-traveler/dependencies/install/traveler_msgs/include/traveler_msgs/traveler_msgs/msg/detail/traveler_mode__rosidl_typesupport_introspection_cpp.hpp
-- Installing: /home/yifeng/Dropbox/USC/Research/Project/lassie-traveler/dependencies/install/traveler_msgs/include/traveler_msgs/traveler_msgs/msg/detail/traveler_config__type_support.cpp
-- Installing: /home/yifeng/Dropbox/USC/Research/Project/lassie-traveler/dependencies/install/traveler_msgs/include/traveler_msgs/traveler_msgs/msg/detail/traveler_mode__type_support.cpp
-- Installing: /home/yifeng/Dropbox/USC/Research/Project/lassie-traveler/dependencies/install/traveler_msgs/include/traveler_msgs/traveler_msgs/msg/detail/traveler_status__rosidl_typesupport_introspection_cpp.hpp
-- Installing: /home/yifeng/Dropbox/USC/Research/Project/lassie-traveler/dependencies/install/traveler_msgs/include/traveler_msgs/traveler_msgs/msg/detail/traveler_status__type_support.cpp
-- Installing: /home/yifeng/Dropbox/USC/Research/Project/lassie-traveler/dependencies/install/traveler_msgs/include/traveler_msgs/traveler_msgs/msg/detail/odrive_status__rosidl_typesupport_introspection_cpp.hpp
-- Installing: /home/yifeng/Dropbox/USC/Research/Project/lassie-traveler/dependencies/install/traveler_msgs/lib/libtraveler_msgs__rosidl_typesupport_introspection_cpp.so
-- Set non-toolchain portion of runtime path of "/home/yifeng/Dropbox/USC/Research/Project/lassie-traveler/dependencies/install/traveler_msgs/lib/libtraveler_msgs__rosidl_typesupport_introspection_cpp.so" to ""
-- Installing: /home/yifeng/Dropbox/USC/Research/Project/lassie-traveler/dependencies/install/traveler_msgs/lib/libtraveler_msgs__rosidl_typesupport_cpp.so
-- Set non-toolchain portion of runtime path of "/home/yifeng/Dropbox/USC/Research/Project/lassie-traveler/dependencies/install/traveler_msgs/lib/libtraveler_msgs__rosidl_typesupport_cpp.so" to ""
-- Installing: /home/yifeng/Dropbox/USC/Research/Project/lassie-traveler/dependencies/install/traveler_msgs/share/traveler_msgs/environment/pythonpath.sh
-- Installing: /home/yifeng/Dropbox/USC/Research/Project/lassie-traveler/dependencies/install/traveler_msgs/share/traveler_msgs/environment/pythonpath.dsv
-- Installing: /home/yifeng/Dropbox/USC/Research/Project/lassie-traveler/dependencies/install/traveler_msgs/lib/python3.12/site-packages/traveler_msgs-0.0.0-py3.12.egg-info
-- Installing: /home/yifeng/Dropbox/USC/Research/Project/lassie-traveler/dependencies/install/traveler_msgs/lib/python3.12/site-packages/traveler_msgs-0.0.0-py3.12.egg-info/SOURCES.txt
-- Installing: /home/yifeng/Dropbox/USC/Research/Project/lassie-traveler/dependencies/install/traveler_msgs/lib/python3.12/site-packages/traveler_msgs-0.0.0-py3.12.egg-info/top_level.txt
-- Installing: /home/yifeng/Dropbox/USC/Research/Project/lassie-traveler/dependencies/install/traveler_msgs/lib/python3.12/site-packages/traveler_msgs-0.0.0-py3.12.egg-info/dependency_links.txt
-- Installing: /home/yifeng/Dropbox/USC/Research/Project/lassie-traveler/dependencies/install/traveler_msgs/lib/python3.12/site-packages/traveler_msgs-0.0.0-py3.12.egg-info/PKG-INFO
-- Installing: /home/yifeng/Dropbox/USC/Research/Project/lassie-traveler/dependencies/install/traveler_msgs/lib/python3.12/site-packages/traveler_msgs
-- Installing: /home/yifeng/Dropbox/USC/Research/Project/lassie-traveler/dependencies/install/traveler_msgs/lib/python3.12/site-packages/traveler_msgs/_traveler_msgs_s.ep.rosidl_typesupport_c.c
-- Installing: /home/yifeng/Dropbox/USC/Research/Project/lassie-traveler/dependencies/install/traveler_msgs/lib/python3.12/site-packages/traveler_msgs/_traveler_msgs_s.ep.rosidl_typesupport_fastrtps_c.c
-- Installing: /home/yifeng/Dropbox/USC/Research/Project/lassie-traveler/dependencies/install/traveler_msgs/lib/python3.12/site-packages/traveler_msgs/msg
-- Installing: /home/yifeng/Dropbox/USC/Research/Project/lassie-traveler/dependencies/install/traveler_msgs/lib/python3.12/site-packages/traveler_msgs/msg/_traveler_config_s.c
-- Installing: /home/yifeng/Dropbox/USC/Research/Project/lassie-traveler/dependencies/install/traveler_msgs/lib/python3.12/site-packages/traveler_msgs/msg/_set_input_position.py
-- Installing: /home/yifeng/Dropbox/USC/Research/Project/lassie-traveler/dependencies/install/traveler_msgs/lib/python3.12/site-packages/traveler_msgs/msg/_traveler_status_s.c
-- Installing: /home/yifeng/Dropbox/USC/Research/Project/lassie-traveler/dependencies/install/traveler_msgs/lib/python3.12/site-packages/traveler_msgs/msg/_traveler_mode_s.c
-- Installing: /home/yifeng/Dropbox/USC/Research/Project/lassie-traveler/dependencies/install/traveler_msgs/lib/python3.12/site-packages/traveler_msgs/msg/__init__.py
-- Installing: /home/yifeng/Dropbox/USC/Research/Project/lassie-traveler/dependencies/install/traveler_msgs/lib/python3.12/site-packages/traveler_msgs/msg/_odrive_status.py
-- Installing: /home/yifeng/Dropbox/USC/Research/Project/lassie-traveler/dependencies/install/traveler_msgs/lib/python3.12/site-packages/traveler_msgs/msg/_traveler_mode.py
-- Installing: /home/yifeng/Dropbox/USC/Research/Project/lassie-traveler/dependencies/install/traveler_msgs/lib/python3.12/site-packages/traveler_msgs/msg/_traveler_config.py
-- Installing: /home/yifeng/Dropbox/USC/Research/Project/lassie-traveler/dependencies/install/traveler_msgs/lib/python3.12/site-packages/traveler_msgs/msg/_set_input_position_s.c
-- Installing: /home/yifeng/Dropbox/USC/Research/Project/lassie-traveler/dependencies/install/traveler_msgs/lib/python3.12/site-packages/traveler_msgs/msg/_odrive_status_s.c
-- Installing: /home/yifeng/Dropbox/USC/Research/Project/lassie-traveler/dependencies/install/traveler_msgs/lib/python3.12/site-packages/traveler_msgs/msg/_traveler_status.py
-- Installing: /home/yifeng/Dropbox/USC/Research/Project/lassie-traveler/dependencies/install/traveler_msgs/lib/python3.12/site-packages/traveler_msgs/__init__.py
-- Installing: /home/yifeng/Dropbox/USC/Research/Project/lassie-traveler/dependencies/install/traveler_msgs/lib/python3.12/site-packages/traveler_msgs/traveler_msgs_s__rosidl_typesupport_introspection_c.so
-- Installing: /home/yifeng/Dropbox/USC/Research/Project/lassie-traveler/dependencies/install/traveler_msgs/lib/python3.12/site-packages/traveler_msgs/_traveler_msgs_s.ep.rosidl_typesupport_introspection_c.c
-- Installing: /home/yifeng/Dropbox/USC/Research/Project/lassie-traveler/dependencies/install/traveler_msgs/lib/python3.12/site-packages/traveler_msgs/traveler_msgs_s__rosidl_typesupport_c.so
-- Installing: /home/yifeng/Dropbox/USC/Research/Project/lassie-traveler/dependencies/install/traveler_msgs/lib/python3.12/site-packages/traveler_msgs/traveler_msgs_s__rosidl_typesupport_fastrtps_c.so
Listing '/home/yifeng/Dropbox/USC/Research/Project/lassie-traveler/dependencies/install/traveler_msgs/lib/python3.12/site-packages/traveler_msgs'...
Compiling '/home/yifeng/Dropbox/USC/Research/Project/lassie-traveler/dependencies/install/traveler_msgs/lib/python3.12/site-packages/traveler_msgs/__init__.py'...
Listing '/home/yifeng/Dropbox/USC/Research/Project/lassie-traveler/dependencies/install/traveler_msgs/lib/python3.12/site-packages/traveler_msgs/msg'...
Compiling '/home/yifeng/Dropbox/USC/Research/Project/lassie-traveler/dependencies/install/traveler_msgs/lib/python3.12/site-packages/traveler_msgs/msg/__init__.py'...
Compiling '/home/yifeng/Dropbox/USC/Research/Project/lassie-traveler/dependencies/install/traveler_msgs/lib/python3.12/site-packages/traveler_msgs/msg/_odrive_status.py'...
Compiling '/home/yifeng/Dropbox/USC/Research/Project/lassie-traveler/dependencies/install/traveler_msgs/lib/python3.12/site-packages/traveler_msgs/msg/_set_input_position.py'...
Compiling '/home/yifeng/Dropbox/USC/Research/Project/lassie-traveler/dependencies/install/traveler_msgs/lib/python3.12/site-packages/traveler_msgs/msg/_traveler_config.py'...
Compiling '/home/yifeng/Dropbox/USC/Research/Project/lassie-traveler/dependencies/install/traveler_msgs/lib/python3.12/site-packages/traveler_msgs/msg/_traveler_mode.py'...
Compiling '/home/yifeng/Dropbox/USC/Research/Project/lassie-traveler/dependencies/install/traveler_msgs/lib/python3.12/site-packages/traveler_msgs/msg/_traveler_status.py'...
-- Installing: /home/yifeng/Dropbox/USC/Research/Project/lassie-traveler/dependencies/install/traveler_msgs/lib/python3.12/site-packages/traveler_msgs/traveler_msgs_s__rosidl_typesupport_fastrtps_c.so
-- Set non-toolchain portion of runtime path of "/home/yifeng/Dropbox/USC/Research/Project/lassie-traveler/dependencies/install/traveler_msgs/lib/python3.12/site-packages/traveler_msgs/traveler_msgs_s__rosidl_typesupport_fastrtps_c.so" to ""
-- Installing: /home/yifeng/Dropbox/USC/Research/Project/lassie-traveler/dependencies/install/traveler_msgs/lib/python3.12/site-packages/traveler_msgs/traveler_msgs_s__rosidl_typesupport_introspection_c.so
-- Set non-toolchain portion of runtime path of "/home/yifeng/Dropbox/USC/Research/Project/lassie-traveler/dependencies/install/traveler_msgs/lib/python3.12/site-packages/traveler_msgs/traveler_msgs_s__rosidl_typesupport_introspection_c.so" to ""
-- Installing: /home/yifeng/Dropbox/USC/Research/Project/lassie-traveler/dependencies/install/traveler_msgs/lib/python3.12/site-packages/traveler_msgs/traveler_msgs_s__rosidl_typesupport_c.so
-- Set non-toolchain portion of runtime path of "/home/yifeng/Dropbox/USC/Research/Project/lassie-traveler/dependencies/install/traveler_msgs/lib/python3.12/site-packages/traveler_msgs/traveler_msgs_s__rosidl_typesupport_c.so" to ""
-- Installing: /home/yifeng/Dropbox/USC/Research/Project/lassie-traveler/dependencies/install/traveler_msgs/lib/libtraveler_msgs__rosidl_generator_py.so
-- Set non-toolchain portion of runtime path of "/home/yifeng/Dropbox/USC/Research/Project/lassie-traveler/dependencies/install/traveler_msgs/lib/libtraveler_msgs__rosidl_generator_py.so" to ""
-- Installing: /home/yifeng/Dropbox/USC/Research/Project/lassie-traveler/dependencies/install/traveler_msgs/share/traveler_msgs/msg/TravelerConfig.idl
-- Installing: /home/yifeng/Dropbox/USC/Research/Project/lassie-traveler/dependencies/install/traveler_msgs/share/traveler_msgs/msg/TravelerMode.idl
-- Installing: /home/yifeng/Dropbox/USC/Research/Project/lassie-traveler/dependencies/install/traveler_msgs/share/traveler_msgs/msg/TravelerStatus.idl
-- Installing: /home/yifeng/Dropbox/USC/Research/Project/lassie-traveler/dependencies/install/traveler_msgs/share/traveler_msgs/msg/OdriveStatus.idl
-- Installing: /home/yifeng/Dropbox/USC/Research/Project/lassie-traveler/dependencies/install/traveler_msgs/share/traveler_msgs/msg/SetInputPosition.idl
-- Installing: /home/yifeng/Dropbox/USC/Research/Project/lassie-traveler/dependencies/install/traveler_msgs/share/traveler_msgs/msg/TravelerConfig.msg
-- Installing: /home/yifeng/Dropbox/USC/Research/Project/lassie-traveler/dependencies/install/traveler_msgs/share/traveler_msgs/msg/TravelerMode.msg
-- Installing: /home/yifeng/Dropbox/USC/Research/Project/lassie-traveler/dependencies/install/traveler_msgs/share/traveler_msgs/msg/TravelerStatus.msg
-- Installing: /home/yifeng/Dropbox/USC/Research/Project/lassie-traveler/dependencies/install/traveler_msgs/share/traveler_msgs/odrivemsg/OdriveStatus.msg
-- Installing: /home/yifeng/Dropbox/USC/Research/Project/lassie-traveler/dependencies/install/traveler_msgs/share/traveler_msgs/odrivemsg/SetInputPosition.msg
-- Installing: /home/yifeng/Dropbox/USC/Research/Project/lassie-traveler/dependencies/install/traveler_msgs/share/ament_index/resource_index/package_run_dependencies/traveler_msgs
-- Installing: /home/yifeng/Dropbox/USC/Research/Project/lassie-traveler/dependencies/install/traveler_msgs/share/ament_index/resource_index/parent_prefix_path/traveler_msgs
-- Installing: /home/yifeng/Dropbox/USC/Research/Project/lassie-traveler/dependencies/install/traveler_msgs/share/traveler_msgs/environment/ament_prefix_path.sh
-- Installing: /home/yifeng/Dropbox/USC/Research/Project/lassie-traveler/dependencies/install/traveler_msgs/share/traveler_msgs/environment/ament_prefix_path.dsv
-- Installing: /home/yifeng/Dropbox/USC/Research/Project/lassie-traveler/dependencies/install/traveler_msgs/share/traveler_msgs/environment/path.sh
-- Installing: /home/yifeng/Dropbox/USC/Research/Project/lassie-traveler/dependencies/install/traveler_msgs/share/traveler_msgs/environment/path.dsv
-- Installing: /home/yifeng/Dropbox/USC/Research/Project/lassie-traveler/dependencies/install/traveler_msgs/share/traveler_msgs/local_setup.bash
-- Installing: /home/yifeng/Dropbox/USC/Research/Project/lassie-traveler/dependencies/install/traveler_msgs/share/traveler_msgs/local_setup.sh
-- Installing: /home/yifeng/Dropbox/USC/Research/Project/lassie-traveler/dependencies/install/traveler_msgs/share/traveler_msgs/local_setup.zsh
-- Installing: /home/yifeng/Dropbox/USC/Research/Project/lassie-traveler/dependencies/install/traveler_msgs/share/traveler_msgs/local_setup.dsv
-- Installing: /home/yifeng/Dropbox/USC/Research/Project/lassie-traveler/dependencies/install/traveler_msgs/share/traveler_msgs/package.dsv
-- Installing: /home/yifeng/Dropbox/USC/Research/Project/lassie-traveler/dependencies/install/traveler_msgs/share/ament_index/resource_index/packages/traveler_msgs
-- Installing: /home/yifeng/Dropbox/USC/Research/Project/lassie-traveler/dependencies/install/traveler_msgs/share/traveler_msgs/cmake/export_traveler_msgs__rosidl_generator_cExport.cmake
-- Installing: /home/yifeng/Dropbox/USC/Research/Project/lassie-traveler/dependencies/install/traveler_msgs/share/traveler_msgs/cmake/export_traveler_msgs__rosidl_generator_cExport-noconfig.cmake
-- Installing: /home/yifeng/Dropbox/USC/Research/Project/lassie-traveler/dependencies/install/traveler_msgs/share/traveler_msgs/cmake/export_traveler_msgs__rosidl_typesupport_fastrtps_cExport.cmake
-- Installing: /home/yifeng/Dropbox/USC/Research/Project/lassie-traveler/dependencies/install/traveler_msgs/share/traveler_msgs/cmake/export_traveler_msgs__rosidl_typesupport_fastrtps_cExport-noconfig.cmake
-- Installing: /home/yifeng/Dropbox/USC/Research/Project/lassie-traveler/dependencies/install/traveler_msgs/share/traveler_msgs/cmake/export_traveler_msgs__rosidl_generator_cppExport.cmake
-- Installing: /home/yifeng/Dropbox/USC/Research/Project/lassie-traveler/dependencies/install/traveler_msgs/share/traveler_msgs/cmake/export_traveler_msgs__rosidl_typesupport_fastrtps_cppExport.cmake
-- Installing: /home/yifeng/Dropbox/USC/Research/Project/lassie-traveler/dependencies/install/traveler_msgs/share/traveler_msgs/cmake/export_traveler_msgs__rosidl_typesupport_fastrtps_cppExport-noconfig.cmake
-- Installing: /home/yifeng/Dropbox/USC/Research/Project/lassie-traveler/dependencies/install/traveler_msgs/share/traveler_msgs/cmake/traveler_msgs__rosidl_typesupport_introspection_cExport.cmake
-- Installing: /home/yifeng/Dropbox/USC/Research/Project/lassie-traveler/dependencies/install/traveler_msgs/share/traveler_msgs/cmake/traveler_msgs__rosidl_typesupport_introspection_cExport-noconfig.cmake
-- Installing: /home/yifeng/Dropbox/USC/Research/Project/lassie-traveler/dependencies/install/traveler_msgs/share/traveler_msgs/cmake/traveler_msgs__rosidl_typesupport_cExport.cmake
-- Installing: /home/yifeng/Dropbox/USC/Research/Project/lassie-traveler/dependencies/install/traveler_msgs/share/traveler_msgs/cmake/traveler_msgs__rosidl_typesupport_cExport-noconfig.cmake
-- Installing: /home/yifeng/Dropbox/USC/Research/Project/lassie-traveler/dependencies/install/traveler_msgs/share/traveler_msgs/cmake/traveler_msgs__rosidl_typesupport_introspection_cppExport.cmake
-- Installing: /home/yifeng/Dropbox/USC/Research/Project/lassie-traveler/dependencies/install/traveler_msgs/share/traveler_msgs/cmake/traveler_msgs__rosidl_typesupport_introspection_cppExport-noconfig.cmake
-- Installing: /home/yifeng/Dropbox/USC/Research/Project/lassie-traveler/dependencies/install/traveler_msgs/share/traveler_msgs/cmake/traveler_msgs__rosidl_typesupport_cppExport.cmake
-- Installing: /home/yifeng/Dropbox/USC/Research/Project/lassie-traveler/dependencies/install/traveler_msgs/share/traveler_msgs/cmake/traveler_msgs__rosidl_typesupport_cppExport-noconfig.cmake
-- Installing: /home/yifeng/Dropbox/USC/Research/Project/lassie-traveler/dependencies/install/traveler_msgs/share/traveler_msgs/cmake/export_traveler_msgs__rosidl_generator_pyExport.cmake
-- Installing: /home/yifeng/Dropbox/USC/Research/Project/lassie-traveler/dependencies/install/traveler_msgs/share/traveler_msgs/cmake/export_traveler_msgs__rosidl_generator_pyExport-noconfig.cmake
-- Installing: /home/yifeng/Dropbox/USC/Research/Project/lassie-traveler/dependencies/install/traveler_msgs/share/traveler_msgs/cmake/rosidl_cmake-extras.cmake
-- Installing: /home/yifeng/Dropbox/USC/Research/Project/lassie-traveler/dependencies/install/traveler_msgs/share/traveler_msgs/cmake/ament_cmake_export_include_directories-extras.cmake
-- Installing: /home/yifeng/Dropbox/USC/Research/Project/lassie-traveler/dependencies/install/traveler_msgs/share/traveler_msgs/cmake/ament_cmake_export_libraries-extras.cmake
-- Installing: /home/yifeng/Dropbox/USC/Research/Project/lassie-traveler/dependencies/install/traveler_msgs/share/traveler_msgs/cmake/ament_cmake_export_targets-extras.cmake
-- Installing: /home/yifeng/Dropbox/USC/Research/Project/lassie-traveler/dependencies/install/traveler_msgs/share/traveler_msgs/cmake/rosidl_cmake_export_typesupport_targets-extras.cmake
-- Installing: /home/yifeng/Dropbox/USC/Research/Project/lassie-traveler/dependencies/install/traveler_msgs/share/traveler_msgs/cmake/ament_cmake_export_dependencies-extras.cmake
-- Installing: /home/yifeng/Dropbox/USC/Research/Project/lassie-traveler/dependencies/install/traveler_msgs/share/traveler_msgs/cmake/rosidl_cmake_export_typesupport_libraries-extras.cmake
-- Installing: /home/yifeng/Dropbox/USC/Research/Project/lassie-traveler/dependencies/install/traveler_msgs/share/traveler_msgs/cmake/traveler_msgsConfig.cmake
-- Installing: /home/yifeng/Dropbox/USC/Research/Project/lassie-traveler/dependencies/install/traveler_msgs/share/traveler_msgs/cmake/traveler_msgsConfig-version.cmake
-- Installing: /home/yifeng/Dropbox/USC/Research/Project/lassie-traveler/dependencies/install/traveler_msgs/share/traveler_msgs/package.xml
