[0.006s] Invoking command in '/home/yifeng/Dropbox/USC/Research/Project/lassie-traveler/dependencies/build/traveler_msgs': CMAKE_PREFIX_PATH=${CMAKE_PREFIX_PATH}:/opt/ros/jazzy DEBUGINFOD_URLS=https://debuginfod.ubuntu.com /usr/bin/cmake /home/yifeng/Dropbox/USC/Research/Project/lassie-traveler/dependencies/traveler_msgs -DCMAKE_INSTALL_PREFIX=/home/yifeng/Dropbox/USC/Research/Project/lassie-traveler/dependencies/install/traveler_msgs
[0.073s] -- The C compiler identification is GNU 13.3.0
[0.116s] -- The CXX compiler identification is GNU 13.3.0
[0.128s] -- Detecting C compiler ABI info
[0.177s] -- Detecting C compiler ABI info - done
[0.182s] -- Check for working C compiler: /usr/bin/cc - skipped
[0.183s] -- Detecting C compile features
[0.183s] -- Detecting C compile features - done
[0.188s] -- Detecting CXX compiler ABI info
[0.229s] -- Detecting CXX compiler ABI info - done
[0.234s] -- Check for working CXX compiler: /usr/bin/c++ - skipped
[0.234s] -- Detecting CXX compile features
[0.234s] -- Detecting CXX compile features - done
[0.237s] -- Found ament_cmake: 2.5.4 (/opt/ros/jazzy/share/ament_cmake/cmake)
[0.302s] -- Found Python3: /usr/bin/python3 (found version "3.12.3") found components: Interpreter 
[0.357s] -- Found rclcpp: 28.1.9 (/opt/ros/jazzy/share/rclcpp/cmake)
[0.385s] -- Found rosidl_generator_c: 4.6.5 (/opt/ros/jazzy/share/rosidl_generator_c/cmake)
[0.392s] -- Found rosidl_generator_cpp: 4.6.5 (/opt/ros/jazzy/share/rosidl_generator_cpp/cmake)
[0.404s] -- Using all available rosidl_typesupport_c: rosidl_typesupport_fastrtps_c;rosidl_typesupport_introspection_c
[0.417s] -- Using all available rosidl_typesupport_cpp: rosidl_typesupport_fastrtps_cpp;rosidl_typesupport_introspection_cpp
[0.461s] -- Found rmw_implementation_cmake: 7.3.2 (/opt/ros/jazzy/share/rmw_implementation_cmake/cmake)
[0.462s] -- Found rmw_fastrtps_cpp: 8.4.2 (/opt/ros/jazzy/share/rmw_fastrtps_cpp/cmake)
[0.500s] -- Found OpenSSL: /usr/lib/x86_64-linux-gnu/libcrypto.so (found version "3.0.13")  
[0.512s] -- Found FastRTPS: /opt/ros/jazzy/include (Required is at least version "2.13") 
[0.523s] -- Using RMW implementation 'rmw_fastrtps_cpp' as default
[0.566s] -- Found rosidl_default_generators: 1.6.0 (/opt/ros/jazzy/share/rosidl_default_generators/cmake)
[0.575s] -- Found rosidl_adapter: 4.6.5 (/opt/ros/jazzy/share/rosidl_adapter/cmake)
[0.839s] -- Found ament_cmake_ros: 0.12.0 (/opt/ros/jazzy/share/ament_cmake_ros/cmake)
[1.153s] -- Using all available rosidl_typesupport_c: rosidl_typesupport_fastrtps_c;rosidl_typesupport_introspection_c
[1.276s] -- Using all available rosidl_typesupport_cpp: rosidl_typesupport_fastrtps_cpp;rosidl_typesupport_introspection_cpp
[1.277s] -- Found python_cmake_module: 0.11.1 (/opt/ros/jazzy/share/python_cmake_module/cmake)
[1.339s] -- Found PythonExtra: /usr/bin/python3  
[1.552s] -- Found Python3: /usr/bin/python3 (found version "3.12.3") found components: Interpreter Development NumPy Development.Module Development.Embed 
[1.570s] -- Found ament_lint_auto: 0.17.2 (/opt/ros/jazzy/share/ament_lint_auto/cmake)
[1.598s] -- Added test 'cppcheck' to perform static code analysis on C / C++ code
[1.598s] -- Configured cppcheck include dirs: 
[1.598s] -- Configured cppcheck exclude dirs and/or files: 
[1.601s] -- Added test 'flake8' to check Python code syntax and style conventions
[1.601s] -- Configured 'flake8' exclude dirs and/or files: 
[1.604s] -- Added test 'lint_cmake' to check CMake code style
[1.607s] -- Added test 'pep257' to check Python code against some of the docstring style conventions in PEP 257
[1.619s] -- Added test 'uncrustify' to check C / C++ code style
[1.619s] -- Configured uncrustify additional arguments: 
[1.622s] -- Added test 'xmllint' to check XML markup files
[1.623s] -- Configuring done (1.6s)
[1.638s] -- Generating done (0.0s)
[1.643s] -- Build files have been written to: /home/yifeng/Dropbox/USC/Research/Project/lassie-traveler/dependencies/build/traveler_msgs
[1.649s] Invoked command in '/home/yifeng/Dropbox/USC/Research/Project/lassie-traveler/dependencies/build/traveler_msgs' returned '0': CMAKE_PREFIX_PATH=${CMAKE_PREFIX_PATH}:/opt/ros/jazzy DEBUGINFOD_URLS=https://debuginfod.ubuntu.com /usr/bin/cmake /home/yifeng/Dropbox/USC/Research/Project/lassie-traveler/dependencies/traveler_msgs -DCMAKE_INSTALL_PREFIX=/home/yifeng/Dropbox/USC/Research/Project/lassie-traveler/dependencies/install/traveler_msgs
[1.650s] Invoking command in '/home/yifeng/Dropbox/USC/Research/Project/lassie-traveler/dependencies/build/traveler_msgs': CMAKE_PREFIX_PATH=${CMAKE_PREFIX_PATH}:/opt/ros/jazzy DEBUGINFOD_URLS=https://debuginfod.ubuntu.com /usr/bin/cmake --build /home/yifeng/Dropbox/USC/Research/Project/lassie-traveler/dependencies/build/traveler_msgs -- -j32 -l32
[1.673s] [  1%] [34m[1mGenerating type hashes for ROS interfaces[0m
[1.675s] [  1%] Built target ament_cmake_python_copy_traveler_msgs
[1.757s] running egg_info
[1.757s] creating traveler_msgs.egg-info
[1.763s] writing traveler_msgs.egg-info/PKG-INFO
[1.763s] writing dependency_links to traveler_msgs.egg-info/dependency_links.txt
[1.763s] writing top-level names to traveler_msgs.egg-info/top_level.txt
[1.763s] writing manifest file 'traveler_msgs.egg-info/SOURCES.txt'
[1.781s] reading manifest file 'traveler_msgs.egg-info/SOURCES.txt'
[1.781s] writing manifest file 'traveler_msgs.egg-info/SOURCES.txt'
[1.794s] [  1%] Built target ament_cmake_python_build_traveler_msgs_egg
[1.797s] [  1%] Built target traveler_msgs__rosidl_generator_type_description
[1.801s] [  2%] [34m[1mGenerating C code for ROS interfaces[0m
[1.805s] [  4%] [34m[1mGenerating C++ code for ROS interfaces[0m
[1.990s] [  4%] Built target traveler_msgs__cpp
[2.015s] [  5%] [32mBuilding C object CMakeFiles/traveler_msgs__rosidl_generator_c.dir/rosidl_generator_c/traveler_msgs/msg/detail/traveler_config__description.c.o[0m
[2.016s] [  8%] [32mBuilding C object CMakeFiles/traveler_msgs__rosidl_generator_c.dir/rosidl_generator_c/traveler_msgs/msg/detail/traveler_config__type_support.c.o[0m
[2.017s] [  8%] [32mBuilding C object CMakeFiles/traveler_msgs__rosidl_generator_c.dir/rosidl_generator_c/traveler_msgs/msg/detail/traveler_mode__description.c.o[0m
[2.017s] [  9%] [32mBuilding C object CMakeFiles/traveler_msgs__rosidl_generator_c.dir/rosidl_generator_c/traveler_msgs/msg/detail/traveler_config__functions.c.o[0m
[2.017s] [ 10%] [32mBuilding C object CMakeFiles/traveler_msgs__rosidl_generator_c.dir/rosidl_generator_c/traveler_msgs/msg/detail/traveler_mode__functions.c.o[0m
[2.017s] [ 14%] [32mBuilding C object CMakeFiles/traveler_msgs__rosidl_generator_c.dir/rosidl_generator_c/traveler_msgs/msg/detail/traveler_status__functions.c.o[0m
[2.017s] [ 14%] [32mBuilding C object CMakeFiles/traveler_msgs__rosidl_generator_c.dir/rosidl_generator_c/traveler_msgs/msg/detail/traveler_mode__type_support.c.o[0m
[2.017s] [ 14%] [32mBuilding C object CMakeFiles/traveler_msgs__rosidl_generator_c.dir/rosidl_generator_c/traveler_msgs/msg/detail/traveler_status__description.c.o[0m
[2.017s] [ 16%] [32mBuilding C object CMakeFiles/traveler_msgs__rosidl_generator_c.dir/rosidl_generator_c/traveler_msgs/msg/detail/traveler_status__type_support.c.o[0m
[2.017s] [ 17%] [32mBuilding C object CMakeFiles/traveler_msgs__rosidl_generator_c.dir/rosidl_generator_c/traveler_msgs/msg/detail/odrive_status__description.c.o[0m
[2.017s] [ 18%] [32mBuilding C object CMakeFiles/traveler_msgs__rosidl_generator_c.dir/rosidl_generator_c/traveler_msgs/msg/detail/set_input_position__description.c.o[0m
[2.017s] [ 20%] [32mBuilding C object CMakeFiles/traveler_msgs__rosidl_generator_c.dir/rosidl_generator_c/traveler_msgs/msg/detail/odrive_status__functions.c.o[0m
[2.017s] [ 21%] [32mBuilding C object CMakeFiles/traveler_msgs__rosidl_generator_c.dir/rosidl_generator_c/traveler_msgs/msg/detail/set_input_position__functions.c.o[0m
[2.017s] [ 22%] [32mBuilding C object CMakeFiles/traveler_msgs__rosidl_generator_c.dir/rosidl_generator_c/traveler_msgs/msg/detail/set_input_position__type_support.c.o[0m
[2.017s] [ 24%] [32mBuilding C object CMakeFiles/traveler_msgs__rosidl_generator_c.dir/rosidl_generator_c/traveler_msgs/msg/detail/odrive_status__type_support.c.o[0m
[2.042s] [ 25%] [32m[1mLinking C shared library libtraveler_msgs__rosidl_generator_c.so[0m
[2.058s] [ 25%] Built target traveler_msgs__rosidl_generator_c
[2.061s] [ 28%] [34m[1mGenerating C++ type support dispatch for ROS interfaces[0m
[2.061s] [ 28%] [34m[1mGenerating C type support for eProsima Fast-RTPS[0m
[2.062s] [ 31%] [34m[1mGenerating C introspection for ROS interfaces[0m
[2.062s] [ 31%] [34m[1mGenerating C type support dispatch for ROS interfaces[0m
[2.062s] [ 33%] [34m[1mGenerating C++ introspection for ROS interfaces[0m
[2.062s] [ 33%] [34m[1mGenerating C++ type support for eProsima Fast-RTPS[0m
[2.206s] [ 39%] [32mBuilding CXX object CMakeFiles/traveler_msgs__rosidl_typesupport_c.dir/rosidl_typesupport_c/traveler_msgs/msg/traveler_mode__type_support.cpp.o[0m
[2.206s] [ 39%] [32mBuilding CXX object CMakeFiles/traveler_msgs__rosidl_typesupport_cpp.dir/rosidl_typesupport_cpp/traveler_msgs/msg/traveler_config__type_support.cpp.o[0m
[2.206s] [ 39%] [32mBuilding CXX object CMakeFiles/traveler_msgs__rosidl_typesupport_c.dir/rosidl_typesupport_c/traveler_msgs/msg/traveler_config__type_support.cpp.o[0m
[2.206s] [ 39%] [32mBuilding CXX object CMakeFiles/traveler_msgs__rosidl_typesupport_cpp.dir/rosidl_typesupport_cpp/traveler_msgs/msg/odrive_status__type_support.cpp.o[0m
[2.206s] [ 40%] [32mBuilding CXX object CMakeFiles/traveler_msgs__rosidl_typesupport_cpp.dir/rosidl_typesupport_cpp/traveler_msgs/msg/traveler_status__type_support.cpp.o[0m
[2.206s] [ 41%] [32mBuilding CXX object CMakeFiles/traveler_msgs__rosidl_typesupport_c.dir/rosidl_typesupport_c/traveler_msgs/msg/set_input_position__type_support.cpp.o[0m
[2.206s] [ 45%] [32mBuilding CXX object CMakeFiles/traveler_msgs__rosidl_typesupport_cpp.dir/rosidl_typesupport_cpp/traveler_msgs/msg/traveler_mode__type_support.cpp.o[0m
[2.206s] [ 45%] [32mBuilding CXX object CMakeFiles/traveler_msgs__rosidl_typesupport_cpp.dir/rosidl_typesupport_cpp/traveler_msgs/msg/set_input_position__type_support.cpp.o[0m
[2.206s] [ 45%] [32mBuilding CXX object CMakeFiles/traveler_msgs__rosidl_typesupport_c.dir/rosidl_typesupport_c/traveler_msgs/msg/odrive_status__type_support.cpp.o[0m
[2.206s] [ 47%] [32mBuilding CXX object CMakeFiles/traveler_msgs__rosidl_typesupport_c.dir/rosidl_typesupport_c/traveler_msgs/msg/traveler_status__type_support.cpp.o[0m
[2.221s] [ 48%] [32mBuilding CXX object CMakeFiles/traveler_msgs__rosidl_typesupport_introspection_cpp.dir/rosidl_typesupport_introspection_cpp/traveler_msgs/msg/detail/traveler_config__type_support.cpp.o[0m
[2.222s] [ 50%] [32mBuilding CXX object CMakeFiles/traveler_msgs__rosidl_typesupport_introspection_cpp.dir/rosidl_typesupport_introspection_cpp/traveler_msgs/msg/detail/odrive_status__type_support.cpp.o[0m
[2.223s] [ 54%] [32mBuilding CXX object CMakeFiles/traveler_msgs__rosidl_typesupport_introspection_cpp.dir/rosidl_typesupport_introspection_cpp/traveler_msgs/msg/detail/traveler_mode__type_support.cpp.o[0m
[2.223s] [ 54%] [32mBuilding CXX object CMakeFiles/traveler_msgs__rosidl_typesupport_introspection_cpp.dir/rosidl_typesupport_introspection_cpp/traveler_msgs/msg/detail/set_input_position__type_support.cpp.o[0m
[2.223s] [ 54%] [32mBuilding CXX object CMakeFiles/traveler_msgs__rosidl_typesupport_introspection_cpp.dir/rosidl_typesupport_introspection_cpp/traveler_msgs/msg/detail/traveler_status__type_support.cpp.o[0m
[2.230s] [ 55%] [32m[1mLinking CXX shared library libtraveler_msgs__rosidl_typesupport_c.so[0m
[2.235s] [ 59%] [32mBuilding C object CMakeFiles/traveler_msgs__rosidl_typesupport_introspection_c.dir/rosidl_typesupport_introspection_c/traveler_msgs/msg/detail/traveler_mode__type_support.c.o[0m
[2.235s] [ 59%] [32mBuilding C object CMakeFiles/traveler_msgs__rosidl_typesupport_introspection_c.dir/rosidl_typesupport_introspection_c/traveler_msgs/msg/detail/odrive_status__type_support.c.o[0m
[2.235s] [ 59%] [32mBuilding C object CMakeFiles/traveler_msgs__rosidl_typesupport_introspection_c.dir/rosidl_typesupport_introspection_c/traveler_msgs/msg/detail/set_input_position__type_support.c.o[0m
[2.235s] [ 60%] [32mBuilding C object CMakeFiles/traveler_msgs__rosidl_typesupport_introspection_c.dir/rosidl_typesupport_introspection_c/traveler_msgs/msg/detail/traveler_status__type_support.c.o[0m
[2.235s] [ 62%] [32mBuilding C object CMakeFiles/traveler_msgs__rosidl_typesupport_introspection_c.dir/rosidl_typesupport_introspection_c/traveler_msgs/msg/detail/traveler_config__type_support.c.o[0m
[2.253s] [ 62%] Built target traveler_msgs__rosidl_typesupport_c
[2.258s] [ 64%] [32mBuilding CXX object CMakeFiles/traveler_msgs__rosidl_typesupport_fastrtps_cpp.dir/rosidl_typesupport_fastrtps_cpp/traveler_msgs/msg/detail/dds_fastrtps/traveler_config__type_support.cpp.o[0m
[2.258s] [ 66%] [32mBuilding CXX object CMakeFiles/traveler_msgs__rosidl_typesupport_fastrtps_cpp.dir/rosidl_typesupport_fastrtps_cpp/traveler_msgs/msg/detail/dds_fastrtps/traveler_status__type_support.cpp.o[0m
[2.258s] [ 66%] [32mBuilding CXX object CMakeFiles/traveler_msgs__rosidl_typesupport_fastrtps_cpp.dir/rosidl_typesupport_fastrtps_cpp/traveler_msgs/msg/detail/dds_fastrtps/traveler_mode__type_support.cpp.o[0m
[2.258s] [ 67%] [32m[1mLinking C shared library libtraveler_msgs__rosidl_typesupport_introspection_c.so[0m
[2.259s] [ 70%] [32mBuilding CXX object CMakeFiles/traveler_msgs__rosidl_typesupport_fastrtps_cpp.dir/rosidl_typesupport_fastrtps_cpp/traveler_msgs/msg/detail/dds_fastrtps/odrive_status__type_support.cpp.o[0m
[2.260s] [ 70%] [32mBuilding CXX object CMakeFiles/traveler_msgs__rosidl_typesupport_fastrtps_cpp.dir/rosidl_typesupport_fastrtps_cpp/traveler_msgs/msg/detail/dds_fastrtps/set_input_position__type_support.cpp.o[0m
[2.274s] [ 70%] Built target traveler_msgs__rosidl_typesupport_introspection_c
[2.280s] [ 72%] [32mBuilding CXX object CMakeFiles/traveler_msgs__rosidl_typesupport_fastrtps_c.dir/rosidl_typesupport_fastrtps_c/traveler_msgs/msg/detail/traveler_config__type_support_c.cpp.o[0m
[2.280s] [ 72%] [32mBuilding CXX object CMakeFiles/traveler_msgs__rosidl_typesupport_fastrtps_c.dir/rosidl_typesupport_fastrtps_c/traveler_msgs/msg/detail/traveler_mode__type_support_c.cpp.o[0m
[2.280s] [ 77%] [32mBuilding CXX object CMakeFiles/traveler_msgs__rosidl_typesupport_fastrtps_c.dir/rosidl_typesupport_fastrtps_c/traveler_msgs/msg/detail/odrive_status__type_support_c.cpp.o[0m
[2.280s] [ 77%] [32mBuilding CXX object CMakeFiles/traveler_msgs__rosidl_typesupport_fastrtps_c.dir/rosidl_typesupport_fastrtps_c/traveler_msgs/msg/detail/set_input_position__type_support_c.cpp.o[0m
[2.280s] [ 77%] [32mBuilding CXX object CMakeFiles/traveler_msgs__rosidl_typesupport_fastrtps_c.dir/rosidl_typesupport_fastrtps_c/traveler_msgs/msg/detail/traveler_status__type_support_c.cpp.o[0m
[2.367s] [ 78%] [32m[1mLinking CXX shared library libtraveler_msgs__rosidl_typesupport_cpp.so[0m
[2.388s] [ 78%] Built target traveler_msgs__rosidl_typesupport_cpp
[2.391s] [ 79%] [32m[1mLinking CXX shared library libtraveler_msgs__rosidl_typesupport_introspection_cpp.so[0m
[2.425s] [ 79%] Built target traveler_msgs__rosidl_typesupport_introspection_cpp
[2.475s] [ 81%] [32m[1mLinking CXX shared library libtraveler_msgs__rosidl_typesupport_fastrtps_cpp.so[0m
[2.493s] [ 82%] [32m[1mLinking CXX shared library libtraveler_msgs__rosidl_typesupport_fastrtps_c.so[0m
[2.507s] [ 82%] Built target traveler_msgs__rosidl_typesupport_fastrtps_cpp
[2.522s] [ 82%] Built target traveler_msgs__rosidl_typesupport_fastrtps_c
[2.530s] [ 82%] Built target traveler_msgs
[2.537s] [ 83%] [34m[1mGenerating Python code for ROS interfaces[0m
[2.802s] [ 83%] Built target traveler_msgs__py
[2.809s] [ 86%] [32mBuilding C object CMakeFiles/traveler_msgs__rosidl_generator_py.dir/rosidl_generator_py/traveler_msgs/msg/_traveler_config_s.c.o[0m
[2.810s] [ 86%] [32mBuilding C object CMakeFiles/traveler_msgs__rosidl_generator_py.dir/rosidl_generator_py/traveler_msgs/msg/_traveler_mode_s.c.o[0m
[2.810s] [ 90%] [32mBuilding C object CMakeFiles/traveler_msgs__rosidl_generator_py.dir/rosidl_generator_py/traveler_msgs/msg/_odrive_status_s.c.o[0m
[2.810s] [ 90%] [32mBuilding C object CMakeFiles/traveler_msgs__rosidl_generator_py.dir/rosidl_generator_py/traveler_msgs/msg/_traveler_status_s.c.o[0m
[2.810s] [ 90%] [32mBuilding C object CMakeFiles/traveler_msgs__rosidl_generator_py.dir/rosidl_generator_py/traveler_msgs/msg/_set_input_position_s.c.o[0m
[2.874s] [ 91%] [32m[1mLinking C shared library libtraveler_msgs__rosidl_generator_py.so[0m
[2.891s] [ 91%] Built target traveler_msgs__rosidl_generator_py
[2.899s] [ 93%] [32mBuilding C object CMakeFiles/traveler_msgs_s__rosidl_typesupport_c.dir/rosidl_generator_py/traveler_msgs/_traveler_msgs_s.ep.rosidl_typesupport_c.c.o[0m
[2.899s] [ 94%] [32mBuilding C object CMakeFiles/traveler_msgs_s__rosidl_typesupport_introspection_c.dir/rosidl_generator_py/traveler_msgs/_traveler_msgs_s.ep.rosidl_typesupport_introspection_c.c.o[0m
[2.899s] [ 95%] [32mBuilding C object CMakeFiles/traveler_msgs_s__rosidl_typesupport_fastrtps_c.dir/rosidl_generator_py/traveler_msgs/_traveler_msgs_s.ep.rosidl_typesupport_fastrtps_c.c.o[0m
[2.942s] [ 98%] [32m[1mLinking C shared module rosidl_generator_py/traveler_msgs/traveler_msgs_s__rosidl_typesupport_c.so[0m
[2.942s] [ 98%] [32m[1mLinking C shared module rosidl_generator_py/traveler_msgs/traveler_msgs_s__rosidl_typesupport_introspection_c.so[0m
[2.944s] [100%] [32m[1mLinking C shared module rosidl_generator_py/traveler_msgs/traveler_msgs_s__rosidl_typesupport_fastrtps_c.so[0m
[2.954s] [100%] Built target traveler_msgs_s__rosidl_typesupport_introspection_c
[2.954s] [100%] Built target traveler_msgs_s__rosidl_typesupport_c
[2.956s] [100%] Built target traveler_msgs_s__rosidl_typesupport_fastrtps_c
[2.961s] Invoked command in '/home/yifeng/Dropbox/USC/Research/Project/lassie-traveler/dependencies/build/traveler_msgs' returned '0': CMAKE_PREFIX_PATH=${CMAKE_PREFIX_PATH}:/opt/ros/jazzy DEBUGINFOD_URLS=https://debuginfod.ubuntu.com /usr/bin/cmake --build /home/yifeng/Dropbox/USC/Research/Project/lassie-traveler/dependencies/build/traveler_msgs -- -j32 -l32
[2.964s] Invoking command in '/home/yifeng/Dropbox/USC/Research/Project/lassie-traveler/dependencies/build/traveler_msgs': CMAKE_PREFIX_PATH=${CMAKE_PREFIX_PATH}:/opt/ros/jazzy DEBUGINFOD_URLS=https://debuginfod.ubuntu.com /usr/bin/cmake --install /home/yifeng/Dropbox/USC/Research/Project/lassie-traveler/dependencies/build/traveler_msgs
[2.967s] -- Install configuration: ""
[2.967s] -- Installing: /home/yifeng/Dropbox/USC/Research/Project/lassie-traveler/dependencies/install/traveler_msgs/share/ament_index/resource_index/rosidl_interfaces/traveler_msgs
[2.967s] -- Installing: /home/yifeng/Dropbox/USC/Research/Project/lassie-traveler/dependencies/install/traveler_msgs/share/traveler_msgs/msg/TravelerConfig.json
[2.967s] -- Installing: /home/yifeng/Dropbox/USC/Research/Project/lassie-traveler/dependencies/install/traveler_msgs/share/traveler_msgs/msg/TravelerMode.json
[2.967s] -- Installing: /home/yifeng/Dropbox/USC/Research/Project/lassie-traveler/dependencies/install/traveler_msgs/share/traveler_msgs/msg/TravelerStatus.json
[2.967s] -- Installing: /home/yifeng/Dropbox/USC/Research/Project/lassie-traveler/dependencies/install/traveler_msgs/share/traveler_msgs/msg/OdriveStatus.json
[2.967s] -- Installing: /home/yifeng/Dropbox/USC/Research/Project/lassie-traveler/dependencies/install/traveler_msgs/share/traveler_msgs/msg/SetInputPosition.json
[2.967s] -- Installing: /home/yifeng/Dropbox/USC/Research/Project/lassie-traveler/dependencies/install/traveler_msgs/include/traveler_msgs/traveler_msgs
[2.967s] -- Installing: /home/yifeng/Dropbox/USC/Research/Project/lassie-traveler/dependencies/install/traveler_msgs/include/traveler_msgs/traveler_msgs/msg
[2.967s] -- Installing: /home/yifeng/Dropbox/USC/Research/Project/lassie-traveler/dependencies/install/traveler_msgs/include/traveler_msgs/traveler_msgs/msg/rosidl_generator_c__visibility_control.h
[2.967s] -- Installing: /home/yifeng/Dropbox/USC/Research/Project/lassie-traveler/dependencies/install/traveler_msgs/include/traveler_msgs/traveler_msgs/msg/odrive_status.h
[2.967s] -- Installing: /home/yifeng/Dropbox/USC/Research/Project/lassie-traveler/dependencies/install/traveler_msgs/include/traveler_msgs/traveler_msgs/msg/traveler_mode.h
[2.967s] -- Installing: /home/yifeng/Dropbox/USC/Research/Project/lassie-traveler/dependencies/install/traveler_msgs/include/traveler_msgs/traveler_msgs/msg/detail
[2.968s] -- Installing: /home/yifeng/Dropbox/USC/Research/Project/lassie-traveler/dependencies/install/traveler_msgs/include/traveler_msgs/traveler_msgs/msg/detail/traveler_mode__description.c
[2.968s] -- Installing: /home/yifeng/Dropbox/USC/Research/Project/lassie-traveler/dependencies/install/traveler_msgs/include/traveler_msgs/traveler_msgs/msg/detail/set_input_position__functions.h
[2.968s] -- Installing: /home/yifeng/Dropbox/USC/Research/Project/lassie-traveler/dependencies/install/traveler_msgs/include/traveler_msgs/traveler_msgs/msg/detail/traveler_config__description.c
[2.968s] -- Installing: /home/yifeng/Dropbox/USC/Research/Project/lassie-traveler/dependencies/install/traveler_msgs/include/traveler_msgs/traveler_msgs/msg/detail/set_input_position__type_support.c
[2.968s] -- Installing: /home/yifeng/Dropbox/USC/Research/Project/lassie-traveler/dependencies/install/traveler_msgs/include/traveler_msgs/traveler_msgs/msg/detail/traveler_config__functions.h
[2.968s] -- Installing: /home/yifeng/Dropbox/USC/Research/Project/lassie-traveler/dependencies/install/traveler_msgs/include/traveler_msgs/traveler_msgs/msg/detail/traveler_config__type_support.c
[2.968s] -- Installing: /home/yifeng/Dropbox/USC/Research/Project/lassie-traveler/dependencies/install/traveler_msgs/include/traveler_msgs/traveler_msgs/msg/detail/odrive_status__type_support.h
[2.968s] -- Installing: /home/yifeng/Dropbox/USC/Research/Project/lassie-traveler/dependencies/install/traveler_msgs/include/traveler_msgs/traveler_msgs/msg/detail/set_input_position__struct.h
[2.968s] -- Installing: /home/yifeng/Dropbox/USC/Research/Project/lassie-traveler/dependencies/install/traveler_msgs/include/traveler_msgs/traveler_msgs/msg/detail/traveler_config__struct.h
[2.968s] -- Installing: /home/yifeng/Dropbox/USC/Research/Project/lassie-traveler/dependencies/install/traveler_msgs/include/traveler_msgs/traveler_msgs/msg/detail/traveler_status__type_support.c
[2.968s] -- Installing: /home/yifeng/Dropbox/USC/Research/Project/lassie-traveler/dependencies/install/traveler_msgs/include/traveler_msgs/traveler_msgs/msg/detail/odrive_status__description.c
[2.968s] -- Installing: /home/yifeng/Dropbox/USC/Research/Project/lassie-traveler/dependencies/install/traveler_msgs/include/traveler_msgs/traveler_msgs/msg/detail/odrive_status__functions.c
[2.968s] -- Installing: /home/yifeng/Dropbox/USC/Research/Project/lassie-traveler/dependencies/install/traveler_msgs/include/traveler_msgs/traveler_msgs/msg/detail/traveler_mode__type_support.h
[2.968s] -- Installing: /home/yifeng/Dropbox/USC/Research/Project/lassie-traveler/dependencies/install/traveler_msgs/include/traveler_msgs/traveler_msgs/msg/detail/traveler_config__type_support.h
[2.968s] -- Installing: /home/yifeng/Dropbox/USC/Research/Project/lassie-traveler/dependencies/install/traveler_msgs/include/traveler_msgs/traveler_msgs/msg/detail/traveler_mode__functions.c
[2.968s] -- Installing: /home/yifeng/Dropbox/USC/Research/Project/lassie-traveler/dependencies/install/traveler_msgs/include/traveler_msgs/traveler_msgs/msg/detail/set_input_position__description.c
[2.968s] -- Installing: /home/yifeng/Dropbox/USC/Research/Project/lassie-traveler/dependencies/install/traveler_msgs/include/traveler_msgs/traveler_msgs/msg/detail/traveler_status__description.c
[2.968s] -- Installing: /home/yifeng/Dropbox/USC/Research/Project/lassie-traveler/dependencies/install/traveler_msgs/include/traveler_msgs/traveler_msgs/msg/detail/odrive_status__functions.h
[2.968s] -- Installing: /home/yifeng/Dropbox/USC/Research/Project/lassie-traveler/dependencies/install/traveler_msgs/include/traveler_msgs/traveler_msgs/msg/detail/set_input_position__type_support.h
[2.968s] -- Installing: /home/yifeng/Dropbox/USC/Research/Project/lassie-traveler/dependencies/install/traveler_msgs/include/traveler_msgs/traveler_msgs/msg/detail/traveler_status__struct.h
[2.968s] -- Installing: /home/yifeng/Dropbox/USC/Research/Project/lassie-traveler/dependencies/install/traveler_msgs/include/traveler_msgs/traveler_msgs/msg/detail/traveler_mode__functions.h
[2.968s] -- Installing: /home/yifeng/Dropbox/USC/Research/Project/lassie-traveler/dependencies/install/traveler_msgs/include/traveler_msgs/traveler_msgs/msg/detail/set_input_position__functions.c
[2.968s] -- Installing: /home/yifeng/Dropbox/USC/Research/Project/lassie-traveler/dependencies/install/traveler_msgs/include/traveler_msgs/traveler_msgs/msg/detail/traveler_status__functions.c
[2.968s] -- Installing: /home/yifeng/Dropbox/USC/Research/Project/lassie-traveler/dependencies/install/traveler_msgs/include/traveler_msgs/traveler_msgs/msg/detail/odrive_status__type_support.c
[2.968s] -- Installing: /home/yifeng/Dropbox/USC/Research/Project/lassie-traveler/dependencies/install/traveler_msgs/include/traveler_msgs/traveler_msgs/msg/detail/traveler_config__functions.c
[2.968s] -- Installing: /home/yifeng/Dropbox/USC/Research/Project/lassie-traveler/dependencies/install/traveler_msgs/include/traveler_msgs/traveler_msgs/msg/detail/odrive_status__struct.h
[2.968s] -- Installing: /home/yifeng/Dropbox/USC/Research/Project/lassie-traveler/dependencies/install/traveler_msgs/include/traveler_msgs/traveler_msgs/msg/detail/traveler_mode__type_support.c
[2.968s] -- Installing: /home/yifeng/Dropbox/USC/Research/Project/lassie-traveler/dependencies/install/traveler_msgs/include/traveler_msgs/traveler_msgs/msg/detail/traveler_mode__struct.h
[2.968s] -- Installing: /home/yifeng/Dropbox/USC/Research/Project/lassie-traveler/dependencies/install/traveler_msgs/include/traveler_msgs/traveler_msgs/msg/detail/traveler_status__type_support.h
[2.968s] -- Installing: /home/yifeng/Dropbox/USC/Research/Project/lassie-traveler/dependencies/install/traveler_msgs/include/traveler_msgs/traveler_msgs/msg/detail/traveler_status__functions.h
[2.968s] -- Installing: /home/yifeng/Dropbox/USC/Research/Project/lassie-traveler/dependencies/install/traveler_msgs/include/traveler_msgs/traveler_msgs/msg/set_input_position.h
[2.968s] -- Installing: /home/yifeng/Dropbox/USC/Research/Project/lassie-traveler/dependencies/install/traveler_msgs/include/traveler_msgs/traveler_msgs/msg/traveler_status.h
[2.968s] -- Installing: /home/yifeng/Dropbox/USC/Research/Project/lassie-traveler/dependencies/install/traveler_msgs/include/traveler_msgs/traveler_msgs/msg/traveler_config.h
[2.968s] -- Installing: /home/yifeng/Dropbox/USC/Research/Project/lassie-traveler/dependencies/install/traveler_msgs/share/traveler_msgs/environment/library_path.sh
[2.969s] -- Installing: /home/yifeng/Dropbox/USC/Research/Project/lassie-traveler/dependencies/install/traveler_msgs/share/traveler_msgs/environment/library_path.dsv
[2.969s] -- Installing: /home/yifeng/Dropbox/USC/Research/Project/lassie-traveler/dependencies/install/traveler_msgs/lib/libtraveler_msgs__rosidl_generator_c.so
[2.969s] -- Set non-toolchain portion of runtime path of "/home/yifeng/Dropbox/USC/Research/Project/lassie-traveler/dependencies/install/traveler_msgs/lib/libtraveler_msgs__rosidl_generator_c.so" to ""
[2.969s] -- Up-to-date: /home/yifeng/Dropbox/USC/Research/Project/lassie-traveler/dependencies/install/traveler_msgs/include/traveler_msgs/traveler_msgs
[2.969s] -- Up-to-date: /home/yifeng/Dropbox/USC/Research/Project/lassie-traveler/dependencies/install/traveler_msgs/include/traveler_msgs/traveler_msgs/msg
[2.969s] -- Up-to-date: /home/yifeng/Dropbox/USC/Research/Project/lassie-traveler/dependencies/install/traveler_msgs/include/traveler_msgs/traveler_msgs/msg/detail
[2.969s] -- Installing: /home/yifeng/Dropbox/USC/Research/Project/lassie-traveler/dependencies/install/traveler_msgs/include/traveler_msgs/traveler_msgs/msg/detail/traveler_status__rosidl_typesupport_fastrtps_c.h
[2.969s] -- Installing: /home/yifeng/Dropbox/USC/Research/Project/lassie-traveler/dependencies/install/traveler_msgs/include/traveler_msgs/traveler_msgs/msg/detail/traveler_config__rosidl_typesupport_fastrtps_c.h
[2.969s] -- Installing: /home/yifeng/Dropbox/USC/Research/Project/lassie-traveler/dependencies/install/traveler_msgs/include/traveler_msgs/traveler_msgs/msg/detail/traveler_mode__rosidl_typesupport_fastrtps_c.h
[2.969s] -- Installing: /home/yifeng/Dropbox/USC/Research/Project/lassie-traveler/dependencies/install/traveler_msgs/include/traveler_msgs/traveler_msgs/msg/detail/set_input_position__rosidl_typesupport_fastrtps_c.h
[2.969s] -- Installing: /home/yifeng/Dropbox/USC/Research/Project/lassie-traveler/dependencies/install/traveler_msgs/include/traveler_msgs/traveler_msgs/msg/detail/odrive_status__rosidl_typesupport_fastrtps_c.h
[2.969s] -- Installing: /home/yifeng/Dropbox/USC/Research/Project/lassie-traveler/dependencies/install/traveler_msgs/include/traveler_msgs/traveler_msgs/msg/rosidl_typesupport_fastrtps_c__visibility_control.h
[2.969s] -- Installing: /home/yifeng/Dropbox/USC/Research/Project/lassie-traveler/dependencies/install/traveler_msgs/lib/libtraveler_msgs__rosidl_typesupport_fastrtps_c.so
[2.969s] -- Set non-toolchain portion of runtime path of "/home/yifeng/Dropbox/USC/Research/Project/lassie-traveler/dependencies/install/traveler_msgs/lib/libtraveler_msgs__rosidl_typesupport_fastrtps_c.so" to ""
[2.969s] -- Up-to-date: /home/yifeng/Dropbox/USC/Research/Project/lassie-traveler/dependencies/install/traveler_msgs/include/traveler_msgs/traveler_msgs
[2.969s] -- Up-to-date: /home/yifeng/Dropbox/USC/Research/Project/lassie-traveler/dependencies/install/traveler_msgs/include/traveler_msgs/traveler_msgs/msg
[2.969s] -- Installing: /home/yifeng/Dropbox/USC/Research/Project/lassie-traveler/dependencies/install/traveler_msgs/include/traveler_msgs/traveler_msgs/msg/set_input_position.hpp
[2.969s] -- Up-to-date: /home/yifeng/Dropbox/USC/Research/Project/lassie-traveler/dependencies/install/traveler_msgs/include/traveler_msgs/traveler_msgs/msg/detail
[2.969s] -- Installing: /home/yifeng/Dropbox/USC/Research/Project/lassie-traveler/dependencies/install/traveler_msgs/include/traveler_msgs/traveler_msgs/msg/detail/set_input_position__traits.hpp
[2.969s] -- Installing: /home/yifeng/Dropbox/USC/Research/Project/lassie-traveler/dependencies/install/traveler_msgs/include/traveler_msgs/traveler_msgs/msg/detail/odrive_status__type_support.hpp
[2.969s] -- Installing: /home/yifeng/Dropbox/USC/Research/Project/lassie-traveler/dependencies/install/traveler_msgs/include/traveler_msgs/traveler_msgs/msg/detail/traveler_status__type_support.hpp
[2.969s] -- Installing: /home/yifeng/Dropbox/USC/Research/Project/lassie-traveler/dependencies/install/traveler_msgs/include/traveler_msgs/traveler_msgs/msg/detail/set_input_position__struct.hpp
[2.969s] -- Installing: /home/yifeng/Dropbox/USC/Research/Project/lassie-traveler/dependencies/install/traveler_msgs/include/traveler_msgs/traveler_msgs/msg/detail/set_input_position__builder.hpp
[2.969s] -- Installing: /home/yifeng/Dropbox/USC/Research/Project/lassie-traveler/dependencies/install/traveler_msgs/include/traveler_msgs/traveler_msgs/msg/detail/traveler_config__traits.hpp
[2.969s] -- Installing: /home/yifeng/Dropbox/USC/Research/Project/lassie-traveler/dependencies/install/traveler_msgs/include/traveler_msgs/traveler_msgs/msg/detail/odrive_status__struct.hpp
[2.969s] -- Installing: /home/yifeng/Dropbox/USC/Research/Project/lassie-traveler/dependencies/install/traveler_msgs/include/traveler_msgs/traveler_msgs/msg/detail/odrive_status__traits.hpp
[2.969s] -- Installing: /home/yifeng/Dropbox/USC/Research/Project/lassie-traveler/dependencies/install/traveler_msgs/include/traveler_msgs/traveler_msgs/msg/detail/traveler_mode__traits.hpp
[2.969s] -- Installing: /home/yifeng/Dropbox/USC/Research/Project/lassie-traveler/dependencies/install/traveler_msgs/include/traveler_msgs/traveler_msgs/msg/detail/traveler_config__type_support.hpp
[2.969s] -- Installing: /home/yifeng/Dropbox/USC/Research/Project/lassie-traveler/dependencies/install/traveler_msgs/include/traveler_msgs/traveler_msgs/msg/detail/traveler_status__struct.hpp
[2.970s] -- Installing: /home/yifeng/Dropbox/USC/Research/Project/lassie-traveler/dependencies/install/traveler_msgs/include/traveler_msgs/traveler_msgs/msg/detail/traveler_config__builder.hpp
[2.970s] -- Installing: /home/yifeng/Dropbox/USC/Research/Project/lassie-traveler/dependencies/install/traveler_msgs/include/traveler_msgs/traveler_msgs/msg/detail/set_input_position__type_support.hpp
[2.970s] -- Installing: /home/yifeng/Dropbox/USC/Research/Project/lassie-traveler/dependencies/install/traveler_msgs/include/traveler_msgs/traveler_msgs/msg/detail/traveler_mode__type_support.hpp
[2.970s] -- Installing: /home/yifeng/Dropbox/USC/Research/Project/lassie-traveler/dependencies/install/traveler_msgs/include/traveler_msgs/traveler_msgs/msg/detail/traveler_status__builder.hpp
[2.970s] -- Installing: /home/yifeng/Dropbox/USC/Research/Project/lassie-traveler/dependencies/install/traveler_msgs/include/traveler_msgs/traveler_msgs/msg/detail/traveler_mode__builder.hpp
[2.970s] -- Installing: /home/yifeng/Dropbox/USC/Research/Project/lassie-traveler/dependencies/install/traveler_msgs/include/traveler_msgs/traveler_msgs/msg/detail/traveler_mode__struct.hpp
[2.970s] -- Installing: /home/yifeng/Dropbox/USC/Research/Project/lassie-traveler/dependencies/install/traveler_msgs/include/traveler_msgs/traveler_msgs/msg/detail/odrive_status__builder.hpp
[2.970s] -- Installing: /home/yifeng/Dropbox/USC/Research/Project/lassie-traveler/dependencies/install/traveler_msgs/include/traveler_msgs/traveler_msgs/msg/detail/traveler_config__struct.hpp
[2.970s] -- Installing: /home/yifeng/Dropbox/USC/Research/Project/lassie-traveler/dependencies/install/traveler_msgs/include/traveler_msgs/traveler_msgs/msg/detail/traveler_status__traits.hpp
[2.970s] -- Installing: /home/yifeng/Dropbox/USC/Research/Project/lassie-traveler/dependencies/install/traveler_msgs/include/traveler_msgs/traveler_msgs/msg/rosidl_generator_cpp__visibility_control.hpp
[2.970s] -- Installing: /home/yifeng/Dropbox/USC/Research/Project/lassie-traveler/dependencies/install/traveler_msgs/include/traveler_msgs/traveler_msgs/msg/traveler_mode.hpp
[2.970s] -- Installing: /home/yifeng/Dropbox/USC/Research/Project/lassie-traveler/dependencies/install/traveler_msgs/include/traveler_msgs/traveler_msgs/msg/traveler_config.hpp
[2.970s] -- Installing: /home/yifeng/Dropbox/USC/Research/Project/lassie-traveler/dependencies/install/traveler_msgs/include/traveler_msgs/traveler_msgs/msg/traveler_status.hpp
[2.970s] -- Installing: /home/yifeng/Dropbox/USC/Research/Project/lassie-traveler/dependencies/install/traveler_msgs/include/traveler_msgs/traveler_msgs/msg/odrive_status.hpp
[2.970s] -- Up-to-date: /home/yifeng/Dropbox/USC/Research/Project/lassie-traveler/dependencies/install/traveler_msgs/include/traveler_msgs/traveler_msgs
[2.970s] -- Up-to-date: /home/yifeng/Dropbox/USC/Research/Project/lassie-traveler/dependencies/install/traveler_msgs/include/traveler_msgs/traveler_msgs/msg
[2.970s] -- Up-to-date: /home/yifeng/Dropbox/USC/Research/Project/lassie-traveler/dependencies/install/traveler_msgs/include/traveler_msgs/traveler_msgs/msg/detail
[2.970s] -- Installing: /home/yifeng/Dropbox/USC/Research/Project/lassie-traveler/dependencies/install/traveler_msgs/include/traveler_msgs/traveler_msgs/msg/detail/traveler_status__rosidl_typesupport_fastrtps_cpp.hpp
[2.970s] -- Installing: /home/yifeng/Dropbox/USC/Research/Project/lassie-traveler/dependencies/install/traveler_msgs/include/traveler_msgs/traveler_msgs/msg/detail/dds_fastrtps
[2.970s] -- Installing: /home/yifeng/Dropbox/USC/Research/Project/lassie-traveler/dependencies/install/traveler_msgs/include/traveler_msgs/traveler_msgs/msg/detail/traveler_config__rosidl_typesupport_fastrtps_cpp.hpp
[2.970s] -- Installing: /home/yifeng/Dropbox/USC/Research/Project/lassie-traveler/dependencies/install/traveler_msgs/include/traveler_msgs/traveler_msgs/msg/detail/odrive_status__rosidl_typesupport_fastrtps_cpp.hpp
[2.970s] -- Installing: /home/yifeng/Dropbox/USC/Research/Project/lassie-traveler/dependencies/install/traveler_msgs/include/traveler_msgs/traveler_msgs/msg/detail/traveler_mode__rosidl_typesupport_fastrtps_cpp.hpp
[2.970s] -- Installing: /home/yifeng/Dropbox/USC/Research/Project/lassie-traveler/dependencies/install/traveler_msgs/include/traveler_msgs/traveler_msgs/msg/detail/set_input_position__rosidl_typesupport_fastrtps_cpp.hpp
[2.970s] -- Installing: /home/yifeng/Dropbox/USC/Research/Project/lassie-traveler/dependencies/install/traveler_msgs/include/traveler_msgs/traveler_msgs/msg/rosidl_typesupport_fastrtps_cpp__visibility_control.h
[2.970s] -- Installing: /home/yifeng/Dropbox/USC/Research/Project/lassie-traveler/dependencies/install/traveler_msgs/lib/libtraveler_msgs__rosidl_typesupport_fastrtps_cpp.so
[2.970s] -- Set non-toolchain portion of runtime path of "/home/yifeng/Dropbox/USC/Research/Project/lassie-traveler/dependencies/install/traveler_msgs/lib/libtraveler_msgs__rosidl_typesupport_fastrtps_cpp.so" to ""
[2.970s] -- Up-to-date: /home/yifeng/Dropbox/USC/Research/Project/lassie-traveler/dependencies/install/traveler_msgs/include/traveler_msgs/traveler_msgs
[2.970s] -- Up-to-date: /home/yifeng/Dropbox/USC/Research/Project/lassie-traveler/dependencies/install/traveler_msgs/include/traveler_msgs/traveler_msgs/msg
[2.970s] -- Up-to-date: /home/yifeng/Dropbox/USC/Research/Project/lassie-traveler/dependencies/install/traveler_msgs/include/traveler_msgs/traveler_msgs/msg/detail
[2.970s] -- Installing: /home/yifeng/Dropbox/USC/Research/Project/lassie-traveler/dependencies/install/traveler_msgs/include/traveler_msgs/traveler_msgs/msg/detail/set_input_position__type_support.c
[2.971s] -- Installing: /home/yifeng/Dropbox/USC/Research/Project/lassie-traveler/dependencies/install/traveler_msgs/include/traveler_msgs/traveler_msgs/msg/detail/traveler_config__type_support.c
[2.971s] -- Installing: /home/yifeng/Dropbox/USC/Research/Project/lassie-traveler/dependencies/install/traveler_msgs/include/traveler_msgs/traveler_msgs/msg/detail/traveler_status__type_support.c
[2.971s] -- Installing: /home/yifeng/Dropbox/USC/Research/Project/lassie-traveler/dependencies/install/traveler_msgs/include/traveler_msgs/traveler_msgs/msg/detail/set_input_position__rosidl_typesupport_introspection_c.h
[2.971s] -- Installing: /home/yifeng/Dropbox/USC/Research/Project/lassie-traveler/dependencies/install/traveler_msgs/include/traveler_msgs/traveler_msgs/msg/detail/traveler_status__rosidl_typesupport_introspection_c.h
[2.971s] -- Installing: /home/yifeng/Dropbox/USC/Research/Project/lassie-traveler/dependencies/install/traveler_msgs/include/traveler_msgs/traveler_msgs/msg/detail/traveler_mode__rosidl_typesupport_introspection_c.h
[2.971s] -- Installing: /home/yifeng/Dropbox/USC/Research/Project/lassie-traveler/dependencies/install/traveler_msgs/include/traveler_msgs/traveler_msgs/msg/detail/odrive_status__type_support.c
[2.971s] -- Installing: /home/yifeng/Dropbox/USC/Research/Project/lassie-traveler/dependencies/install/traveler_msgs/include/traveler_msgs/traveler_msgs/msg/detail/traveler_config__rosidl_typesupport_introspection_c.h
[2.971s] -- Installing: /home/yifeng/Dropbox/USC/Research/Project/lassie-traveler/dependencies/install/traveler_msgs/include/traveler_msgs/traveler_msgs/msg/detail/traveler_mode__type_support.c
[2.971s] -- Installing: /home/yifeng/Dropbox/USC/Research/Project/lassie-traveler/dependencies/install/traveler_msgs/include/traveler_msgs/traveler_msgs/msg/detail/odrive_status__rosidl_typesupport_introspection_c.h
[2.971s] -- Installing: /home/yifeng/Dropbox/USC/Research/Project/lassie-traveler/dependencies/install/traveler_msgs/include/traveler_msgs/traveler_msgs/msg/rosidl_typesupport_introspection_c__visibility_control.h
[2.971s] -- Installing: /home/yifeng/Dropbox/USC/Research/Project/lassie-traveler/dependencies/install/traveler_msgs/lib/libtraveler_msgs__rosidl_typesupport_introspection_c.so
[2.971s] -- Set non-toolchain portion of runtime path of "/home/yifeng/Dropbox/USC/Research/Project/lassie-traveler/dependencies/install/traveler_msgs/lib/libtraveler_msgs__rosidl_typesupport_introspection_c.so" to ""
[2.971s] -- Installing: /home/yifeng/Dropbox/USC/Research/Project/lassie-traveler/dependencies/install/traveler_msgs/lib/libtraveler_msgs__rosidl_typesupport_c.so
[2.971s] -- Set non-toolchain portion of runtime path of "/home/yifeng/Dropbox/USC/Research/Project/lassie-traveler/dependencies/install/traveler_msgs/lib/libtraveler_msgs__rosidl_typesupport_c.so" to ""
[2.971s] -- Up-to-date: /home/yifeng/Dropbox/USC/Research/Project/lassie-traveler/dependencies/install/traveler_msgs/include/traveler_msgs/traveler_msgs
[2.971s] -- Up-to-date: /home/yifeng/Dropbox/USC/Research/Project/lassie-traveler/dependencies/install/traveler_msgs/include/traveler_msgs/traveler_msgs/msg
[2.971s] -- Up-to-date: /home/yifeng/Dropbox/USC/Research/Project/lassie-traveler/dependencies/install/traveler_msgs/include/traveler_msgs/traveler_msgs/msg/detail
[2.971s] -- Installing: /home/yifeng/Dropbox/USC/Research/Project/lassie-traveler/dependencies/install/traveler_msgs/include/traveler_msgs/traveler_msgs/msg/detail/odrive_status__type_support.cpp
[2.971s] -- Installing: /home/yifeng/Dropbox/USC/Research/Project/lassie-traveler/dependencies/install/traveler_msgs/include/traveler_msgs/traveler_msgs/msg/detail/set_input_position__rosidl_typesupport_introspection_cpp.hpp
[2.971s] -- Installing: /home/yifeng/Dropbox/USC/Research/Project/lassie-traveler/dependencies/install/traveler_msgs/include/traveler_msgs/traveler_msgs/msg/detail/traveler_config__rosidl_typesupport_introspection_cpp.hpp
[2.971s] -- Installing: /home/yifeng/Dropbox/USC/Research/Project/lassie-traveler/dependencies/install/traveler_msgs/include/traveler_msgs/traveler_msgs/msg/detail/set_input_position__type_support.cpp
[2.971s] -- Installing: /home/yifeng/Dropbox/USC/Research/Project/lassie-traveler/dependencies/install/traveler_msgs/include/traveler_msgs/traveler_msgs/msg/detail/traveler_mode__rosidl_typesupport_introspection_cpp.hpp
[2.971s] -- Installing: /home/yifeng/Dropbox/USC/Research/Project/lassie-traveler/dependencies/install/traveler_msgs/include/traveler_msgs/traveler_msgs/msg/detail/traveler_config__type_support.cpp
[2.971s] -- Installing: /home/yifeng/Dropbox/USC/Research/Project/lassie-traveler/dependencies/install/traveler_msgs/include/traveler_msgs/traveler_msgs/msg/detail/traveler_mode__type_support.cpp
[2.971s] -- Installing: /home/yifeng/Dropbox/USC/Research/Project/lassie-traveler/dependencies/install/traveler_msgs/include/traveler_msgs/traveler_msgs/msg/detail/traveler_status__rosidl_typesupport_introspection_cpp.hpp
[2.971s] -- Installing: /home/yifeng/Dropbox/USC/Research/Project/lassie-traveler/dependencies/install/traveler_msgs/include/traveler_msgs/traveler_msgs/msg/detail/traveler_status__type_support.cpp
[2.971s] -- Installing: /home/yifeng/Dropbox/USC/Research/Project/lassie-traveler/dependencies/install/traveler_msgs/include/traveler_msgs/traveler_msgs/msg/detail/odrive_status__rosidl_typesupport_introspection_cpp.hpp
[2.971s] -- Installing: /home/yifeng/Dropbox/USC/Research/Project/lassie-traveler/dependencies/install/traveler_msgs/lib/libtraveler_msgs__rosidl_typesupport_introspection_cpp.so
[2.971s] -- Set non-toolchain portion of runtime path of "/home/yifeng/Dropbox/USC/Research/Project/lassie-traveler/dependencies/install/traveler_msgs/lib/libtraveler_msgs__rosidl_typesupport_introspection_cpp.so" to ""
[2.972s] -- Installing: /home/yifeng/Dropbox/USC/Research/Project/lassie-traveler/dependencies/install/traveler_msgs/lib/libtraveler_msgs__rosidl_typesupport_cpp.so
[2.972s] -- Set non-toolchain portion of runtime path of "/home/yifeng/Dropbox/USC/Research/Project/lassie-traveler/dependencies/install/traveler_msgs/lib/libtraveler_msgs__rosidl_typesupport_cpp.so" to ""
[2.972s] -- Installing: /home/yifeng/Dropbox/USC/Research/Project/lassie-traveler/dependencies/install/traveler_msgs/share/traveler_msgs/environment/pythonpath.sh
[2.972s] -- Installing: /home/yifeng/Dropbox/USC/Research/Project/lassie-traveler/dependencies/install/traveler_msgs/share/traveler_msgs/environment/pythonpath.dsv
[2.972s] -- Installing: /home/yifeng/Dropbox/USC/Research/Project/lassie-traveler/dependencies/install/traveler_msgs/lib/python3.12/site-packages/traveler_msgs-0.0.0-py3.12.egg-info
[2.972s] -- Installing: /home/yifeng/Dropbox/USC/Research/Project/lassie-traveler/dependencies/install/traveler_msgs/lib/python3.12/site-packages/traveler_msgs-0.0.0-py3.12.egg-info/SOURCES.txt
[2.972s] -- Installing: /home/yifeng/Dropbox/USC/Research/Project/lassie-traveler/dependencies/install/traveler_msgs/lib/python3.12/site-packages/traveler_msgs-0.0.0-py3.12.egg-info/top_level.txt
[2.972s] -- Installing: /home/yifeng/Dropbox/USC/Research/Project/lassie-traveler/dependencies/install/traveler_msgs/lib/python3.12/site-packages/traveler_msgs-0.0.0-py3.12.egg-info/dependency_links.txt
[2.972s] -- Installing: /home/yifeng/Dropbox/USC/Research/Project/lassie-traveler/dependencies/install/traveler_msgs/lib/python3.12/site-packages/traveler_msgs-0.0.0-py3.12.egg-info/PKG-INFO
[2.972s] -- Installing: /home/yifeng/Dropbox/USC/Research/Project/lassie-traveler/dependencies/install/traveler_msgs/lib/python3.12/site-packages/traveler_msgs
[2.972s] -- Installing: /home/yifeng/Dropbox/USC/Research/Project/lassie-traveler/dependencies/install/traveler_msgs/lib/python3.12/site-packages/traveler_msgs/_traveler_msgs_s.ep.rosidl_typesupport_c.c
[2.972s] -- Installing: /home/yifeng/Dropbox/USC/Research/Project/lassie-traveler/dependencies/install/traveler_msgs/lib/python3.12/site-packages/traveler_msgs/_traveler_msgs_s.ep.rosidl_typesupport_fastrtps_c.c
[2.972s] -- Installing: /home/yifeng/Dropbox/USC/Research/Project/lassie-traveler/dependencies/install/traveler_msgs/lib/python3.12/site-packages/traveler_msgs/msg
[2.972s] -- Installing: /home/yifeng/Dropbox/USC/Research/Project/lassie-traveler/dependencies/install/traveler_msgs/lib/python3.12/site-packages/traveler_msgs/msg/_traveler_config_s.c
[2.972s] -- Installing: /home/yifeng/Dropbox/USC/Research/Project/lassie-traveler/dependencies/install/traveler_msgs/lib/python3.12/site-packages/traveler_msgs/msg/_set_input_position.py
[2.972s] -- Installing: /home/yifeng/Dropbox/USC/Research/Project/lassie-traveler/dependencies/install/traveler_msgs/lib/python3.12/site-packages/traveler_msgs/msg/_traveler_status_s.c
[2.972s] -- Installing: /home/yifeng/Dropbox/USC/Research/Project/lassie-traveler/dependencies/install/traveler_msgs/lib/python3.12/site-packages/traveler_msgs/msg/_traveler_mode_s.c
[2.972s] -- Installing: /home/yifeng/Dropbox/USC/Research/Project/lassie-traveler/dependencies/install/traveler_msgs/lib/python3.12/site-packages/traveler_msgs/msg/__init__.py
[2.972s] -- Installing: /home/yifeng/Dropbox/USC/Research/Project/lassie-traveler/dependencies/install/traveler_msgs/lib/python3.12/site-packages/traveler_msgs/msg/_odrive_status.py
[2.972s] -- Installing: /home/yifeng/Dropbox/USC/Research/Project/lassie-traveler/dependencies/install/traveler_msgs/lib/python3.12/site-packages/traveler_msgs/msg/_traveler_mode.py
[2.972s] -- Installing: /home/yifeng/Dropbox/USC/Research/Project/lassie-traveler/dependencies/install/traveler_msgs/lib/python3.12/site-packages/traveler_msgs/msg/_traveler_config.py
[2.972s] -- Installing: /home/yifeng/Dropbox/USC/Research/Project/lassie-traveler/dependencies/install/traveler_msgs/lib/python3.12/site-packages/traveler_msgs/msg/_set_input_position_s.c
[2.972s] -- Installing: /home/yifeng/Dropbox/USC/Research/Project/lassie-traveler/dependencies/install/traveler_msgs/lib/python3.12/site-packages/traveler_msgs/msg/_odrive_status_s.c
[2.972s] -- Installing: /home/yifeng/Dropbox/USC/Research/Project/lassie-traveler/dependencies/install/traveler_msgs/lib/python3.12/site-packages/traveler_msgs/msg/_traveler_status.py
[2.972s] -- Installing: /home/yifeng/Dropbox/USC/Research/Project/lassie-traveler/dependencies/install/traveler_msgs/lib/python3.12/site-packages/traveler_msgs/__init__.py
[2.972s] -- Installing: /home/yifeng/Dropbox/USC/Research/Project/lassie-traveler/dependencies/install/traveler_msgs/lib/python3.12/site-packages/traveler_msgs/traveler_msgs_s__rosidl_typesupport_introspection_c.so
[2.972s] -- Installing: /home/yifeng/Dropbox/USC/Research/Project/lassie-traveler/dependencies/install/traveler_msgs/lib/python3.12/site-packages/traveler_msgs/_traveler_msgs_s.ep.rosidl_typesupport_introspection_c.c
[2.972s] -- Installing: /home/yifeng/Dropbox/USC/Research/Project/lassie-traveler/dependencies/install/traveler_msgs/lib/python3.12/site-packages/traveler_msgs/traveler_msgs_s__rosidl_typesupport_c.so
[2.972s] -- Installing: /home/yifeng/Dropbox/USC/Research/Project/lassie-traveler/dependencies/install/traveler_msgs/lib/python3.12/site-packages/traveler_msgs/traveler_msgs_s__rosidl_typesupport_fastrtps_c.so
[2.993s] Listing '/home/yifeng/Dropbox/USC/Research/Project/lassie-traveler/dependencies/install/traveler_msgs/lib/python3.12/site-packages/traveler_msgs'...
[2.993s] Compiling '/home/yifeng/Dropbox/USC/Research/Project/lassie-traveler/dependencies/install/traveler_msgs/lib/python3.12/site-packages/traveler_msgs/__init__.py'...
[2.993s] Listing '/home/yifeng/Dropbox/USC/Research/Project/lassie-traveler/dependencies/install/traveler_msgs/lib/python3.12/site-packages/traveler_msgs/msg'...
[2.993s] Compiling '/home/yifeng/Dropbox/USC/Research/Project/lassie-traveler/dependencies/install/traveler_msgs/lib/python3.12/site-packages/traveler_msgs/msg/__init__.py'...
[2.993s] Compiling '/home/yifeng/Dropbox/USC/Research/Project/lassie-traveler/dependencies/install/traveler_msgs/lib/python3.12/site-packages/traveler_msgs/msg/_odrive_status.py'...
[2.993s] Compiling '/home/yifeng/Dropbox/USC/Research/Project/lassie-traveler/dependencies/install/traveler_msgs/lib/python3.12/site-packages/traveler_msgs/msg/_set_input_position.py'...
[2.993s] Compiling '/home/yifeng/Dropbox/USC/Research/Project/lassie-traveler/dependencies/install/traveler_msgs/lib/python3.12/site-packages/traveler_msgs/msg/_traveler_config.py'...
[2.993s] Compiling '/home/yifeng/Dropbox/USC/Research/Project/lassie-traveler/dependencies/install/traveler_msgs/lib/python3.12/site-packages/traveler_msgs/msg/_traveler_mode.py'...
[2.993s] Compiling '/home/yifeng/Dropbox/USC/Research/Project/lassie-traveler/dependencies/install/traveler_msgs/lib/python3.12/site-packages/traveler_msgs/msg/_traveler_status.py'...
[2.996s] -- Installing: /home/yifeng/Dropbox/USC/Research/Project/lassie-traveler/dependencies/install/traveler_msgs/lib/python3.12/site-packages/traveler_msgs/traveler_msgs_s__rosidl_typesupport_fastrtps_c.so
[2.996s] -- Set non-toolchain portion of runtime path of "/home/yifeng/Dropbox/USC/Research/Project/lassie-traveler/dependencies/install/traveler_msgs/lib/python3.12/site-packages/traveler_msgs/traveler_msgs_s__rosidl_typesupport_fastrtps_c.so" to ""
[2.996s] -- Installing: /home/yifeng/Dropbox/USC/Research/Project/lassie-traveler/dependencies/install/traveler_msgs/lib/python3.12/site-packages/traveler_msgs/traveler_msgs_s__rosidl_typesupport_introspection_c.so
[2.996s] -- Set non-toolchain portion of runtime path of "/home/yifeng/Dropbox/USC/Research/Project/lassie-traveler/dependencies/install/traveler_msgs/lib/python3.12/site-packages/traveler_msgs/traveler_msgs_s__rosidl_typesupport_introspection_c.so" to ""
[2.996s] -- Installing: /home/yifeng/Dropbox/USC/Research/Project/lassie-traveler/dependencies/install/traveler_msgs/lib/python3.12/site-packages/traveler_msgs/traveler_msgs_s__rosidl_typesupport_c.so
[2.996s] -- Set non-toolchain portion of runtime path of "/home/yifeng/Dropbox/USC/Research/Project/lassie-traveler/dependencies/install/traveler_msgs/lib/python3.12/site-packages/traveler_msgs/traveler_msgs_s__rosidl_typesupport_c.so" to ""
[2.996s] -- Installing: /home/yifeng/Dropbox/USC/Research/Project/lassie-traveler/dependencies/install/traveler_msgs/lib/libtraveler_msgs__rosidl_generator_py.so
[2.997s] -- Set non-toolchain portion of runtime path of "/home/yifeng/Dropbox/USC/Research/Project/lassie-traveler/dependencies/install/traveler_msgs/lib/libtraveler_msgs__rosidl_generator_py.so" to ""
[2.997s] -- Installing: /home/yifeng/Dropbox/USC/Research/Project/lassie-traveler/dependencies/install/traveler_msgs/share/traveler_msgs/msg/TravelerConfig.idl
[2.997s] -- Installing: /home/yifeng/Dropbox/USC/Research/Project/lassie-traveler/dependencies/install/traveler_msgs/share/traveler_msgs/msg/TravelerMode.idl
[2.997s] -- Installing: /home/yifeng/Dropbox/USC/Research/Project/lassie-traveler/dependencies/install/traveler_msgs/share/traveler_msgs/msg/TravelerStatus.idl
[2.997s] -- Installing: /home/yifeng/Dropbox/USC/Research/Project/lassie-traveler/dependencies/install/traveler_msgs/share/traveler_msgs/msg/OdriveStatus.idl
[2.997s] -- Installing: /home/yifeng/Dropbox/USC/Research/Project/lassie-traveler/dependencies/install/traveler_msgs/share/traveler_msgs/msg/SetInputPosition.idl
[2.997s] -- Installing: /home/yifeng/Dropbox/USC/Research/Project/lassie-traveler/dependencies/install/traveler_msgs/share/traveler_msgs/msg/TravelerConfig.msg
[2.997s] -- Installing: /home/yifeng/Dropbox/USC/Research/Project/lassie-traveler/dependencies/install/traveler_msgs/share/traveler_msgs/msg/TravelerMode.msg
[2.997s] -- Installing: /home/yifeng/Dropbox/USC/Research/Project/lassie-traveler/dependencies/install/traveler_msgs/share/traveler_msgs/msg/TravelerStatus.msg
[2.997s] -- Installing: /home/yifeng/Dropbox/USC/Research/Project/lassie-traveler/dependencies/install/traveler_msgs/share/traveler_msgs/odrivemsg/OdriveStatus.msg
[2.997s] -- Installing: /home/yifeng/Dropbox/USC/Research/Project/lassie-traveler/dependencies/install/traveler_msgs/share/traveler_msgs/odrivemsg/SetInputPosition.msg
[2.997s] -- Installing: /home/yifeng/Dropbox/USC/Research/Project/lassie-traveler/dependencies/install/traveler_msgs/share/ament_index/resource_index/package_run_dependencies/traveler_msgs
[2.997s] -- Installing: /home/yifeng/Dropbox/USC/Research/Project/lassie-traveler/dependencies/install/traveler_msgs/share/ament_index/resource_index/parent_prefix_path/traveler_msgs
[2.997s] -- Installing: /home/yifeng/Dropbox/USC/Research/Project/lassie-traveler/dependencies/install/traveler_msgs/share/traveler_msgs/environment/ament_prefix_path.sh
[2.997s] -- Installing: /home/yifeng/Dropbox/USC/Research/Project/lassie-traveler/dependencies/install/traveler_msgs/share/traveler_msgs/environment/ament_prefix_path.dsv
[2.997s] -- Installing: /home/yifeng/Dropbox/USC/Research/Project/lassie-traveler/dependencies/install/traveler_msgs/share/traveler_msgs/environment/path.sh
[2.997s] -- Installing: /home/yifeng/Dropbox/USC/Research/Project/lassie-traveler/dependencies/install/traveler_msgs/share/traveler_msgs/environment/path.dsv
[2.997s] -- Installing: /home/yifeng/Dropbox/USC/Research/Project/lassie-traveler/dependencies/install/traveler_msgs/share/traveler_msgs/local_setup.bash
[2.997s] -- Installing: /home/yifeng/Dropbox/USC/Research/Project/lassie-traveler/dependencies/install/traveler_msgs/share/traveler_msgs/local_setup.sh
[2.997s] -- Installing: /home/yifeng/Dropbox/USC/Research/Project/lassie-traveler/dependencies/install/traveler_msgs/share/traveler_msgs/local_setup.zsh
[2.997s] -- Installing: /home/yifeng/Dropbox/USC/Research/Project/lassie-traveler/dependencies/install/traveler_msgs/share/traveler_msgs/local_setup.dsv
[2.997s] -- Installing: /home/yifeng/Dropbox/USC/Research/Project/lassie-traveler/dependencies/install/traveler_msgs/share/traveler_msgs/package.dsv
[2.997s] -- Installing: /home/yifeng/Dropbox/USC/Research/Project/lassie-traveler/dependencies/install/traveler_msgs/share/ament_index/resource_index/packages/traveler_msgs
[2.997s] -- Installing: /home/yifeng/Dropbox/USC/Research/Project/lassie-traveler/dependencies/install/traveler_msgs/share/traveler_msgs/cmake/export_traveler_msgs__rosidl_generator_cExport.cmake
[2.997s] -- Installing: /home/yifeng/Dropbox/USC/Research/Project/lassie-traveler/dependencies/install/traveler_msgs/share/traveler_msgs/cmake/export_traveler_msgs__rosidl_generator_cExport-noconfig.cmake
[2.997s] -- Installing: /home/yifeng/Dropbox/USC/Research/Project/lassie-traveler/dependencies/install/traveler_msgs/share/traveler_msgs/cmake/export_traveler_msgs__rosidl_typesupport_fastrtps_cExport.cmake
[2.998s] -- Installing: /home/yifeng/Dropbox/USC/Research/Project/lassie-traveler/dependencies/install/traveler_msgs/share/traveler_msgs/cmake/export_traveler_msgs__rosidl_typesupport_fastrtps_cExport-noconfig.cmake
[2.998s] -- Installing: /home/yifeng/Dropbox/USC/Research/Project/lassie-traveler/dependencies/install/traveler_msgs/share/traveler_msgs/cmake/export_traveler_msgs__rosidl_generator_cppExport.cmake
[2.998s] -- Installing: /home/yifeng/Dropbox/USC/Research/Project/lassie-traveler/dependencies/install/traveler_msgs/share/traveler_msgs/cmake/export_traveler_msgs__rosidl_typesupport_fastrtps_cppExport.cmake
[2.998s] -- Installing: /home/yifeng/Dropbox/USC/Research/Project/lassie-traveler/dependencies/install/traveler_msgs/share/traveler_msgs/cmake/export_traveler_msgs__rosidl_typesupport_fastrtps_cppExport-noconfig.cmake
[2.998s] -- Installing: /home/yifeng/Dropbox/USC/Research/Project/lassie-traveler/dependencies/install/traveler_msgs/share/traveler_msgs/cmake/traveler_msgs__rosidl_typesupport_introspection_cExport.cmake
[2.998s] -- Installing: /home/yifeng/Dropbox/USC/Research/Project/lassie-traveler/dependencies/install/traveler_msgs/share/traveler_msgs/cmake/traveler_msgs__rosidl_typesupport_introspection_cExport-noconfig.cmake
[2.998s] -- Installing: /home/yifeng/Dropbox/USC/Research/Project/lassie-traveler/dependencies/install/traveler_msgs/share/traveler_msgs/cmake/traveler_msgs__rosidl_typesupport_cExport.cmake
[2.998s] -- Installing: /home/yifeng/Dropbox/USC/Research/Project/lassie-traveler/dependencies/install/traveler_msgs/share/traveler_msgs/cmake/traveler_msgs__rosidl_typesupport_cExport-noconfig.cmake
[2.998s] -- Installing: /home/yifeng/Dropbox/USC/Research/Project/lassie-traveler/dependencies/install/traveler_msgs/share/traveler_msgs/cmake/traveler_msgs__rosidl_typesupport_introspection_cppExport.cmake
[2.998s] -- Installing: /home/yifeng/Dropbox/USC/Research/Project/lassie-traveler/dependencies/install/traveler_msgs/share/traveler_msgs/cmake/traveler_msgs__rosidl_typesupport_introspection_cppExport-noconfig.cmake
[2.998s] -- Installing: /home/yifeng/Dropbox/USC/Research/Project/lassie-traveler/dependencies/install/traveler_msgs/share/traveler_msgs/cmake/traveler_msgs__rosidl_typesupport_cppExport.cmake
[2.998s] -- Installing: /home/yifeng/Dropbox/USC/Research/Project/lassie-traveler/dependencies/install/traveler_msgs/share/traveler_msgs/cmake/traveler_msgs__rosidl_typesupport_cppExport-noconfig.cmake
[2.998s] -- Installing: /home/yifeng/Dropbox/USC/Research/Project/lassie-traveler/dependencies/install/traveler_msgs/share/traveler_msgs/cmake/export_traveler_msgs__rosidl_generator_pyExport.cmake
[2.998s] -- Installing: /home/yifeng/Dropbox/USC/Research/Project/lassie-traveler/dependencies/install/traveler_msgs/share/traveler_msgs/cmake/export_traveler_msgs__rosidl_generator_pyExport-noconfig.cmake
[2.998s] -- Installing: /home/yifeng/Dropbox/USC/Research/Project/lassie-traveler/dependencies/install/traveler_msgs/share/traveler_msgs/cmake/rosidl_cmake-extras.cmake
[2.998s] -- Installing: /home/yifeng/Dropbox/USC/Research/Project/lassie-traveler/dependencies/install/traveler_msgs/share/traveler_msgs/cmake/ament_cmake_export_include_directories-extras.cmake
[2.998s] -- Installing: /home/yifeng/Dropbox/USC/Research/Project/lassie-traveler/dependencies/install/traveler_msgs/share/traveler_msgs/cmake/ament_cmake_export_libraries-extras.cmake
[2.998s] -- Installing: /home/yifeng/Dropbox/USC/Research/Project/lassie-traveler/dependencies/install/traveler_msgs/share/traveler_msgs/cmake/ament_cmake_export_targets-extras.cmake
[2.998s] -- Installing: /home/yifeng/Dropbox/USC/Research/Project/lassie-traveler/dependencies/install/traveler_msgs/share/traveler_msgs/cmake/rosidl_cmake_export_typesupport_targets-extras.cmake
[2.998s] -- Installing: /home/yifeng/Dropbox/USC/Research/Project/lassie-traveler/dependencies/install/traveler_msgs/share/traveler_msgs/cmake/ament_cmake_export_dependencies-extras.cmake
[2.998s] -- Installing: /home/yifeng/Dropbox/USC/Research/Project/lassie-traveler/dependencies/install/traveler_msgs/share/traveler_msgs/cmake/rosidl_cmake_export_typesupport_libraries-extras.cmake
[2.998s] -- Installing: /home/yifeng/Dropbox/USC/Research/Project/lassie-traveler/dependencies/install/traveler_msgs/share/traveler_msgs/cmake/traveler_msgsConfig.cmake
[2.998s] -- Installing: /home/yifeng/Dropbox/USC/Research/Project/lassie-traveler/dependencies/install/traveler_msgs/share/traveler_msgs/cmake/traveler_msgsConfig-version.cmake
[2.998s] -- Installing: /home/yifeng/Dropbox/USC/Research/Project/lassie-traveler/dependencies/install/traveler_msgs/share/traveler_msgs/package.xml
[3.000s] Invoked command in '/home/yifeng/Dropbox/USC/Research/Project/lassie-traveler/dependencies/build/traveler_msgs' returned '0': CMAKE_PREFIX_PATH=${CMAKE_PREFIX_PATH}:/opt/ros/jazzy DEBUGINFOD_URLS=https://debuginfod.ubuntu.com /usr/bin/cmake --install /home/yifeng/Dropbox/USC/Research/Project/lassie-traveler/dependencies/build/traveler_msgs
