[0.006s] Invoking command in '/home/eeb16/Dropbox/USC/Research/Project/lassie-traveler/dependencies/build/traveler_high_controller': CMAKE_PREFIX_PATH=/home/eeb16/Dropbox/USC/Research/Project/lassie-traveler/dependencies/install/traveler_msgs:/home/eeb16/Dropbox/USC/Research/Project/lassie-traveler/dependencies/install/traveler_high_controller:/opt/ros/foxy /usr/bin/cmake --build /home/eeb16/Dropbox/USC/Research/Project/lassie-traveler/dependencies/build/traveler_high_controller -- -j16 -l16
[0.033s] [35m[1mScanning dependencies of target traveler_high_controller[0m
[0.042s] [ 31%] Built target odrive_can_interface
[0.051s] [ 37%] [32mBuilding CXX object CMakeFiles/traveler_high_controller.dir/src/controller/trajectories_parser.cpp.o[0m
[0.051s] [ 43%] [32mBuilding CXX object CMakeFiles/traveler_high_controller.dir/src/controller/Inverse_kinematics.cpp.o[0m
[0.283s] [01m[K/home/eeb16/Dropbox/USC/Research/Project/lassie-traveler/dependencies/traveler_controller/src/controller/trajectories_parser.cpp:[m[K In member function ‘[01m[Kbool traveler_namespace::control::TrajectoriesParser::waypointTrajectory(Traveler&)[m[K’:
[0.283s] [01m[K/home/eeb16/Dropbox/USC/Research/Project/lassie-traveler/dependencies/traveler_controller/src/controller/trajectories_parser.cpp:254:41:[m[K [01;35m[Kwarning: [m[Kcomparison of integer expressions of different signedness: ‘[01m[Kint[m[K’ and ‘[01m[Kstd::vector<Waypoint>::size_type[m[K’ {aka ‘[01m[Klong unsigned int[m[K’} [[01;35m[K-Wsign-compare[m[K]
[0.283s]   254 |                     if ([01;35m[Kwaypoint_index_ < waypoints_.size()[m[K) {
[0.283s]       |                         [01;35m[K~~~~~~~~~~~~~~~~^~~~~~~~~~~~~~~~~~~[m[K
[0.284s] [01m[K/home/eeb16/Dropbox/USC/Research/Project/lassie-traveler/dependencies/traveler_controller/src/controller/trajectories_parser.cpp:[m[K In member function ‘[01m[Kvoid traveler_namespace::control::TrajectoriesParser::generateWaypoints(Traveler&)[m[K’:
[0.284s] [01m[K/home/eeb16/Dropbox/USC/Research/Project/lassie-traveler/dependencies/traveler_controller/src/controller/trajectories_parser.cpp:393:31:[m[K [01;35m[Kwarning: [m[Kcomparison of integer expressions of different signedness: ‘[01m[Kint[m[K’ and ‘[01m[Kstd::vector<Waypoint>::size_type[m[K’ {aka ‘[01m[Klong unsigned int[m[K’} [[01;35m[K-Wsign-compare[m[K]
[0.284s]   393 |             for (int i = 0; [01;35m[Ki < waypoints_.size()[m[K; i++) {
[0.284s]       |                             [01;35m[K~~^~~~~~~~~~~~~~~~~~~[m[K
[0.385s] [ 50%] [32m[1mLinking CXX executable traveler_high_controller[0m
[0.645s] [100%] Built target traveler_high_controller
[0.654s] Invoked command in '/home/eeb16/Dropbox/USC/Research/Project/lassie-traveler/dependencies/build/traveler_high_controller' returned '0': CMAKE_PREFIX_PATH=/home/eeb16/Dropbox/USC/Research/Project/lassie-traveler/dependencies/install/traveler_msgs:/home/eeb16/Dropbox/USC/Research/Project/lassie-traveler/dependencies/install/traveler_high_controller:/opt/ros/foxy /usr/bin/cmake --build /home/eeb16/Dropbox/USC/Research/Project/lassie-traveler/dependencies/build/traveler_high_controller -- -j16 -l16
[0.655s] Invoking command in '/home/eeb16/Dropbox/USC/Research/Project/lassie-traveler/dependencies/build/traveler_high_controller': CMAKE_PREFIX_PATH=/home/eeb16/Dropbox/USC/Research/Project/lassie-traveler/dependencies/install/traveler_msgs:/home/eeb16/Dropbox/USC/Research/Project/lassie-traveler/dependencies/install/traveler_high_controller:/opt/ros/foxy /usr/bin/cmake --install /home/eeb16/Dropbox/USC/Research/Project/lassie-traveler/dependencies/build/traveler_high_controller
[0.660s] -- Install configuration: "Debug"
[0.660s] -- Installing: /home/eeb16/Dropbox/USC/Research/Project/lassie-traveler/dependencies/install/traveler_high_controller/lib/traveler_high_controller/traveler_high_controller
[0.667s] -- Set runtime path of "/home/eeb16/Dropbox/USC/Research/Project/lassie-traveler/dependencies/install/traveler_high_controller/lib/traveler_high_controller/traveler_high_controller" to ""
[0.668s] -- Up-to-date: /home/eeb16/Dropbox/USC/Research/Project/lassie-traveler/dependencies/install/traveler_high_controller/lib/traveler_high_controller/odrive_can_interface
[0.668s] -- Up-to-date: /home/eeb16/Dropbox/USC/Research/Project/lassie-traveler/dependencies/install/traveler_high_controller/share/ament_index/resource_index/package_run_dependencies/traveler_high_controller
[0.668s] -- Up-to-date: /home/eeb16/Dropbox/USC/Research/Project/lassie-traveler/dependencies/install/traveler_high_controller/share/ament_index/resource_index/parent_prefix_path/traveler_high_controller
[0.668s] -- Up-to-date: /home/eeb16/Dropbox/USC/Research/Project/lassie-traveler/dependencies/install/traveler_high_controller/share/traveler_high_controller/environment/ament_prefix_path.sh
[0.668s] -- Up-to-date: /home/eeb16/Dropbox/USC/Research/Project/lassie-traveler/dependencies/install/traveler_high_controller/share/traveler_high_controller/environment/ament_prefix_path.dsv
[0.668s] -- Up-to-date: /home/eeb16/Dropbox/USC/Research/Project/lassie-traveler/dependencies/install/traveler_high_controller/share/traveler_high_controller/environment/path.sh
[0.668s] -- Up-to-date: /home/eeb16/Dropbox/USC/Research/Project/lassie-traveler/dependencies/install/traveler_high_controller/share/traveler_high_controller/environment/path.dsv
[0.668s] -- Up-to-date: /home/eeb16/Dropbox/USC/Research/Project/lassie-traveler/dependencies/install/traveler_high_controller/share/traveler_high_controller/local_setup.bash
[0.668s] -- Up-to-date: /home/eeb16/Dropbox/USC/Research/Project/lassie-traveler/dependencies/install/traveler_high_controller/share/traveler_high_controller/local_setup.sh
[0.668s] -- Up-to-date: /home/eeb16/Dropbox/USC/Research/Project/lassie-traveler/dependencies/install/traveler_high_controller/share/traveler_high_controller/local_setup.zsh
[0.668s] -- Up-to-date: /home/eeb16/Dropbox/USC/Research/Project/lassie-traveler/dependencies/install/traveler_high_controller/share/traveler_high_controller/local_setup.dsv
[0.668s] -- Installing: /home/eeb16/Dropbox/USC/Research/Project/lassie-traveler/dependencies/install/traveler_high_controller/share/traveler_high_controller/package.dsv
[0.668s] -- Up-to-date: /home/eeb16/Dropbox/USC/Research/Project/lassie-traveler/dependencies/install/traveler_high_controller/share/ament_index/resource_index/packages/traveler_high_controller
[0.668s] -- Up-to-date: /home/eeb16/Dropbox/USC/Research/Project/lassie-traveler/dependencies/install/traveler_high_controller/share/traveler_high_controller/cmake/traveler_high_controllerConfig.cmake
[0.668s] -- Up-to-date: /home/eeb16/Dropbox/USC/Research/Project/lassie-traveler/dependencies/install/traveler_high_controller/share/traveler_high_controller/cmake/traveler_high_controllerConfig-version.cmake
[0.668s] -- Up-to-date: /home/eeb16/Dropbox/USC/Research/Project/lassie-traveler/dependencies/install/traveler_high_controller/share/traveler_high_controller/package.xml
[0.670s] Invoked command in '/home/eeb16/Dropbox/USC/Research/Project/lassie-traveler/dependencies/build/traveler_high_controller' returned '0': CMAKE_PREFIX_PATH=/home/eeb16/Dropbox/USC/Research/Project/lassie-traveler/dependencies/install/traveler_msgs:/home/eeb16/Dropbox/USC/Research/Project/lassie-traveler/dependencies/install/traveler_high_controller:/opt/ros/foxy /usr/bin/cmake --install /home/eeb16/Dropbox/USC/Research/Project/lassie-traveler/dependencies/build/traveler_high_controller
