[ 31%] Built target odrive_can_interface
[ 37%] [32mBuilding CXX object CMakeFiles/traveler_high_controller.dir/src/proxy/upperproxy.cpp.o[0m
[ 43%] [32m[1mLinking CXX executable traveler_high_controller[0m
[100%] Built target traveler_high_controller
-- Install configuration: "Debug"
-- Installing: /home/yifeng/Dropbox/USC/Research/Project/lassie-traveler/dependencies/install/traveler_high_controller/lib/traveler_high_controller/traveler_high_controller
-- Set non-toolchain portion of runtime path of "/home/yifeng/Dropbox/USC/Research/Project/lassie-traveler/dependencies/install/traveler_high_controller/lib/traveler_high_controller/traveler_high_controller" to ""
-- Installing: /home/yifeng/Dropbox/USC/Research/Project/lassie-traveler/dependencies/install/traveler_high_controller/lib/traveler_high_controller/odrive_can_interface
-- Set non-toolchain portion of runtime path of "/home/yifeng/Dropbox/USC/Research/Project/lassie-traveler/dependencies/install/traveler_high_controller/lib/traveler_high_controller/odrive_can_interface" to ""
-- Installing: /home/yifeng/Dropbox/USC/Research/Project/lassie-traveler/dependencies/install/traveler_high_controller/share/ament_index/resource_index/package_run_dependencies/traveler_high_controller
-- Installing: /home/yifeng/Dropbox/USC/Research/Project/lassie-traveler/dependencies/install/traveler_high_controller/share/ament_index/resource_index/parent_prefix_path/traveler_high_controller
-- Installing: /home/yifeng/Dropbox/USC/Research/Project/lassie-traveler/dependencies/install/traveler_high_controller/share/traveler_high_controller/environment/ament_prefix_path.sh
-- Installing: /home/yifeng/Dropbox/USC/Research/Project/lassie-traveler/dependencies/install/traveler_high_controller/share/traveler_high_controller/environment/ament_prefix_path.dsv
-- Installing: /home/yifeng/Dropbox/USC/Research/Project/lassie-traveler/dependencies/install/traveler_high_controller/share/traveler_high_controller/environment/path.sh
-- Installing: /home/yifeng/Dropbox/USC/Research/Project/lassie-traveler/dependencies/install/traveler_high_controller/share/traveler_high_controller/environment/path.dsv
-- Installing: /home/yifeng/Dropbox/USC/Research/Project/lassie-traveler/dependencies/install/traveler_high_controller/share/traveler_high_controller/local_setup.bash
-- Installing: /home/yifeng/Dropbox/USC/Research/Project/lassie-traveler/dependencies/install/traveler_high_controller/share/traveler_high_controller/local_setup.sh
-- Installing: /home/yifeng/Dropbox/USC/Research/Project/lassie-traveler/dependencies/install/traveler_high_controller/share/traveler_high_controller/local_setup.zsh
-- Installing: /home/yifeng/Dropbox/USC/Research/Project/lassie-traveler/dependencies/install/traveler_high_controller/share/traveler_high_controller/local_setup.dsv
-- Installing: /home/yifeng/Dropbox/USC/Research/Project/lassie-traveler/dependencies/install/traveler_high_controller/share/traveler_high_controller/package.dsv
-- Installing: /home/yifeng/Dropbox/USC/Research/Project/lassie-traveler/dependencies/install/traveler_high_controller/share/ament_index/resource_index/packages/traveler_high_controller
-- Installing: /home/yifeng/Dropbox/USC/Research/Project/lassie-traveler/dependencies/install/traveler_high_controller/share/traveler_high_controller/cmake/traveler_high_controllerConfig.cmake
-- Installing: /home/yifeng/Dropbox/USC/Research/Project/lassie-traveler/dependencies/install/traveler_high_controller/share/traveler_high_controller/cmake/traveler_high_controllerConfig-version.cmake
-- Installing: /home/yifeng/Dropbox/USC/Research/Project/lassie-traveler/dependencies/install/traveler_high_controller/share/traveler_high_controller/package.xml
