[0.004s] Invoking command in '/home/yifeng/Dropbox/USC/Research/Project/lassie-traveler/dependencies/build/traveler_high_controller': CMAKE_PREFIX_PATH=/home/yifeng/Dropbox/USC/Research/Project/lassie-traveler/dependencies/install/traveler_msgs:/home/yifeng/Dropbox/USC/Research/Project/lassie-traveler/dependencies/install/traveler_high_controller:/opt/ros/jazzy/opt/gz_math_vendor:/opt/ros/jazzy/opt/gz_utils_vendor:/opt/ros/jazzy/opt/gz_cmake_vendor:/opt/ros/jazzy DEBUGINFOD_URLS=https://debuginfod.ubuntu.com /usr/bin/cmake --build /home/yifeng/Dropbox/USC/Research/Project/lassie-traveler/dependencies/build/traveler_high_controller -- -j32 -l32
[0.031s] [ 31%] Built target odrive_can_interface
[0.041s] [ 37%] [32mBuilding CXX object CMakeFiles/traveler_high_controller.dir/src/proxy/upperproxy.cpp.o[0m
[5.246s] [ 43%] [32m[1mLinking CXX executable traveler_high_controller[0m
[5.548s] [100%] Built target traveler_high_controller
[5.554s] Invoked command in '/home/yifeng/Dropbox/USC/Research/Project/lassie-traveler/dependencies/build/traveler_high_controller' returned '0': CMAKE_PREFIX_PATH=/home/yifeng/Dropbox/USC/Research/Project/lassie-traveler/dependencies/install/traveler_msgs:/home/yifeng/Dropbox/USC/Research/Project/lassie-traveler/dependencies/install/traveler_high_controller:/opt/ros/jazzy/opt/gz_math_vendor:/opt/ros/jazzy/opt/gz_utils_vendor:/opt/ros/jazzy/opt/gz_cmake_vendor:/opt/ros/jazzy DEBUGINFOD_URLS=https://debuginfod.ubuntu.com /usr/bin/cmake --build /home/yifeng/Dropbox/USC/Research/Project/lassie-traveler/dependencies/build/traveler_high_controller -- -j32 -l32
[5.554s] Invoking command in '/home/yifeng/Dropbox/USC/Research/Project/lassie-traveler/dependencies/build/traveler_high_controller': CMAKE_PREFIX_PATH=/home/yifeng/Dropbox/USC/Research/Project/lassie-traveler/dependencies/install/traveler_msgs:/home/yifeng/Dropbox/USC/Research/Project/lassie-traveler/dependencies/install/traveler_high_controller:/opt/ros/jazzy/opt/gz_math_vendor:/opt/ros/jazzy/opt/gz_utils_vendor:/opt/ros/jazzy/opt/gz_cmake_vendor:/opt/ros/jazzy DEBUGINFOD_URLS=https://debuginfod.ubuntu.com /usr/bin/cmake --install /home/yifeng/Dropbox/USC/Research/Project/lassie-traveler/dependencies/build/traveler_high_controller
[5.558s] -- Install configuration: "Debug"
[5.558s] -- Installing: /home/yifeng/Dropbox/USC/Research/Project/lassie-traveler/dependencies/install/traveler_high_controller/lib/traveler_high_controller/traveler_high_controller
[5.566s] -- Set non-toolchain portion of runtime path of "/home/yifeng/Dropbox/USC/Research/Project/lassie-traveler/dependencies/install/traveler_high_controller/lib/traveler_high_controller/traveler_high_controller" to ""
[5.566s] -- Installing: /home/yifeng/Dropbox/USC/Research/Project/lassie-traveler/dependencies/install/traveler_high_controller/lib/traveler_high_controller/odrive_can_interface
[5.571s] -- Set non-toolchain portion of runtime path of "/home/yifeng/Dropbox/USC/Research/Project/lassie-traveler/dependencies/install/traveler_high_controller/lib/traveler_high_controller/odrive_can_interface" to ""
[5.571s] -- Installing: /home/yifeng/Dropbox/USC/Research/Project/lassie-traveler/dependencies/install/traveler_high_controller/share/ament_index/resource_index/package_run_dependencies/traveler_high_controller
[5.571s] -- Installing: /home/yifeng/Dropbox/USC/Research/Project/lassie-traveler/dependencies/install/traveler_high_controller/share/ament_index/resource_index/parent_prefix_path/traveler_high_controller
[5.571s] -- Installing: /home/yifeng/Dropbox/USC/Research/Project/lassie-traveler/dependencies/install/traveler_high_controller/share/traveler_high_controller/environment/ament_prefix_path.sh
[5.571s] -- Installing: /home/yifeng/Dropbox/USC/Research/Project/lassie-traveler/dependencies/install/traveler_high_controller/share/traveler_high_controller/environment/ament_prefix_path.dsv
[5.571s] -- Installing: /home/yifeng/Dropbox/USC/Research/Project/lassie-traveler/dependencies/install/traveler_high_controller/share/traveler_high_controller/environment/path.sh
[5.571s] -- Installing: /home/yifeng/Dropbox/USC/Research/Project/lassie-traveler/dependencies/install/traveler_high_controller/share/traveler_high_controller/environment/path.dsv
[5.571s] -- Installing: /home/yifeng/Dropbox/USC/Research/Project/lassie-traveler/dependencies/install/traveler_high_controller/share/traveler_high_controller/local_setup.bash
[5.571s] -- Installing: /home/yifeng/Dropbox/USC/Research/Project/lassie-traveler/dependencies/install/traveler_high_controller/share/traveler_high_controller/local_setup.sh
[5.571s] -- Installing: /home/yifeng/Dropbox/USC/Research/Project/lassie-traveler/dependencies/install/traveler_high_controller/share/traveler_high_controller/local_setup.zsh
[5.571s] -- Installing: /home/yifeng/Dropbox/USC/Research/Project/lassie-traveler/dependencies/install/traveler_high_controller/share/traveler_high_controller/local_setup.dsv
[5.571s] -- Installing: /home/yifeng/Dropbox/USC/Research/Project/lassie-traveler/dependencies/install/traveler_high_controller/share/traveler_high_controller/package.dsv
[5.571s] -- Installing: /home/yifeng/Dropbox/USC/Research/Project/lassie-traveler/dependencies/install/traveler_high_controller/share/ament_index/resource_index/packages/traveler_high_controller
[5.571s] -- Installing: /home/yifeng/Dropbox/USC/Research/Project/lassie-traveler/dependencies/install/traveler_high_controller/share/traveler_high_controller/cmake/traveler_high_controllerConfig.cmake
[5.571s] -- Installing: /home/yifeng/Dropbox/USC/Research/Project/lassie-traveler/dependencies/install/traveler_high_controller/share/traveler_high_controller/cmake/traveler_high_controllerConfig-version.cmake
[5.571s] -- Installing: /home/yifeng/Dropbox/USC/Research/Project/lassie-traveler/dependencies/install/traveler_high_controller/share/traveler_high_controller/package.xml
[5.573s] Invoked command in '/home/yifeng/Dropbox/USC/Research/Project/lassie-traveler/dependencies/build/traveler_high_controller' returned '0': CMAKE_PREFIX_PATH=/home/yifeng/Dropbox/USC/Research/Project/lassie-traveler/dependencies/install/traveler_msgs:/home/yifeng/Dropbox/USC/Research/Project/lassie-traveler/dependencies/install/traveler_high_controller:/opt/ros/jazzy/opt/gz_math_vendor:/opt/ros/jazzy/opt/gz_utils_vendor:/opt/ros/jazzy/opt/gz_cmake_vendor:/opt/ros/jazzy DEBUGINFOD_URLS=https://debuginfod.ubuntu.com /usr/bin/cmake --install /home/yifeng/Dropbox/USC/Research/Project/lassie-traveler/dependencies/build/traveler_high_controller
