[0.070s] DEBUG:colcon:Command line arguments: ['/usr/bin/colcon', 'build', '--executor', 'sequential']
[0.070s] DEBUG:colcon:Parsed command line arguments: Namespace(log_base=None, log_level=None, verb_name='build', build_base='build', install_base='install', merge_install=False, symlink_install=False, test_result_base=None, continue_on_error=False, executor='sequential', parallel_workers=32, event_handlers=None, ignore_user_meta=False, metas=['./colcon.meta'], base_paths=['.'], packages_ignore=None, packages_ignore_regex=None, paths=None, packages_up_to=None, packages_up_to_regex=None, packages_above=None, packages_above_and_dependencies=None, packages_above_depth=None, packages_select_by_dep=None, packages_skip_by_dep=None, packages_skip_up_to=None, packages_select_build_failed=False, packages_skip_build_finished=False, packages_select_test_failures=False, packages_skip_test_passed=False, packages_select=None, packages_skip=None, packages_select_regex=None, packages_skip_regex=None, packages_start=None, packages_end=None, allow_overriding=[], cmake_args=None, cmake_target=None, cmake_target_skip_unavailable=False, cmake_clean_cache=False, cmake_clean_first=False, cmake_force_configure=False, ament_cmake_args=None, catkin_cmake_args=None, catkin_skip_building_tests=False, mixin_files=None, mixin=None, verb_parser=<colcon_mixin.mixin.mixin_argument.MixinArgumentDecorator object at 0x7e14c09956a0>, verb_extension=<colcon_core.verb.build.BuildVerb object at 0x7e14c0995400>, main=<bound method BuildVerb.main of <colcon_core.verb.build.BuildVerb object at 0x7e14c0995400>>, mixin_verb=('build',))
[0.109s] Level 1:colcon.colcon_core.package_discovery:discover_packages(colcon_meta) check parameters
[0.109s] Level 1:colcon.colcon_core.package_discovery:discover_packages(recursive) check parameters
[0.109s] Level 1:colcon.colcon_core.package_discovery:discover_packages(ignore) check parameters
[0.109s] Level 1:colcon.colcon_core.package_discovery:discover_packages(path) check parameters
[0.109s] Level 1:colcon.colcon_core.package_discovery:discover_packages(colcon_meta) discover
[0.109s] Level 1:colcon.colcon_core.package_discovery:discover_packages(recursive) discover
[0.109s] INFO:colcon.colcon_core.package_discovery:Crawling recursively for packages in '/home/yifeng/Dropbox/USC/Research/Project/lassie-traveler/dependencies'
[0.109s] Level 1:colcon.colcon_core.package_identification:_identify(.) by extensions ['ignore', 'ignore_ament_install']
[0.109s] Level 1:colcon.colcon_core.package_identification:_identify(.) by extension 'ignore'
[0.109s] Level 1:colcon.colcon_core.package_identification:_identify(.) by extension 'ignore_ament_install'
[0.109s] Level 1:colcon.colcon_core.package_identification:_identify(.) by extensions ['colcon_pkg']
[0.109s] Level 1:colcon.colcon_core.package_identification:_identify(.) by extension 'colcon_pkg'
[0.109s] Level 1:colcon.colcon_core.package_identification:_identify(.) by extensions ['colcon_meta']
[0.109s] Level 1:colcon.colcon_core.package_identification:_identify(.) by extension 'colcon_meta'
[0.109s] Level 1:colcon.colcon_core.package_identification:_identify(.) by extensions ['ros']
[0.109s] Level 1:colcon.colcon_core.package_identification:_identify(.) by extension 'ros'
[0.127s] Level 1:colcon.colcon_core.package_identification:_identify(.) by extensions ['cmake', 'python']
[0.127s] Level 1:colcon.colcon_core.package_identification:_identify(.) by extension 'cmake'
[0.127s] Level 1:colcon.colcon_core.package_identification:_identify(.) by extension 'python'
[0.127s] Level 1:colcon.colcon_core.package_identification:_identify(.) by extensions ['python_setup_py']
[0.127s] Level 1:colcon.colcon_core.package_identification:_identify(.) by extension 'python_setup_py'
[0.127s] Level 1:colcon.colcon_core.package_identification:_identify(build) by extensions ['ignore', 'ignore_ament_install']
[0.127s] Level 1:colcon.colcon_core.package_identification:_identify(build) by extension 'ignore'
[0.127s] Level 1:colcon.colcon_core.package_identification:_identify(build) ignored
[0.127s] Level 1:colcon.colcon_core.package_identification:_identify(install) by extensions ['ignore', 'ignore_ament_install']
[0.127s] Level 1:colcon.colcon_core.package_identification:_identify(install) by extension 'ignore'
[0.127s] Level 1:colcon.colcon_core.package_identification:_identify(install) ignored
[0.127s] Level 1:colcon.colcon_core.package_identification:_identify(log) by extensions ['ignore', 'ignore_ament_install']
[0.127s] Level 1:colcon.colcon_core.package_identification:_identify(log) by extension 'ignore'
[0.127s] Level 1:colcon.colcon_core.package_identification:_identify(log) ignored
[0.127s] Level 1:colcon.colcon_core.package_identification:_identify(traveler_controller) by extensions ['ignore', 'ignore_ament_install']
[0.127s] Level 1:colcon.colcon_core.package_identification:_identify(traveler_controller) by extension 'ignore'
[0.127s] Level 1:colcon.colcon_core.package_identification:_identify(traveler_controller) by extension 'ignore_ament_install'
[0.127s] Level 1:colcon.colcon_core.package_identification:_identify(traveler_controller) by extensions ['colcon_pkg']
[0.127s] Level 1:colcon.colcon_core.package_identification:_identify(traveler_controller) by extension 'colcon_pkg'
[0.127s] Level 1:colcon.colcon_core.package_identification:_identify(traveler_controller) by extensions ['colcon_meta']
[0.127s] Level 1:colcon.colcon_core.package_identification:_identify(traveler_controller) by extension 'colcon_meta'
[0.127s] Level 1:colcon.colcon_core.package_identification:_identify(traveler_controller) by extensions ['ros']
[0.127s] Level 1:colcon.colcon_core.package_identification:_identify(traveler_controller) by extension 'ros'
[0.129s] DEBUG:colcon.colcon_core.package_identification:Package 'traveler_controller' with type 'ros.ament_cmake' and name 'traveler_high_controller'
[0.129s] Level 1:colcon.colcon_core.package_identification:_identify(traveler_msgs) by extensions ['ignore', 'ignore_ament_install']
[0.129s] Level 1:colcon.colcon_core.package_identification:_identify(traveler_msgs) by extension 'ignore'
[0.129s] Level 1:colcon.colcon_core.package_identification:_identify(traveler_msgs) by extension 'ignore_ament_install'
[0.129s] Level 1:colcon.colcon_core.package_identification:_identify(traveler_msgs) by extensions ['colcon_pkg']
[0.129s] Level 1:colcon.colcon_core.package_identification:_identify(traveler_msgs) by extension 'colcon_pkg'
[0.129s] Level 1:colcon.colcon_core.package_identification:_identify(traveler_msgs) by extensions ['colcon_meta']
[0.129s] Level 1:colcon.colcon_core.package_identification:_identify(traveler_msgs) by extension 'colcon_meta'
[0.129s] Level 1:colcon.colcon_core.package_identification:_identify(traveler_msgs) by extensions ['ros']
[0.129s] Level 1:colcon.colcon_core.package_identification:_identify(traveler_msgs) by extension 'ros'
[0.129s] DEBUG:colcon.colcon_core.package_identification:Package 'traveler_msgs' with type 'ros.ament_cmake' and name 'traveler_msgs'
[0.129s] Level 1:colcon.colcon_core.package_discovery:discover_packages(recursive) using defaults
[0.129s] Level 1:colcon.colcon_core.package_discovery:discover_packages(ignore) discover
[0.129s] Level 1:colcon.colcon_core.package_discovery:discover_packages(ignore) using defaults
[0.129s] Level 1:colcon.colcon_core.package_discovery:discover_packages(path) discover
[0.129s] Level 1:colcon.colcon_core.package_discovery:discover_packages(path) using defaults
[0.141s] Level 1:colcon.colcon_core.package_discovery:discover_packages(prefix_path) check parameters
[0.141s] Level 1:colcon.colcon_core.package_discovery:discover_packages(prefix_path) discover
[0.141s] WARNING:colcon.colcon_ros.prefix_path.ament:The path '/home/yifeng/Dropbox/USC/Research/Project/lassie-traveler/dependencies/install/traveler_high_controller' in the environment variable AMENT_PREFIX_PATH doesn't exist
[0.141s] WARNING:colcon.colcon_ros.prefix_path.ament:The path '/home/yifeng/Dropbox/USC/Research/Project/lassie-traveler/dependencies/install/traveler_msgs' in the environment variable AMENT_PREFIX_PATH doesn't exist
[0.142s] WARNING:colcon.colcon_ros.prefix_path.catkin:The path '/home/yifeng/Dropbox/USC/Research/Project/lassie-traveler/dependencies/install/traveler_high_controller' in the environment variable CMAKE_PREFIX_PATH doesn't exist
[0.142s] WARNING:colcon.colcon_ros.prefix_path.catkin:The path '/home/yifeng/Dropbox/USC/Research/Project/lassie-traveler/dependencies/install/traveler_msgs' in the environment variable CMAKE_PREFIX_PATH doesn't exist
[0.143s] DEBUG:colcon.colcon_installed_package_information.package_discovery:Found 0 installed packages in /home/yifeng/Dropbox/USC/Research/Project/lassie-traveler/dependencies/install
[0.144s] DEBUG:colcon.colcon_installed_package_information.package_discovery:Found 286 installed packages in /opt/ros/jazzy
[0.144s] Level 1:colcon.colcon_core.package_discovery:discover_packages(prefix_path) using defaults
[0.164s] Level 5:colcon.colcon_core.verb:set package 'traveler_msgs' build argument 'cmake_args' from command line to 'None'
[0.165s] Level 5:colcon.colcon_core.verb:set package 'traveler_msgs' build argument 'cmake_target' from command line to 'None'
[0.165s] Level 5:colcon.colcon_core.verb:set package 'traveler_msgs' build argument 'cmake_target_skip_unavailable' from command line to 'False'
[0.165s] Level 5:colcon.colcon_core.verb:set package 'traveler_msgs' build argument 'cmake_clean_cache' from command line to 'False'
[0.165s] Level 5:colcon.colcon_core.verb:set package 'traveler_msgs' build argument 'cmake_clean_first' from command line to 'False'
[0.165s] Level 5:colcon.colcon_core.verb:set package 'traveler_msgs' build argument 'cmake_force_configure' from command line to 'False'
[0.165s] Level 5:colcon.colcon_core.verb:set package 'traveler_msgs' build argument 'ament_cmake_args' from command line to 'None'
[0.165s] Level 5:colcon.colcon_core.verb:set package 'traveler_msgs' build argument 'catkin_cmake_args' from command line to 'None'
[0.165s] Level 5:colcon.colcon_core.verb:set package 'traveler_msgs' build argument 'catkin_skip_building_tests' from command line to 'False'
[0.165s] DEBUG:colcon.colcon_core.verb:Building package 'traveler_msgs' with the following arguments: {'ament_cmake_args': None, 'build_base': '/home/yifeng/Dropbox/USC/Research/Project/lassie-traveler/dependencies/build/traveler_msgs', 'catkin_cmake_args': None, 'catkin_skip_building_tests': False, 'cmake_args': None, 'cmake_clean_cache': False, 'cmake_clean_first': False, 'cmake_force_configure': False, 'cmake_target': None, 'cmake_target_skip_unavailable': False, 'install_base': '/home/yifeng/Dropbox/USC/Research/Project/lassie-traveler/dependencies/install/traveler_msgs', 'merge_install': False, 'path': '/home/yifeng/Dropbox/USC/Research/Project/lassie-traveler/dependencies/traveler_msgs', 'symlink_install': False, 'test_result_base': None}
[0.165s] Level 5:colcon.colcon_core.verb:set package 'traveler_high_controller' build argument 'cmake_args' from command line to 'None'
[0.165s] Level 5:colcon.colcon_core.verb:set package 'traveler_high_controller' build argument 'cmake_target' from command line to 'None'
[0.165s] Level 5:colcon.colcon_core.verb:set package 'traveler_high_controller' build argument 'cmake_target_skip_unavailable' from command line to 'False'
[0.165s] Level 5:colcon.colcon_core.verb:set package 'traveler_high_controller' build argument 'cmake_clean_cache' from command line to 'False'
[0.165s] Level 5:colcon.colcon_core.verb:set package 'traveler_high_controller' build argument 'cmake_clean_first' from command line to 'False'
[0.165s] Level 5:colcon.colcon_core.verb:set package 'traveler_high_controller' build argument 'cmake_force_configure' from command line to 'False'
[0.165s] Level 5:colcon.colcon_core.verb:set package 'traveler_high_controller' build argument 'ament_cmake_args' from command line to 'None'
[0.165s] Level 5:colcon.colcon_core.verb:set package 'traveler_high_controller' build argument 'catkin_cmake_args' from command line to 'None'
[0.165s] Level 5:colcon.colcon_core.verb:set package 'traveler_high_controller' build argument 'catkin_skip_building_tests' from command line to 'False'
[0.165s] DEBUG:colcon.colcon_core.verb:Building package 'traveler_high_controller' with the following arguments: {'ament_cmake_args': None, 'build_base': '/home/yifeng/Dropbox/USC/Research/Project/lassie-traveler/dependencies/build/traveler_high_controller', 'catkin_cmake_args': None, 'catkin_skip_building_tests': False, 'cmake_args': None, 'cmake_clean_cache': False, 'cmake_clean_first': False, 'cmake_force_configure': False, 'cmake_target': None, 'cmake_target_skip_unavailable': False, 'install_base': '/home/yifeng/Dropbox/USC/Research/Project/lassie-traveler/dependencies/install/traveler_high_controller', 'merge_install': False, 'path': '/home/yifeng/Dropbox/USC/Research/Project/lassie-traveler/dependencies/traveler_controller', 'symlink_install': False, 'test_result_base': None}
[0.165s] INFO:colcon.colcon_core.executor:Executing jobs using 'sequential' executor
[0.165s] DEBUG:colcon.colcon_core.executor.sequential:run_until_complete 'traveler_msgs'
[0.166s] INFO:colcon.colcon_ros.task.ament_cmake.build:Building ROS package in '/home/yifeng/Dropbox/USC/Research/Project/lassie-traveler/dependencies/traveler_msgs' with build type 'ament_cmake'
[0.166s] INFO:colcon.colcon_cmake.task.cmake.build:Building CMake package in '/home/yifeng/Dropbox/USC/Research/Project/lassie-traveler/dependencies/traveler_msgs'
[0.168s] INFO:colcon.colcon_core.plugin_system:Skipping extension 'colcon_core.shell.bat': Not used on non-Windows systems
[0.168s] INFO:colcon.colcon_core.shell:Skip shell extension 'powershell' for command environment: Not usable outside of PowerShell
[0.168s] DEBUG:colcon.colcon_core.shell:Skip shell extension 'dsv' for command environment
[0.172s] DEBUG:colcon.colcon_core.event_handler.log_command:Invoking command in '/home/yifeng/Dropbox/USC/Research/Project/lassie-traveler/dependencies/build/traveler_msgs': CMAKE_PREFIX_PATH=${CMAKE_PREFIX_PATH}:/opt/ros/jazzy DEBUGINFOD_URLS=https://debuginfod.ubuntu.com /usr/bin/cmake /home/yifeng/Dropbox/USC/Research/Project/lassie-traveler/dependencies/traveler_msgs -DCMAKE_INSTALL_PREFIX=/home/yifeng/Dropbox/USC/Research/Project/lassie-traveler/dependencies/install/traveler_msgs
[1.815s] DEBUG:colcon.colcon_core.event_handler.log_command:Invoked command in '/home/yifeng/Dropbox/USC/Research/Project/lassie-traveler/dependencies/build/traveler_msgs' returned '0': CMAKE_PREFIX_PATH=${CMAKE_PREFIX_PATH}:/opt/ros/jazzy DEBUGINFOD_URLS=https://debuginfod.ubuntu.com /usr/bin/cmake /home/yifeng/Dropbox/USC/Research/Project/lassie-traveler/dependencies/traveler_msgs -DCMAKE_INSTALL_PREFIX=/home/yifeng/Dropbox/USC/Research/Project/lassie-traveler/dependencies/install/traveler_msgs
[1.816s] DEBUG:colcon.colcon_core.event_handler.log_command:Invoking command in '/home/yifeng/Dropbox/USC/Research/Project/lassie-traveler/dependencies/build/traveler_msgs': CMAKE_PREFIX_PATH=${CMAKE_PREFIX_PATH}:/opt/ros/jazzy DEBUGINFOD_URLS=https://debuginfod.ubuntu.com /usr/bin/cmake --build /home/yifeng/Dropbox/USC/Research/Project/lassie-traveler/dependencies/build/traveler_msgs -- -j32 -l32
[3.126s] DEBUG:colcon.colcon_core.event_handler.log_command:Invoked command in '/home/yifeng/Dropbox/USC/Research/Project/lassie-traveler/dependencies/build/traveler_msgs' returned '0': CMAKE_PREFIX_PATH=${CMAKE_PREFIX_PATH}:/opt/ros/jazzy DEBUGINFOD_URLS=https://debuginfod.ubuntu.com /usr/bin/cmake --build /home/yifeng/Dropbox/USC/Research/Project/lassie-traveler/dependencies/build/traveler_msgs -- -j32 -l32
[3.130s] DEBUG:colcon.colcon_core.event_handler.log_command:Invoking command in '/home/yifeng/Dropbox/USC/Research/Project/lassie-traveler/dependencies/build/traveler_msgs': CMAKE_PREFIX_PATH=${CMAKE_PREFIX_PATH}:/opt/ros/jazzy DEBUGINFOD_URLS=https://debuginfod.ubuntu.com /usr/bin/cmake --install /home/yifeng/Dropbox/USC/Research/Project/lassie-traveler/dependencies/build/traveler_msgs
[3.165s] Level 1:colcon.colcon_core.environment:create_environment_scripts_only(traveler_msgs)
[3.166s] DEBUG:colcon.colcon_core.event_handler.log_command:Invoked command in '/home/yifeng/Dropbox/USC/Research/Project/lassie-traveler/dependencies/build/traveler_msgs' returned '0': CMAKE_PREFIX_PATH=${CMAKE_PREFIX_PATH}:/opt/ros/jazzy DEBUGINFOD_URLS=https://debuginfod.ubuntu.com /usr/bin/cmake --install /home/yifeng/Dropbox/USC/Research/Project/lassie-traveler/dependencies/build/traveler_msgs
[3.167s] Level 1:colcon.colcon_core.environment:checking '/home/yifeng/Dropbox/USC/Research/Project/lassie-traveler/dependencies/install/traveler_msgs' for CMake module files
[3.168s] Level 1:colcon.colcon_core.environment:checking '/home/yifeng/Dropbox/USC/Research/Project/lassie-traveler/dependencies/install/traveler_msgs' for CMake config files
[3.168s] Level 1:colcon.colcon_core.shell:create_environment_hook('traveler_msgs', 'cmake_prefix_path')
[3.168s] INFO:colcon.colcon_core.shell:Creating environment hook '/home/yifeng/Dropbox/USC/Research/Project/lassie-traveler/dependencies/install/traveler_msgs/share/traveler_msgs/hook/cmake_prefix_path.ps1'
[3.168s] INFO:colcon.colcon_core.shell:Creating environment descriptor '/home/yifeng/Dropbox/USC/Research/Project/lassie-traveler/dependencies/install/traveler_msgs/share/traveler_msgs/hook/cmake_prefix_path.dsv'
[3.168s] INFO:colcon.colcon_core.shell:Creating environment hook '/home/yifeng/Dropbox/USC/Research/Project/lassie-traveler/dependencies/install/traveler_msgs/share/traveler_msgs/hook/cmake_prefix_path.sh'
[3.169s] Level 1:colcon.colcon_core.environment:checking '/home/yifeng/Dropbox/USC/Research/Project/lassie-traveler/dependencies/install/traveler_msgs/lib'
[3.169s] Level 1:colcon.colcon_core.shell:create_environment_hook('traveler_msgs', 'ld_library_path_lib')
[3.169s] INFO:colcon.colcon_core.shell:Creating environment hook '/home/yifeng/Dropbox/USC/Research/Project/lassie-traveler/dependencies/install/traveler_msgs/share/traveler_msgs/hook/ld_library_path_lib.ps1'
[3.169s] INFO:colcon.colcon_core.shell:Creating environment descriptor '/home/yifeng/Dropbox/USC/Research/Project/lassie-traveler/dependencies/install/traveler_msgs/share/traveler_msgs/hook/ld_library_path_lib.dsv'
[3.169s] INFO:colcon.colcon_core.shell:Creating environment hook '/home/yifeng/Dropbox/USC/Research/Project/lassie-traveler/dependencies/install/traveler_msgs/share/traveler_msgs/hook/ld_library_path_lib.sh'
[3.169s] Level 1:colcon.colcon_core.environment:checking '/home/yifeng/Dropbox/USC/Research/Project/lassie-traveler/dependencies/install/traveler_msgs/bin'
[3.169s] Level 1:colcon.colcon_core.environment:checking '/home/yifeng/Dropbox/USC/Research/Project/lassie-traveler/dependencies/install/traveler_msgs/lib/pkgconfig/traveler_msgs.pc'
[3.170s] Level 1:colcon.colcon_core.environment:checking '/home/yifeng/Dropbox/USC/Research/Project/lassie-traveler/dependencies/install/traveler_msgs/lib/python3.12/site-packages'
[3.170s] Level 1:colcon.colcon_core.shell:create_environment_hook('traveler_msgs', 'pythonpath')
[3.170s] INFO:colcon.colcon_core.shell:Creating environment hook '/home/yifeng/Dropbox/USC/Research/Project/lassie-traveler/dependencies/install/traveler_msgs/share/traveler_msgs/hook/pythonpath.ps1'
[3.170s] INFO:colcon.colcon_core.shell:Creating environment descriptor '/home/yifeng/Dropbox/USC/Research/Project/lassie-traveler/dependencies/install/traveler_msgs/share/traveler_msgs/hook/pythonpath.dsv'
[3.170s] INFO:colcon.colcon_core.shell:Creating environment hook '/home/yifeng/Dropbox/USC/Research/Project/lassie-traveler/dependencies/install/traveler_msgs/share/traveler_msgs/hook/pythonpath.sh'
[3.170s] Level 1:colcon.colcon_core.environment:checking '/home/yifeng/Dropbox/USC/Research/Project/lassie-traveler/dependencies/install/traveler_msgs/bin'
[3.170s] INFO:colcon.colcon_core.shell:Creating package script '/home/yifeng/Dropbox/USC/Research/Project/lassie-traveler/dependencies/install/traveler_msgs/share/traveler_msgs/package.ps1'
[3.170s] INFO:colcon.colcon_core.shell:Creating package descriptor '/home/yifeng/Dropbox/USC/Research/Project/lassie-traveler/dependencies/install/traveler_msgs/share/traveler_msgs/package.dsv'
[3.171s] INFO:colcon.colcon_core.shell:Creating package script '/home/yifeng/Dropbox/USC/Research/Project/lassie-traveler/dependencies/install/traveler_msgs/share/traveler_msgs/package.sh'
[3.171s] INFO:colcon.colcon_core.shell:Creating package script '/home/yifeng/Dropbox/USC/Research/Project/lassie-traveler/dependencies/install/traveler_msgs/share/traveler_msgs/package.bash'
[3.171s] INFO:colcon.colcon_core.shell:Creating package script '/home/yifeng/Dropbox/USC/Research/Project/lassie-traveler/dependencies/install/traveler_msgs/share/traveler_msgs/package.zsh'
[3.172s] Level 1:colcon.colcon_core.environment:create_file_with_runtime_dependencies(/home/yifeng/Dropbox/USC/Research/Project/lassie-traveler/dependencies/install/traveler_msgs/share/colcon-core/packages/traveler_msgs)
[3.172s] Level 1:colcon.colcon_core.environment:create_environment_scripts_only(traveler_msgs)
[3.172s] Level 1:colcon.colcon_core.environment:checking '/home/yifeng/Dropbox/USC/Research/Project/lassie-traveler/dependencies/install/traveler_msgs' for CMake module files
[3.172s] Level 1:colcon.colcon_core.environment:checking '/home/yifeng/Dropbox/USC/Research/Project/lassie-traveler/dependencies/install/traveler_msgs' for CMake config files
[3.172s] Level 1:colcon.colcon_core.shell:create_environment_hook('traveler_msgs', 'cmake_prefix_path')
[3.172s] INFO:colcon.colcon_core.shell:Creating environment hook '/home/yifeng/Dropbox/USC/Research/Project/lassie-traveler/dependencies/install/traveler_msgs/share/traveler_msgs/hook/cmake_prefix_path.ps1'
[3.172s] INFO:colcon.colcon_core.shell:Creating environment descriptor '/home/yifeng/Dropbox/USC/Research/Project/lassie-traveler/dependencies/install/traveler_msgs/share/traveler_msgs/hook/cmake_prefix_path.dsv'
[3.173s] INFO:colcon.colcon_core.shell:Creating environment hook '/home/yifeng/Dropbox/USC/Research/Project/lassie-traveler/dependencies/install/traveler_msgs/share/traveler_msgs/hook/cmake_prefix_path.sh'
[3.173s] Level 1:colcon.colcon_core.environment:checking '/home/yifeng/Dropbox/USC/Research/Project/lassie-traveler/dependencies/install/traveler_msgs/lib'
[3.173s] Level 1:colcon.colcon_core.shell:create_environment_hook('traveler_msgs', 'ld_library_path_lib')
[3.173s] INFO:colcon.colcon_core.shell:Creating environment hook '/home/yifeng/Dropbox/USC/Research/Project/lassie-traveler/dependencies/install/traveler_msgs/share/traveler_msgs/hook/ld_library_path_lib.ps1'
[3.173s] INFO:colcon.colcon_core.shell:Creating environment descriptor '/home/yifeng/Dropbox/USC/Research/Project/lassie-traveler/dependencies/install/traveler_msgs/share/traveler_msgs/hook/ld_library_path_lib.dsv'
[3.173s] INFO:colcon.colcon_core.shell:Creating environment hook '/home/yifeng/Dropbox/USC/Research/Project/lassie-traveler/dependencies/install/traveler_msgs/share/traveler_msgs/hook/ld_library_path_lib.sh'
[3.173s] Level 1:colcon.colcon_core.environment:checking '/home/yifeng/Dropbox/USC/Research/Project/lassie-traveler/dependencies/install/traveler_msgs/bin'
[3.173s] Level 1:colcon.colcon_core.environment:checking '/home/yifeng/Dropbox/USC/Research/Project/lassie-traveler/dependencies/install/traveler_msgs/lib/pkgconfig/traveler_msgs.pc'
[3.174s] Level 1:colcon.colcon_core.environment:checking '/home/yifeng/Dropbox/USC/Research/Project/lassie-traveler/dependencies/install/traveler_msgs/lib/python3.12/site-packages'
[3.174s] Level 1:colcon.colcon_core.shell:create_environment_hook('traveler_msgs', 'pythonpath')
[3.174s] INFO:colcon.colcon_core.shell:Creating environment hook '/home/yifeng/Dropbox/USC/Research/Project/lassie-traveler/dependencies/install/traveler_msgs/share/traveler_msgs/hook/pythonpath.ps1'
[3.174s] INFO:colcon.colcon_core.shell:Creating environment descriptor '/home/yifeng/Dropbox/USC/Research/Project/lassie-traveler/dependencies/install/traveler_msgs/share/traveler_msgs/hook/pythonpath.dsv'
[3.174s] INFO:colcon.colcon_core.shell:Creating environment hook '/home/yifeng/Dropbox/USC/Research/Project/lassie-traveler/dependencies/install/traveler_msgs/share/traveler_msgs/hook/pythonpath.sh'
[3.174s] Level 1:colcon.colcon_core.environment:checking '/home/yifeng/Dropbox/USC/Research/Project/lassie-traveler/dependencies/install/traveler_msgs/bin'
[3.174s] INFO:colcon.colcon_core.shell:Creating package script '/home/yifeng/Dropbox/USC/Research/Project/lassie-traveler/dependencies/install/traveler_msgs/share/traveler_msgs/package.ps1'
[3.174s] INFO:colcon.colcon_core.shell:Creating package descriptor '/home/yifeng/Dropbox/USC/Research/Project/lassie-traveler/dependencies/install/traveler_msgs/share/traveler_msgs/package.dsv'
[3.175s] INFO:colcon.colcon_core.shell:Creating package script '/home/yifeng/Dropbox/USC/Research/Project/lassie-traveler/dependencies/install/traveler_msgs/share/traveler_msgs/package.sh'
[3.175s] INFO:colcon.colcon_core.shell:Creating package script '/home/yifeng/Dropbox/USC/Research/Project/lassie-traveler/dependencies/install/traveler_msgs/share/traveler_msgs/package.bash'
[3.175s] INFO:colcon.colcon_core.shell:Creating package script '/home/yifeng/Dropbox/USC/Research/Project/lassie-traveler/dependencies/install/traveler_msgs/share/traveler_msgs/package.zsh'
[3.175s] Level 1:colcon.colcon_core.environment:create_file_with_runtime_dependencies(/home/yifeng/Dropbox/USC/Research/Project/lassie-traveler/dependencies/install/traveler_msgs/share/colcon-core/packages/traveler_msgs)
[3.175s] DEBUG:colcon.colcon_core.executor.sequential:run_until_complete 'traveler_msgs' finished with '0'
[3.175s] DEBUG:colcon.colcon_core.executor.sequential:run_until_complete 'traveler_high_controller'
[3.175s] INFO:colcon.colcon_ros.task.ament_cmake.build:Building ROS package in '/home/yifeng/Dropbox/USC/Research/Project/lassie-traveler/dependencies/traveler_controller' with build type 'ament_cmake'
[3.175s] INFO:colcon.colcon_cmake.task.cmake.build:Building CMake package in '/home/yifeng/Dropbox/USC/Research/Project/lassie-traveler/dependencies/traveler_controller'
[3.175s] INFO:colcon.colcon_core.shell:Skip shell extension 'powershell' for command environment: Not usable outside of PowerShell
[3.175s] DEBUG:colcon.colcon_core.shell:Skip shell extension 'dsv' for command environment
[3.180s] DEBUG:colcon.colcon_core.event_handler.log_command:Invoking command in '/home/yifeng/Dropbox/USC/Research/Project/lassie-traveler/dependencies/build/traveler_high_controller': CMAKE_PREFIX_PATH=/home/yifeng/Dropbox/USC/Research/Project/lassie-traveler/dependencies/install/traveler_msgs:/home/yifeng/Dropbox/USC/Research/Project/lassie-traveler/dependencies/install/traveler_high_controller:/opt/ros/jazzy/opt/gz_math_vendor:/opt/ros/jazzy/opt/gz_utils_vendor:/opt/ros/jazzy/opt/gz_cmake_vendor:/opt/ros/jazzy DEBUGINFOD_URLS=https://debuginfod.ubuntu.com /usr/bin/cmake /home/yifeng/Dropbox/USC/Research/Project/lassie-traveler/dependencies/traveler_controller -DCMAKE_INSTALL_PREFIX=/home/yifeng/Dropbox/USC/Research/Project/lassie-traveler/dependencies/install/traveler_high_controller
[3.730s] DEBUG:colcon.colcon_core.event_handler.log_command:Invoked command in '/home/yifeng/Dropbox/USC/Research/Project/lassie-traveler/dependencies/build/traveler_high_controller' returned '0': CMAKE_PREFIX_PATH=/home/yifeng/Dropbox/USC/Research/Project/lassie-traveler/dependencies/install/traveler_msgs:/home/yifeng/Dropbox/USC/Research/Project/lassie-traveler/dependencies/install/traveler_high_controller:/opt/ros/jazzy/opt/gz_math_vendor:/opt/ros/jazzy/opt/gz_utils_vendor:/opt/ros/jazzy/opt/gz_cmake_vendor:/opt/ros/jazzy DEBUGINFOD_URLS=https://debuginfod.ubuntu.com /usr/bin/cmake /home/yifeng/Dropbox/USC/Research/Project/lassie-traveler/dependencies/traveler_controller -DCMAKE_INSTALL_PREFIX=/home/yifeng/Dropbox/USC/Research/Project/lassie-traveler/dependencies/install/traveler_high_controller
[3.730s] DEBUG:colcon.colcon_core.event_handler.log_command:Invoking command in '/home/yifeng/Dropbox/USC/Research/Project/lassie-traveler/dependencies/build/traveler_high_controller': CMAKE_PREFIX_PATH=/home/yifeng/Dropbox/USC/Research/Project/lassie-traveler/dependencies/install/traveler_msgs:/home/yifeng/Dropbox/USC/Research/Project/lassie-traveler/dependencies/install/traveler_high_controller:/opt/ros/jazzy/opt/gz_math_vendor:/opt/ros/jazzy/opt/gz_utils_vendor:/opt/ros/jazzy/opt/gz_cmake_vendor:/opt/ros/jazzy DEBUGINFOD_URLS=https://debuginfod.ubuntu.com /usr/bin/cmake --build /home/yifeng/Dropbox/USC/Research/Project/lassie-traveler/dependencies/build/traveler_high_controller -- -j32 -l32
[8.063s] DEBUG:colcon.colcon_core.event_handler.log_command:Invoked command in '/home/yifeng/Dropbox/USC/Research/Project/lassie-traveler/dependencies/build/traveler_high_controller' returned '2': CMAKE_PREFIX_PATH=/home/yifeng/Dropbox/USC/Research/Project/lassie-traveler/dependencies/install/traveler_msgs:/home/yifeng/Dropbox/USC/Research/Project/lassie-traveler/dependencies/install/traveler_high_controller:/opt/ros/jazzy/opt/gz_math_vendor:/opt/ros/jazzy/opt/gz_utils_vendor:/opt/ros/jazzy/opt/gz_cmake_vendor:/opt/ros/jazzy DEBUGINFOD_URLS=https://debuginfod.ubuntu.com /usr/bin/cmake --build /home/yifeng/Dropbox/USC/Research/Project/lassie-traveler/dependencies/build/traveler_high_controller -- -j32 -l32
[8.063s] Level 1:colcon.colcon_core.environment:create_environment_scripts_only(traveler_high_controller)
[8.063s] Level 1:colcon.colcon_core.environment:checking '/home/yifeng/Dropbox/USC/Research/Project/lassie-traveler/dependencies/install/traveler_high_controller' for CMake module files
[8.063s] Level 1:colcon.colcon_core.environment:checking '/home/yifeng/Dropbox/USC/Research/Project/lassie-traveler/dependencies/install/traveler_high_controller' for CMake config files
[8.063s] Level 1:colcon.colcon_core.environment:checking '/home/yifeng/Dropbox/USC/Research/Project/lassie-traveler/dependencies/install/traveler_high_controller/bin'
[8.063s] Level 1:colcon.colcon_core.environment:checking '/home/yifeng/Dropbox/USC/Research/Project/lassie-traveler/dependencies/install/traveler_high_controller/lib/pkgconfig/traveler_high_controller.pc'
[8.063s] Level 1:colcon.colcon_core.environment:checking '/home/yifeng/Dropbox/USC/Research/Project/lassie-traveler/dependencies/install/traveler_high_controller/lib/python3.12/site-packages'
[8.063s] Level 1:colcon.colcon_core.environment:checking '/home/yifeng/Dropbox/USC/Research/Project/lassie-traveler/dependencies/install/traveler_high_controller/bin'
[8.063s] INFO:colcon.colcon_core.shell:Creating package script '/home/yifeng/Dropbox/USC/Research/Project/lassie-traveler/dependencies/install/traveler_high_controller/share/traveler_high_controller/package.ps1'
[8.064s] INFO:colcon.colcon_core.shell:Creating package descriptor '/home/yifeng/Dropbox/USC/Research/Project/lassie-traveler/dependencies/install/traveler_high_controller/share/traveler_high_controller/package.dsv'
[8.064s] INFO:colcon.colcon_core.shell:Creating package script '/home/yifeng/Dropbox/USC/Research/Project/lassie-traveler/dependencies/install/traveler_high_controller/share/traveler_high_controller/package.sh'
[8.064s] INFO:colcon.colcon_core.shell:Creating package script '/home/yifeng/Dropbox/USC/Research/Project/lassie-traveler/dependencies/install/traveler_high_controller/share/traveler_high_controller/package.bash'
[8.064s] INFO:colcon.colcon_core.shell:Creating package script '/home/yifeng/Dropbox/USC/Research/Project/lassie-traveler/dependencies/install/traveler_high_controller/share/traveler_high_controller/package.zsh'
[8.064s] Level 1:colcon.colcon_core.environment:create_file_with_runtime_dependencies(/home/yifeng/Dropbox/USC/Research/Project/lassie-traveler/dependencies/install/traveler_high_controller/share/colcon-core/packages/traveler_high_controller)
[8.064s] DEBUG:colcon.colcon_core.executor.sequential:run_until_complete 'traveler_high_controller' finished with '2'
[8.064s] DEBUG:colcon.colcon_core.executor.sequential:closing loop
[8.065s] DEBUG:colcon.colcon_core.executor.sequential:loop closed
[8.065s] DEBUG:colcon.colcon_core.event_reactor:joining thread
[8.068s] INFO:colcon.colcon_core.plugin_system:Skipping extension 'colcon_notification.desktop_notification.terminal_notifier': Not used on non-Darwin systems
[8.068s] INFO:colcon.colcon_core.plugin_system:Skipping extension 'colcon_notification.desktop_notification.win32': Not used on non-Windows systems
[8.068s] INFO:colcon.colcon_notification.desktop_notification:Sending desktop notification using 'notify2'
[8.078s] DEBUG:colcon.colcon_core.event_reactor:joined thread
[8.078s] INFO:colcon.colcon_core.shell:Creating prefix script '/home/yifeng/Dropbox/USC/Research/Project/lassie-traveler/dependencies/install/local_setup.ps1'
[8.078s] INFO:colcon.colcon_core.shell:Creating prefix util module '/home/yifeng/Dropbox/USC/Research/Project/lassie-traveler/dependencies/install/_local_setup_util_ps1.py'
[8.079s] INFO:colcon.colcon_core.shell:Creating prefix chain script '/home/yifeng/Dropbox/USC/Research/Project/lassie-traveler/dependencies/install/setup.ps1'
[8.079s] INFO:colcon.colcon_core.shell:Creating prefix script '/home/yifeng/Dropbox/USC/Research/Project/lassie-traveler/dependencies/install/local_setup.sh'
[8.079s] INFO:colcon.colcon_core.shell:Creating prefix util module '/home/yifeng/Dropbox/USC/Research/Project/lassie-traveler/dependencies/install/_local_setup_util_sh.py'
[8.079s] INFO:colcon.colcon_core.shell:Creating prefix chain script '/home/yifeng/Dropbox/USC/Research/Project/lassie-traveler/dependencies/install/setup.sh'
[8.080s] INFO:colcon.colcon_core.shell:Creating prefix script '/home/yifeng/Dropbox/USC/Research/Project/lassie-traveler/dependencies/install/local_setup.bash'
[8.080s] INFO:colcon.colcon_core.shell:Creating prefix chain script '/home/yifeng/Dropbox/USC/Research/Project/lassie-traveler/dependencies/install/setup.bash'
[8.080s] INFO:colcon.colcon_core.shell:Creating prefix script '/home/yifeng/Dropbox/USC/Research/Project/lassie-traveler/dependencies/install/local_setup.zsh'
[8.081s] INFO:colcon.colcon_core.shell:Creating prefix chain script '/home/yifeng/Dropbox/USC/Research/Project/lassie-traveler/dependencies/install/setup.zsh'
