-- The C compiler identification is GNU 13.3.0
-- The CXX compiler identification is GNU 13.3.0
-- Detecting C compiler ABI info
-- Detecting C compiler ABI info - done
-- Check for working C compiler: /usr/bin/cc - skipped
-- Detecting C compile features
-- Detecting C compile features - done
-- Detecting CXX compiler ABI info
-- Detecting CXX compiler ABI info - done
-- Check for working CXX compiler: /usr/bin/c++ - skipped
-- Detecting CXX compile features
-- Detecting CXX compile features - done
-- Found ament_cmake: 2.5.4 (/opt/ros/jazzy/share/ament_cmake/cmake)
-- Found Python3: /usr/bin/python3 (found version "3.12.3") found components: Interpreter 
-- Found rclcpp: 28.1.9 (/opt/ros/jazzy/share/rclcpp/cmake)
-- Found rosidl_generator_c: 4.6.5 (/opt/ros/jazzy/share/rosidl_generator_c/cmake)
-- Found rosidl_generator_cpp: 4.6.5 (/opt/ros/jazzy/share/rosidl_generator_cpp/cmake)
-- Using all available rosidl_typesupport_c: rosidl_typesupport_fastrtps_c;rosidl_typesupport_introspection_c
-- Using all available rosidl_typesupport_cpp: rosidl_typesupport_fastrtps_cpp;rosidl_typesupport_introspection_cpp
-- Found rmw_implementation_cmake: 7.3.2 (/opt/ros/jazzy/share/rmw_implementation_cmake/cmake)
-- Found rmw_fastrtps_cpp: 8.4.2 (/opt/ros/jazzy/share/rmw_fastrtps_cpp/cmake)
-- Found OpenSSL: /usr/lib/x86_64-linux-gnu/libcrypto.so (found version "3.0.13")  
-- Found FastRTPS: /opt/ros/jazzy/include (Required is at least version "2.13") 
-- Using RMW implementation 'rmw_fastrtps_cpp' as default
-- Found std_msgs: 5.3.6 (/opt/ros/jazzy/share/std_msgs/cmake)
-- Found control_msgs: 5.4.0 (/opt/ros/jazzy/share/control_msgs/cmake)
-- Found traveler_msgs: 0.0.0 (/home/yifeng/Dropbox/USC/Research/Project/lassie-traveler/dependencies/install/traveler_msgs/share/traveler_msgs/cmake)
-- Configuring done (0.5s)
-- Generating done (0.0s)
-- Build files have been written to: /home/yifeng/Dropbox/USC/Research/Project/lassie-traveler/dependencies/build/traveler_high_controller
[ 12%] [32mBuilding CXX object CMakeFiles/odrive_can_interface.dir/src/can_driver/socketcan_interface.cpp.o[0m
[ 12%] [32mBuilding CXX object CMakeFiles/odrive_can_interface.dir/src/can_driver/can_suber.cpp.o[0m
[ 18%] [32mBuilding CXX object CMakeFiles/odrive_can_interface.dir/src/can_driver/can_publisher.cpp.o[0m
[ 25%] [32mBuilding CXX object CMakeFiles/traveler_high_controller.dir/src/controller/controller_monitor.cpp.o[0m
[ 31%] [32mBuilding CXX object CMakeFiles/traveler_high_controller.dir/src/main.cpp.o[0m
[ 50%] [32mBuilding CXX object CMakeFiles/odrive_can_interface.dir/src/can_driver/odrive_can.cpp.o[0m
[ 50%] [32mBuilding CXX object CMakeFiles/traveler_high_controller.dir/src/controller/pid_speed_controller.cpp.o[0m
[ 50%] [32mBuilding CXX object CMakeFiles/traveler_high_controller.dir/src/controller/trajectories_parser.cpp.o[0m
[ 62%] [32mBuilding CXX object CMakeFiles/traveler_high_controller.dir/src/can_driver/socketcan_interface.cpp.o[0m
[ 75%] [32mBuilding CXX object CMakeFiles/traveler_high_controller.dir/src/proxy/upperproxy.cpp.o[0m
[ 75%] [32mBuilding CXX object CMakeFiles/traveler_high_controller.dir/src/utils/lowpassfilter.cpp.o[0m
[ 75%] [32mBuilding CXX object CMakeFiles/traveler_high_controller.dir/src/proxy/lowerproxy.cpp.o[0m
[ 81%] [32mBuilding CXX object CMakeFiles/traveler_high_controller.dir/src/can_driver/can_driver.cpp.o[0m
[ 87%] [32mBuilding CXX object CMakeFiles/traveler_high_controller.dir/src/controller/Inverse_kinematics.cpp.o[0m
[ 93%] [32m[1mLinking CXX executable odrive_can_interface[0m
[ 93%] Built target odrive_can_interface
