[0.051s] DEBUG:colcon:Command line arguments: ['/usr/bin/colcon', 'build', '--executor', 'sequential']
[0.051s] DEBUG:colcon:Parsed command line arguments: Namespace(log_base=None, log_level=None, verb_name='build', build_base='build', install_base='install', merge_install=False, symlink_install=False, test_result_base=None, continue_on_error=False, executor='sequential', parallel_workers=32, event_handlers=None, ignore_user_meta=False, metas=['./colcon.meta'], base_paths=['.'], packages_ignore=None, packages_ignore_regex=None, paths=None, packages_up_to=None, packages_up_to_regex=None, packages_above=None, packages_above_and_dependencies=None, packages_above_depth=None, packages_select_by_dep=None, packages_skip_by_dep=None, packages_skip_up_to=None, packages_select_build_failed=False, packages_skip_build_finished=False, packages_select_test_failures=False, packages_skip_test_passed=False, packages_select=None, packages_skip=None, packages_select_regex=None, packages_skip_regex=None, packages_start=None, packages_end=None, allow_overriding=[], cmake_args=None, cmake_target=None, cmake_target_skip_unavailable=False, cmake_clean_cache=False, cmake_clean_first=False, cmake_force_configure=False, ament_cmake_args=None, catkin_cmake_args=None, catkin_skip_building_tests=False, mixin_files=None, mixin=None, verb_parser=<colcon_mixin.mixin.mixin_argument.MixinArgumentDecorator object at 0x749a5a79d760>, verb_extension=<colcon_core.verb.build.BuildVerb object at 0x749a5a79d460>, main=<bound method BuildVerb.main of <colcon_core.verb.build.BuildVerb object at 0x749a5a79d460>>, mixin_verb=('build',))
[0.070s] Level 1:colcon.colcon_core.package_discovery:discover_packages(colcon_meta) check parameters
[0.070s] Level 1:colcon.colcon_core.package_discovery:discover_packages(recursive) check parameters
[0.071s] Level 1:colcon.colcon_core.package_discovery:discover_packages(ignore) check parameters
[0.071s] Level 1:colcon.colcon_core.package_discovery:discover_packages(path) check parameters
[0.071s] Level 1:colcon.colcon_core.package_discovery:discover_packages(colcon_meta) discover
[0.071s] Level 1:colcon.colcon_core.package_discovery:discover_packages(recursive) discover
[0.071s] INFO:colcon.colcon_core.package_discovery:Crawling recursively for packages in '/home/yifeng/Dropbox/USC/Research/Project/lassie-traveler/dependencies'
[0.071s] Level 1:colcon.colcon_core.package_identification:_identify(.) by extensions ['ignore', 'ignore_ament_install']
[0.071s] Level 1:colcon.colcon_core.package_identification:_identify(.) by extension 'ignore'
[0.071s] Level 1:colcon.colcon_core.package_identification:_identify(.) by extension 'ignore_ament_install'
[0.071s] Level 1:colcon.colcon_core.package_identification:_identify(.) by extensions ['colcon_pkg']
[0.071s] Level 1:colcon.colcon_core.package_identification:_identify(.) by extension 'colcon_pkg'
[0.071s] Level 1:colcon.colcon_core.package_identification:_identify(.) by extensions ['colcon_meta']
[0.071s] Level 1:colcon.colcon_core.package_identification:_identify(.) by extension 'colcon_meta'
[0.071s] Level 1:colcon.colcon_core.package_identification:_identify(.) by extensions ['ros']
[0.071s] Level 1:colcon.colcon_core.package_identification:_identify(.) by extension 'ros'
[0.086s] Level 1:colcon.colcon_core.package_identification:_identify(.) by extensions ['cmake', 'python']
[0.086s] Level 1:colcon.colcon_core.package_identification:_identify(.) by extension 'cmake'
[0.086s] Level 1:colcon.colcon_core.package_identification:_identify(.) by extension 'python'
[0.086s] Level 1:colcon.colcon_core.package_identification:_identify(.) by extensions ['python_setup_py']
[0.086s] Level 1:colcon.colcon_core.package_identification:_identify(.) by extension 'python_setup_py'
[0.086s] Level 1:colcon.colcon_core.package_identification:_identify(build) by extensions ['ignore', 'ignore_ament_install']
[0.086s] Level 1:colcon.colcon_core.package_identification:_identify(build) by extension 'ignore'
[0.086s] Level 1:colcon.colcon_core.package_identification:_identify(build) ignored
[0.086s] Level 1:colcon.colcon_core.package_identification:_identify(install) by extensions ['ignore', 'ignore_ament_install']
[0.086s] Level 1:colcon.colcon_core.package_identification:_identify(install) by extension 'ignore'
[0.086s] Level 1:colcon.colcon_core.package_identification:_identify(install) ignored
[0.086s] Level 1:colcon.colcon_core.package_identification:_identify(log) by extensions ['ignore', 'ignore_ament_install']
[0.086s] Level 1:colcon.colcon_core.package_identification:_identify(log) by extension 'ignore'
[0.086s] Level 1:colcon.colcon_core.package_identification:_identify(log) ignored
[0.086s] Level 1:colcon.colcon_core.package_identification:_identify(traveler_controller) by extensions ['ignore', 'ignore_ament_install']
[0.086s] Level 1:colcon.colcon_core.package_identification:_identify(traveler_controller) by extension 'ignore'
[0.086s] Level 1:colcon.colcon_core.package_identification:_identify(traveler_controller) by extension 'ignore_ament_install'
[0.086s] Level 1:colcon.colcon_core.package_identification:_identify(traveler_controller) by extensions ['colcon_pkg']
[0.086s] Level 1:colcon.colcon_core.package_identification:_identify(traveler_controller) by extension 'colcon_pkg'
[0.087s] Level 1:colcon.colcon_core.package_identification:_identify(traveler_controller) by extensions ['colcon_meta']
[0.087s] Level 1:colcon.colcon_core.package_identification:_identify(traveler_controller) by extension 'colcon_meta'
[0.087s] Level 1:colcon.colcon_core.package_identification:_identify(traveler_controller) by extensions ['ros']
[0.087s] Level 1:colcon.colcon_core.package_identification:_identify(traveler_controller) by extension 'ros'
[0.088s] DEBUG:colcon.colcon_core.package_identification:Package 'traveler_controller' with type 'ros.ament_cmake' and name 'traveler_high_controller'
[0.088s] Level 1:colcon.colcon_core.package_identification:_identify(traveler_msgs) by extensions ['ignore', 'ignore_ament_install']
[0.088s] Level 1:colcon.colcon_core.package_identification:_identify(traveler_msgs) by extension 'ignore'
[0.088s] Level 1:colcon.colcon_core.package_identification:_identify(traveler_msgs) by extension 'ignore_ament_install'
[0.088s] Level 1:colcon.colcon_core.package_identification:_identify(traveler_msgs) by extensions ['colcon_pkg']
[0.088s] Level 1:colcon.colcon_core.package_identification:_identify(traveler_msgs) by extension 'colcon_pkg'
[0.088s] Level 1:colcon.colcon_core.package_identification:_identify(traveler_msgs) by extensions ['colcon_meta']
[0.088s] Level 1:colcon.colcon_core.package_identification:_identify(traveler_msgs) by extension 'colcon_meta'
[0.088s] Level 1:colcon.colcon_core.package_identification:_identify(traveler_msgs) by extensions ['ros']
[0.088s] Level 1:colcon.colcon_core.package_identification:_identify(traveler_msgs) by extension 'ros'
[0.088s] DEBUG:colcon.colcon_core.package_identification:Package 'traveler_msgs' with type 'ros.ament_cmake' and name 'traveler_msgs'
[0.088s] Level 1:colcon.colcon_core.package_discovery:discover_packages(recursive) using defaults
[0.088s] Level 1:colcon.colcon_core.package_discovery:discover_packages(ignore) discover
[0.088s] Level 1:colcon.colcon_core.package_discovery:discover_packages(ignore) using defaults
[0.088s] Level 1:colcon.colcon_core.package_discovery:discover_packages(path) discover
[0.088s] Level 1:colcon.colcon_core.package_discovery:discover_packages(path) using defaults
[0.098s] Level 1:colcon.colcon_core.package_discovery:discover_packages(prefix_path) check parameters
[0.098s] Level 1:colcon.colcon_core.package_discovery:discover_packages(prefix_path) discover
[0.099s] DEBUG:colcon.colcon_installed_package_information.package_discovery:Found 2 installed packages in /home/yifeng/Dropbox/USC/Research/Project/lassie-traveler/dependencies/install
[0.100s] DEBUG:colcon.colcon_installed_package_information.package_discovery:Found 286 installed packages in /opt/ros/jazzy
[0.100s] Level 1:colcon.colcon_core.package_discovery:discover_packages(prefix_path) using defaults
[0.118s] Level 5:colcon.colcon_core.verb:set package 'traveler_msgs' build argument 'cmake_args' from command line to 'None'
[0.118s] Level 5:colcon.colcon_core.verb:set package 'traveler_msgs' build argument 'cmake_target' from command line to 'None'
[0.118s] Level 5:colcon.colcon_core.verb:set package 'traveler_msgs' build argument 'cmake_target_skip_unavailable' from command line to 'False'
[0.118s] Level 5:colcon.colcon_core.verb:set package 'traveler_msgs' build argument 'cmake_clean_cache' from command line to 'False'
[0.118s] Level 5:colcon.colcon_core.verb:set package 'traveler_msgs' build argument 'cmake_clean_first' from command line to 'False'
[0.118s] Level 5:colcon.colcon_core.verb:set package 'traveler_msgs' build argument 'cmake_force_configure' from command line to 'False'
[0.118s] Level 5:colcon.colcon_core.verb:set package 'traveler_msgs' build argument 'ament_cmake_args' from command line to 'None'
[0.118s] Level 5:colcon.colcon_core.verb:set package 'traveler_msgs' build argument 'catkin_cmake_args' from command line to 'None'
[0.118s] Level 5:colcon.colcon_core.verb:set package 'traveler_msgs' build argument 'catkin_skip_building_tests' from command line to 'False'
[0.118s] DEBUG:colcon.colcon_core.verb:Building package 'traveler_msgs' with the following arguments: {'ament_cmake_args': None, 'build_base': '/home/yifeng/Dropbox/USC/Research/Project/lassie-traveler/dependencies/build/traveler_msgs', 'catkin_cmake_args': None, 'catkin_skip_building_tests': False, 'cmake_args': None, 'cmake_clean_cache': False, 'cmake_clean_first': False, 'cmake_force_configure': False, 'cmake_target': None, 'cmake_target_skip_unavailable': False, 'install_base': '/home/yifeng/Dropbox/USC/Research/Project/lassie-traveler/dependencies/install/traveler_msgs', 'merge_install': False, 'path': '/home/yifeng/Dropbox/USC/Research/Project/lassie-traveler/dependencies/traveler_msgs', 'symlink_install': False, 'test_result_base': None}
[0.119s] Level 5:colcon.colcon_core.verb:set package 'traveler_high_controller' build argument 'cmake_args' from command line to 'None'
[0.119s] Level 5:colcon.colcon_core.verb:set package 'traveler_high_controller' build argument 'cmake_target' from command line to 'None'
[0.119s] Level 5:colcon.colcon_core.verb:set package 'traveler_high_controller' build argument 'cmake_target_skip_unavailable' from command line to 'False'
[0.119s] Level 5:colcon.colcon_core.verb:set package 'traveler_high_controller' build argument 'cmake_clean_cache' from command line to 'False'
[0.119s] Level 5:colcon.colcon_core.verb:set package 'traveler_high_controller' build argument 'cmake_clean_first' from command line to 'False'
[0.119s] Level 5:colcon.colcon_core.verb:set package 'traveler_high_controller' build argument 'cmake_force_configure' from command line to 'False'
[0.119s] Level 5:colcon.colcon_core.verb:set package 'traveler_high_controller' build argument 'ament_cmake_args' from command line to 'None'
[0.119s] Level 5:colcon.colcon_core.verb:set package 'traveler_high_controller' build argument 'catkin_cmake_args' from command line to 'None'
[0.119s] Level 5:colcon.colcon_core.verb:set package 'traveler_high_controller' build argument 'catkin_skip_building_tests' from command line to 'False'
[0.119s] DEBUG:colcon.colcon_core.verb:Building package 'traveler_high_controller' with the following arguments: {'ament_cmake_args': None, 'build_base': '/home/yifeng/Dropbox/USC/Research/Project/lassie-traveler/dependencies/build/traveler_high_controller', 'catkin_cmake_args': None, 'catkin_skip_building_tests': False, 'cmake_args': None, 'cmake_clean_cache': False, 'cmake_clean_first': False, 'cmake_force_configure': False, 'cmake_target': None, 'cmake_target_skip_unavailable': False, 'install_base': '/home/yifeng/Dropbox/USC/Research/Project/lassie-traveler/dependencies/install/traveler_high_controller', 'merge_install': False, 'path': '/home/yifeng/Dropbox/USC/Research/Project/lassie-traveler/dependencies/traveler_controller', 'symlink_install': False, 'test_result_base': None}
[0.119s] INFO:colcon.colcon_core.executor:Executing jobs using 'sequential' executor
[0.119s] DEBUG:colcon.colcon_core.executor.sequential:run_until_complete 'traveler_msgs'
[0.120s] INFO:colcon.colcon_ros.task.ament_cmake.build:Building ROS package in '/home/yifeng/Dropbox/USC/Research/Project/lassie-traveler/dependencies/traveler_msgs' with build type 'ament_cmake'
[0.120s] INFO:colcon.colcon_cmake.task.cmake.build:Building CMake package in '/home/yifeng/Dropbox/USC/Research/Project/lassie-traveler/dependencies/traveler_msgs'
[0.120s] INFO:colcon.colcon_core.plugin_system:Skipping extension 'colcon_core.shell.bat': Not used on non-Windows systems
[0.120s] INFO:colcon.colcon_core.shell:Skip shell extension 'powershell' for command environment: Not usable outside of PowerShell
[0.120s] DEBUG:colcon.colcon_core.shell:Skip shell extension 'dsv' for command environment
[0.125s] DEBUG:colcon.colcon_core.event_handler.log_command:Invoking command in '/home/yifeng/Dropbox/USC/Research/Project/lassie-traveler/dependencies/build/traveler_msgs': CMAKE_PREFIX_PATH=${CMAKE_PREFIX_PATH}:/opt/ros/jazzy DEBUGINFOD_URLS=https://debuginfod.ubuntu.com /usr/bin/cmake --build /home/yifeng/Dropbox/USC/Research/Project/lassie-traveler/dependencies/build/traveler_msgs -- -j32 -l32
[0.292s] DEBUG:colcon.colcon_core.event_handler.log_command:Invoked command in '/home/yifeng/Dropbox/USC/Research/Project/lassie-traveler/dependencies/build/traveler_msgs' returned '0': CMAKE_PREFIX_PATH=${CMAKE_PREFIX_PATH}:/opt/ros/jazzy DEBUGINFOD_URLS=https://debuginfod.ubuntu.com /usr/bin/cmake --build /home/yifeng/Dropbox/USC/Research/Project/lassie-traveler/dependencies/build/traveler_msgs -- -j32 -l32
[0.297s] DEBUG:colcon.colcon_core.event_handler.log_command:Invoking command in '/home/yifeng/Dropbox/USC/Research/Project/lassie-traveler/dependencies/build/traveler_msgs': CMAKE_PREFIX_PATH=${CMAKE_PREFIX_PATH}:/opt/ros/jazzy DEBUGINFOD_URLS=https://debuginfod.ubuntu.com /usr/bin/cmake --install /home/yifeng/Dropbox/USC/Research/Project/lassie-traveler/dependencies/build/traveler_msgs
[0.323s] Level 1:colcon.colcon_core.environment:create_environment_scripts_only(traveler_msgs)
[0.324s] DEBUG:colcon.colcon_core.event_handler.log_command:Invoked command in '/home/yifeng/Dropbox/USC/Research/Project/lassie-traveler/dependencies/build/traveler_msgs' returned '0': CMAKE_PREFIX_PATH=${CMAKE_PREFIX_PATH}:/opt/ros/jazzy DEBUGINFOD_URLS=https://debuginfod.ubuntu.com /usr/bin/cmake --install /home/yifeng/Dropbox/USC/Research/Project/lassie-traveler/dependencies/build/traveler_msgs
[0.324s] Level 1:colcon.colcon_core.environment:checking '/home/yifeng/Dropbox/USC/Research/Project/lassie-traveler/dependencies/install/traveler_msgs' for CMake module files
[0.325s] Level 1:colcon.colcon_core.environment:checking '/home/yifeng/Dropbox/USC/Research/Project/lassie-traveler/dependencies/install/traveler_msgs' for CMake config files
[0.325s] Level 1:colcon.colcon_core.shell:create_environment_hook('traveler_msgs', 'cmake_prefix_path')
[0.325s] INFO:colcon.colcon_core.shell:Creating environment hook '/home/yifeng/Dropbox/USC/Research/Project/lassie-traveler/dependencies/install/traveler_msgs/share/traveler_msgs/hook/cmake_prefix_path.ps1'
[0.325s] INFO:colcon.colcon_core.shell:Creating environment descriptor '/home/yifeng/Dropbox/USC/Research/Project/lassie-traveler/dependencies/install/traveler_msgs/share/traveler_msgs/hook/cmake_prefix_path.dsv'
[0.325s] INFO:colcon.colcon_core.shell:Creating environment hook '/home/yifeng/Dropbox/USC/Research/Project/lassie-traveler/dependencies/install/traveler_msgs/share/traveler_msgs/hook/cmake_prefix_path.sh'
[0.326s] Level 1:colcon.colcon_core.environment:checking '/home/yifeng/Dropbox/USC/Research/Project/lassie-traveler/dependencies/install/traveler_msgs/lib'
[0.326s] Level 1:colcon.colcon_core.shell:create_environment_hook('traveler_msgs', 'ld_library_path_lib')
[0.326s] INFO:colcon.colcon_core.shell:Creating environment hook '/home/yifeng/Dropbox/USC/Research/Project/lassie-traveler/dependencies/install/traveler_msgs/share/traveler_msgs/hook/ld_library_path_lib.ps1'
[0.326s] INFO:colcon.colcon_core.shell:Creating environment descriptor '/home/yifeng/Dropbox/USC/Research/Project/lassie-traveler/dependencies/install/traveler_msgs/share/traveler_msgs/hook/ld_library_path_lib.dsv'
[0.326s] INFO:colcon.colcon_core.shell:Creating environment hook '/home/yifeng/Dropbox/USC/Research/Project/lassie-traveler/dependencies/install/traveler_msgs/share/traveler_msgs/hook/ld_library_path_lib.sh'
[0.326s] Level 1:colcon.colcon_core.environment:checking '/home/yifeng/Dropbox/USC/Research/Project/lassie-traveler/dependencies/install/traveler_msgs/bin'
[0.326s] Level 1:colcon.colcon_core.environment:checking '/home/yifeng/Dropbox/USC/Research/Project/lassie-traveler/dependencies/install/traveler_msgs/lib/pkgconfig/traveler_msgs.pc'
[0.326s] Level 1:colcon.colcon_core.environment:checking '/home/yifeng/Dropbox/USC/Research/Project/lassie-traveler/dependencies/install/traveler_msgs/lib/python3.12/site-packages'
[0.326s] Level 1:colcon.colcon_core.shell:create_environment_hook('traveler_msgs', 'pythonpath')
[0.327s] INFO:colcon.colcon_core.shell:Creating environment hook '/home/yifeng/Dropbox/USC/Research/Project/lassie-traveler/dependencies/install/traveler_msgs/share/traveler_msgs/hook/pythonpath.ps1'
[0.327s] INFO:colcon.colcon_core.shell:Creating environment descriptor '/home/yifeng/Dropbox/USC/Research/Project/lassie-traveler/dependencies/install/traveler_msgs/share/traveler_msgs/hook/pythonpath.dsv'
[0.327s] INFO:colcon.colcon_core.shell:Creating environment hook '/home/yifeng/Dropbox/USC/Research/Project/lassie-traveler/dependencies/install/traveler_msgs/share/traveler_msgs/hook/pythonpath.sh'
[0.327s] Level 1:colcon.colcon_core.environment:checking '/home/yifeng/Dropbox/USC/Research/Project/lassie-traveler/dependencies/install/traveler_msgs/bin'
[0.327s] INFO:colcon.colcon_core.shell:Creating package script '/home/yifeng/Dropbox/USC/Research/Project/lassie-traveler/dependencies/install/traveler_msgs/share/traveler_msgs/package.ps1'
[0.327s] INFO:colcon.colcon_core.shell:Creating package descriptor '/home/yifeng/Dropbox/USC/Research/Project/lassie-traveler/dependencies/install/traveler_msgs/share/traveler_msgs/package.dsv'
[0.328s] INFO:colcon.colcon_core.shell:Creating package script '/home/yifeng/Dropbox/USC/Research/Project/lassie-traveler/dependencies/install/traveler_msgs/share/traveler_msgs/package.sh'
[0.328s] INFO:colcon.colcon_core.shell:Creating package script '/home/yifeng/Dropbox/USC/Research/Project/lassie-traveler/dependencies/install/traveler_msgs/share/traveler_msgs/package.bash'
[0.328s] INFO:colcon.colcon_core.shell:Creating package script '/home/yifeng/Dropbox/USC/Research/Project/lassie-traveler/dependencies/install/traveler_msgs/share/traveler_msgs/package.zsh'
[0.328s] Level 1:colcon.colcon_core.environment:create_file_with_runtime_dependencies(/home/yifeng/Dropbox/USC/Research/Project/lassie-traveler/dependencies/install/traveler_msgs/share/colcon-core/packages/traveler_msgs)
[0.328s] Level 1:colcon.colcon_core.environment:create_environment_scripts_only(traveler_msgs)
[0.328s] Level 1:colcon.colcon_core.environment:checking '/home/yifeng/Dropbox/USC/Research/Project/lassie-traveler/dependencies/install/traveler_msgs' for CMake module files
[0.329s] Level 1:colcon.colcon_core.environment:checking '/home/yifeng/Dropbox/USC/Research/Project/lassie-traveler/dependencies/install/traveler_msgs' for CMake config files
[0.329s] Level 1:colcon.colcon_core.shell:create_environment_hook('traveler_msgs', 'cmake_prefix_path')
[0.329s] INFO:colcon.colcon_core.shell:Creating environment hook '/home/yifeng/Dropbox/USC/Research/Project/lassie-traveler/dependencies/install/traveler_msgs/share/traveler_msgs/hook/cmake_prefix_path.ps1'
[0.329s] INFO:colcon.colcon_core.shell:Creating environment descriptor '/home/yifeng/Dropbox/USC/Research/Project/lassie-traveler/dependencies/install/traveler_msgs/share/traveler_msgs/hook/cmake_prefix_path.dsv'
[0.329s] INFO:colcon.colcon_core.shell:Creating environment hook '/home/yifeng/Dropbox/USC/Research/Project/lassie-traveler/dependencies/install/traveler_msgs/share/traveler_msgs/hook/cmake_prefix_path.sh'
[0.329s] Level 1:colcon.colcon_core.environment:checking '/home/yifeng/Dropbox/USC/Research/Project/lassie-traveler/dependencies/install/traveler_msgs/lib'
[0.329s] Level 1:colcon.colcon_core.shell:create_environment_hook('traveler_msgs', 'ld_library_path_lib')
[0.329s] INFO:colcon.colcon_core.shell:Creating environment hook '/home/yifeng/Dropbox/USC/Research/Project/lassie-traveler/dependencies/install/traveler_msgs/share/traveler_msgs/hook/ld_library_path_lib.ps1'
[0.330s] INFO:colcon.colcon_core.shell:Creating environment descriptor '/home/yifeng/Dropbox/USC/Research/Project/lassie-traveler/dependencies/install/traveler_msgs/share/traveler_msgs/hook/ld_library_path_lib.dsv'
[0.330s] INFO:colcon.colcon_core.shell:Creating environment hook '/home/yifeng/Dropbox/USC/Research/Project/lassie-traveler/dependencies/install/traveler_msgs/share/traveler_msgs/hook/ld_library_path_lib.sh'
[0.330s] Level 1:colcon.colcon_core.environment:checking '/home/yifeng/Dropbox/USC/Research/Project/lassie-traveler/dependencies/install/traveler_msgs/bin'
[0.330s] Level 1:colcon.colcon_core.environment:checking '/home/yifeng/Dropbox/USC/Research/Project/lassie-traveler/dependencies/install/traveler_msgs/lib/pkgconfig/traveler_msgs.pc'
[0.330s] Level 1:colcon.colcon_core.environment:checking '/home/yifeng/Dropbox/USC/Research/Project/lassie-traveler/dependencies/install/traveler_msgs/lib/python3.12/site-packages'
[0.330s] Level 1:colcon.colcon_core.shell:create_environment_hook('traveler_msgs', 'pythonpath')
[0.330s] INFO:colcon.colcon_core.shell:Creating environment hook '/home/yifeng/Dropbox/USC/Research/Project/lassie-traveler/dependencies/install/traveler_msgs/share/traveler_msgs/hook/pythonpath.ps1'
[0.330s] INFO:colcon.colcon_core.shell:Creating environment descriptor '/home/yifeng/Dropbox/USC/Research/Project/lassie-traveler/dependencies/install/traveler_msgs/share/traveler_msgs/hook/pythonpath.dsv'
[0.330s] INFO:colcon.colcon_core.shell:Creating environment hook '/home/yifeng/Dropbox/USC/Research/Project/lassie-traveler/dependencies/install/traveler_msgs/share/traveler_msgs/hook/pythonpath.sh'
[0.331s] Level 1:colcon.colcon_core.environment:checking '/home/yifeng/Dropbox/USC/Research/Project/lassie-traveler/dependencies/install/traveler_msgs/bin'
[0.331s] INFO:colcon.colcon_core.shell:Creating package script '/home/yifeng/Dropbox/USC/Research/Project/lassie-traveler/dependencies/install/traveler_msgs/share/traveler_msgs/package.ps1'
[0.331s] INFO:colcon.colcon_core.shell:Creating package descriptor '/home/yifeng/Dropbox/USC/Research/Project/lassie-traveler/dependencies/install/traveler_msgs/share/traveler_msgs/package.dsv'
[0.331s] INFO:colcon.colcon_core.shell:Creating package script '/home/yifeng/Dropbox/USC/Research/Project/lassie-traveler/dependencies/install/traveler_msgs/share/traveler_msgs/package.sh'
[0.331s] INFO:colcon.colcon_core.shell:Creating package script '/home/yifeng/Dropbox/USC/Research/Project/lassie-traveler/dependencies/install/traveler_msgs/share/traveler_msgs/package.bash'
[0.331s] INFO:colcon.colcon_core.shell:Creating package script '/home/yifeng/Dropbox/USC/Research/Project/lassie-traveler/dependencies/install/traveler_msgs/share/traveler_msgs/package.zsh'
[0.331s] Level 1:colcon.colcon_core.environment:create_file_with_runtime_dependencies(/home/yifeng/Dropbox/USC/Research/Project/lassie-traveler/dependencies/install/traveler_msgs/share/colcon-core/packages/traveler_msgs)
[0.332s] DEBUG:colcon.colcon_core.executor.sequential:run_until_complete 'traveler_msgs' finished with '0'
[0.332s] DEBUG:colcon.colcon_core.executor.sequential:run_until_complete 'traveler_high_controller'
[0.332s] INFO:colcon.colcon_ros.task.ament_cmake.build:Building ROS package in '/home/yifeng/Dropbox/USC/Research/Project/lassie-traveler/dependencies/traveler_controller' with build type 'ament_cmake'
[0.332s] INFO:colcon.colcon_cmake.task.cmake.build:Building CMake package in '/home/yifeng/Dropbox/USC/Research/Project/lassie-traveler/dependencies/traveler_controller'
[0.332s] INFO:colcon.colcon_core.shell:Skip shell extension 'powershell' for command environment: Not usable outside of PowerShell
[0.332s] DEBUG:colcon.colcon_core.shell:Skip shell extension 'dsv' for command environment
[0.336s] DEBUG:colcon.colcon_core.event_handler.log_command:Invoking command in '/home/yifeng/Dropbox/USC/Research/Project/lassie-traveler/dependencies/build/traveler_high_controller': CMAKE_PREFIX_PATH=/home/yifeng/Dropbox/USC/Research/Project/lassie-traveler/dependencies/install/traveler_msgs:/home/yifeng/Dropbox/USC/Research/Project/lassie-traveler/dependencies/install/traveler_high_controller:/opt/ros/jazzy/opt/gz_math_vendor:/opt/ros/jazzy/opt/gz_utils_vendor:/opt/ros/jazzy/opt/gz_cmake_vendor:/opt/ros/jazzy DEBUGINFOD_URLS=https://debuginfod.ubuntu.com /usr/bin/cmake --build /home/yifeng/Dropbox/USC/Research/Project/lassie-traveler/dependencies/build/traveler_high_controller -- -j32 -l32
[5.886s] DEBUG:colcon.colcon_core.event_handler.log_command:Invoked command in '/home/yifeng/Dropbox/USC/Research/Project/lassie-traveler/dependencies/build/traveler_high_controller' returned '0': CMAKE_PREFIX_PATH=/home/yifeng/Dropbox/USC/Research/Project/lassie-traveler/dependencies/install/traveler_msgs:/home/yifeng/Dropbox/USC/Research/Project/lassie-traveler/dependencies/install/traveler_high_controller:/opt/ros/jazzy/opt/gz_math_vendor:/opt/ros/jazzy/opt/gz_utils_vendor:/opt/ros/jazzy/opt/gz_cmake_vendor:/opt/ros/jazzy DEBUGINFOD_URLS=https://debuginfod.ubuntu.com /usr/bin/cmake --build /home/yifeng/Dropbox/USC/Research/Project/lassie-traveler/dependencies/build/traveler_high_controller -- -j32 -l32
[5.886s] DEBUG:colcon.colcon_core.event_handler.log_command:Invoking command in '/home/yifeng/Dropbox/USC/Research/Project/lassie-traveler/dependencies/build/traveler_high_controller': CMAKE_PREFIX_PATH=/home/yifeng/Dropbox/USC/Research/Project/lassie-traveler/dependencies/install/traveler_msgs:/home/yifeng/Dropbox/USC/Research/Project/lassie-traveler/dependencies/install/traveler_high_controller:/opt/ros/jazzy/opt/gz_math_vendor:/opt/ros/jazzy/opt/gz_utils_vendor:/opt/ros/jazzy/opt/gz_cmake_vendor:/opt/ros/jazzy DEBUGINFOD_URLS=https://debuginfod.ubuntu.com /usr/bin/cmake --install /home/yifeng/Dropbox/USC/Research/Project/lassie-traveler/dependencies/build/traveler_high_controller
[5.904s] Level 1:colcon.colcon_core.environment:create_environment_scripts_only(traveler_high_controller)
[5.904s] Level 1:colcon.colcon_core.environment:checking '/home/yifeng/Dropbox/USC/Research/Project/lassie-traveler/dependencies/install/traveler_high_controller' for CMake module files
[5.905s] DEBUG:colcon.colcon_core.event_handler.log_command:Invoked command in '/home/yifeng/Dropbox/USC/Research/Project/lassie-traveler/dependencies/build/traveler_high_controller' returned '0': CMAKE_PREFIX_PATH=/home/yifeng/Dropbox/USC/Research/Project/lassie-traveler/dependencies/install/traveler_msgs:/home/yifeng/Dropbox/USC/Research/Project/lassie-traveler/dependencies/install/traveler_high_controller:/opt/ros/jazzy/opt/gz_math_vendor:/opt/ros/jazzy/opt/gz_utils_vendor:/opt/ros/jazzy/opt/gz_cmake_vendor:/opt/ros/jazzy DEBUGINFOD_URLS=https://debuginfod.ubuntu.com /usr/bin/cmake --install /home/yifeng/Dropbox/USC/Research/Project/lassie-traveler/dependencies/build/traveler_high_controller
[5.905s] Level 1:colcon.colcon_core.environment:checking '/home/yifeng/Dropbox/USC/Research/Project/lassie-traveler/dependencies/install/traveler_high_controller' for CMake config files
[5.905s] Level 1:colcon.colcon_core.shell:create_environment_hook('traveler_high_controller', 'cmake_prefix_path')
[5.905s] INFO:colcon.colcon_core.shell:Creating environment hook '/home/yifeng/Dropbox/USC/Research/Project/lassie-traveler/dependencies/install/traveler_high_controller/share/traveler_high_controller/hook/cmake_prefix_path.ps1'
[5.905s] INFO:colcon.colcon_core.shell:Creating environment descriptor '/home/yifeng/Dropbox/USC/Research/Project/lassie-traveler/dependencies/install/traveler_high_controller/share/traveler_high_controller/hook/cmake_prefix_path.dsv'
[5.905s] INFO:colcon.colcon_core.shell:Creating environment hook '/home/yifeng/Dropbox/USC/Research/Project/lassie-traveler/dependencies/install/traveler_high_controller/share/traveler_high_controller/hook/cmake_prefix_path.sh'
[5.906s] Level 1:colcon.colcon_core.environment:checking '/home/yifeng/Dropbox/USC/Research/Project/lassie-traveler/dependencies/install/traveler_high_controller/lib'
[5.906s] Level 1:colcon.colcon_core.environment:checking '/home/yifeng/Dropbox/USC/Research/Project/lassie-traveler/dependencies/install/traveler_high_controller/bin'
[5.906s] Level 1:colcon.colcon_core.environment:checking '/home/yifeng/Dropbox/USC/Research/Project/lassie-traveler/dependencies/install/traveler_high_controller/lib/pkgconfig/traveler_high_controller.pc'
[5.906s] Level 1:colcon.colcon_core.environment:checking '/home/yifeng/Dropbox/USC/Research/Project/lassie-traveler/dependencies/install/traveler_high_controller/lib/python3.12/site-packages'
[5.906s] Level 1:colcon.colcon_core.environment:checking '/home/yifeng/Dropbox/USC/Research/Project/lassie-traveler/dependencies/install/traveler_high_controller/bin'
[5.906s] INFO:colcon.colcon_core.shell:Creating package script '/home/yifeng/Dropbox/USC/Research/Project/lassie-traveler/dependencies/install/traveler_high_controller/share/traveler_high_controller/package.ps1'
[5.906s] INFO:colcon.colcon_core.shell:Creating package descriptor '/home/yifeng/Dropbox/USC/Research/Project/lassie-traveler/dependencies/install/traveler_high_controller/share/traveler_high_controller/package.dsv'
[5.906s] INFO:colcon.colcon_core.shell:Creating package script '/home/yifeng/Dropbox/USC/Research/Project/lassie-traveler/dependencies/install/traveler_high_controller/share/traveler_high_controller/package.sh'
[5.907s] INFO:colcon.colcon_core.shell:Creating package script '/home/yifeng/Dropbox/USC/Research/Project/lassie-traveler/dependencies/install/traveler_high_controller/share/traveler_high_controller/package.bash'
[5.907s] INFO:colcon.colcon_core.shell:Creating package script '/home/yifeng/Dropbox/USC/Research/Project/lassie-traveler/dependencies/install/traveler_high_controller/share/traveler_high_controller/package.zsh'
[5.907s] Level 1:colcon.colcon_core.environment:create_file_with_runtime_dependencies(/home/yifeng/Dropbox/USC/Research/Project/lassie-traveler/dependencies/install/traveler_high_controller/share/colcon-core/packages/traveler_high_controller)
[5.907s] Level 1:colcon.colcon_core.environment:create_environment_scripts_only(traveler_high_controller)
[5.907s] Level 1:colcon.colcon_core.environment:checking '/home/yifeng/Dropbox/USC/Research/Project/lassie-traveler/dependencies/install/traveler_high_controller' for CMake module files
[5.907s] Level 1:colcon.colcon_core.environment:checking '/home/yifeng/Dropbox/USC/Research/Project/lassie-traveler/dependencies/install/traveler_high_controller' for CMake config files
[5.907s] Level 1:colcon.colcon_core.shell:create_environment_hook('traveler_high_controller', 'cmake_prefix_path')
[5.907s] INFO:colcon.colcon_core.shell:Creating environment hook '/home/yifeng/Dropbox/USC/Research/Project/lassie-traveler/dependencies/install/traveler_high_controller/share/traveler_high_controller/hook/cmake_prefix_path.ps1'
[5.907s] INFO:colcon.colcon_core.shell:Creating environment descriptor '/home/yifeng/Dropbox/USC/Research/Project/lassie-traveler/dependencies/install/traveler_high_controller/share/traveler_high_controller/hook/cmake_prefix_path.dsv'
[5.908s] INFO:colcon.colcon_core.shell:Creating environment hook '/home/yifeng/Dropbox/USC/Research/Project/lassie-traveler/dependencies/install/traveler_high_controller/share/traveler_high_controller/hook/cmake_prefix_path.sh'
[5.908s] Level 1:colcon.colcon_core.environment:checking '/home/yifeng/Dropbox/USC/Research/Project/lassie-traveler/dependencies/install/traveler_high_controller/lib'
[5.908s] Level 1:colcon.colcon_core.environment:checking '/home/yifeng/Dropbox/USC/Research/Project/lassie-traveler/dependencies/install/traveler_high_controller/bin'
[5.908s] Level 1:colcon.colcon_core.environment:checking '/home/yifeng/Dropbox/USC/Research/Project/lassie-traveler/dependencies/install/traveler_high_controller/lib/pkgconfig/traveler_high_controller.pc'
[5.908s] Level 1:colcon.colcon_core.environment:checking '/home/yifeng/Dropbox/USC/Research/Project/lassie-traveler/dependencies/install/traveler_high_controller/lib/python3.12/site-packages'
[5.908s] Level 1:colcon.colcon_core.environment:checking '/home/yifeng/Dropbox/USC/Research/Project/lassie-traveler/dependencies/install/traveler_high_controller/bin'
[5.908s] INFO:colcon.colcon_core.shell:Creating package script '/home/yifeng/Dropbox/USC/Research/Project/lassie-traveler/dependencies/install/traveler_high_controller/share/traveler_high_controller/package.ps1'
[5.908s] INFO:colcon.colcon_core.shell:Creating package descriptor '/home/yifeng/Dropbox/USC/Research/Project/lassie-traveler/dependencies/install/traveler_high_controller/share/traveler_high_controller/package.dsv'
[5.908s] INFO:colcon.colcon_core.shell:Creating package script '/home/yifeng/Dropbox/USC/Research/Project/lassie-traveler/dependencies/install/traveler_high_controller/share/traveler_high_controller/package.sh'
[5.908s] INFO:colcon.colcon_core.shell:Creating package script '/home/yifeng/Dropbox/USC/Research/Project/lassie-traveler/dependencies/install/traveler_high_controller/share/traveler_high_controller/package.bash'
[5.909s] INFO:colcon.colcon_core.shell:Creating package script '/home/yifeng/Dropbox/USC/Research/Project/lassie-traveler/dependencies/install/traveler_high_controller/share/traveler_high_controller/package.zsh'
[5.909s] Level 1:colcon.colcon_core.environment:create_file_with_runtime_dependencies(/home/yifeng/Dropbox/USC/Research/Project/lassie-traveler/dependencies/install/traveler_high_controller/share/colcon-core/packages/traveler_high_controller)
[5.909s] DEBUG:colcon.colcon_core.executor.sequential:run_until_complete 'traveler_high_controller' finished with '0'
[5.909s] DEBUG:colcon.colcon_core.executor.sequential:closing loop
[5.909s] DEBUG:colcon.colcon_core.executor.sequential:loop closed
[5.909s] DEBUG:colcon.colcon_core.event_reactor:joining thread
[5.912s] INFO:colcon.colcon_core.plugin_system:Skipping extension 'colcon_notification.desktop_notification.terminal_notifier': Not used on non-Darwin systems
[5.912s] INFO:colcon.colcon_core.plugin_system:Skipping extension 'colcon_notification.desktop_notification.win32': Not used on non-Windows systems
[5.912s] INFO:colcon.colcon_notification.desktop_notification:Sending desktop notification using 'notify2'
[5.918s] DEBUG:colcon.colcon_core.event_reactor:joined thread
[5.919s] INFO:colcon.colcon_core.shell:Creating prefix script '/home/yifeng/Dropbox/USC/Research/Project/lassie-traveler/dependencies/install/local_setup.ps1'
[5.919s] INFO:colcon.colcon_core.shell:Creating prefix util module '/home/yifeng/Dropbox/USC/Research/Project/lassie-traveler/dependencies/install/_local_setup_util_ps1.py'
[5.919s] INFO:colcon.colcon_core.shell:Creating prefix chain script '/home/yifeng/Dropbox/USC/Research/Project/lassie-traveler/dependencies/install/setup.ps1'
[5.920s] INFO:colcon.colcon_core.shell:Creating prefix script '/home/yifeng/Dropbox/USC/Research/Project/lassie-traveler/dependencies/install/local_setup.sh'
[5.920s] INFO:colcon.colcon_core.shell:Creating prefix util module '/home/yifeng/Dropbox/USC/Research/Project/lassie-traveler/dependencies/install/_local_setup_util_sh.py'
[5.920s] INFO:colcon.colcon_core.shell:Creating prefix chain script '/home/yifeng/Dropbox/USC/Research/Project/lassie-traveler/dependencies/install/setup.sh'
[5.920s] INFO:colcon.colcon_core.shell:Creating prefix script '/home/yifeng/Dropbox/USC/Research/Project/lassie-traveler/dependencies/install/local_setup.bash'
[5.921s] INFO:colcon.colcon_core.shell:Creating prefix chain script '/home/yifeng/Dropbox/USC/Research/Project/lassie-traveler/dependencies/install/setup.bash'
[5.921s] INFO:colcon.colcon_core.shell:Creating prefix script '/home/yifeng/Dropbox/USC/Research/Project/lassie-traveler/dependencies/install/local_setup.zsh'
[5.921s] INFO:colcon.colcon_core.shell:Creating prefix chain script '/home/yifeng/Dropbox/USC/Research/Project/lassie-traveler/dependencies/install/setup.zsh'
