-- The C compiler identification is GNU 9.4.0
-- The CXX compiler identification is GNU 9.4.0
-- Check for working C compiler: /usr/bin/cc
-- Check for working C compiler: /usr/bin/cc -- works
-- Detecting C compiler ABI info
-- Detecting C compiler ABI info - done
-- Detecting C compile features
-- Detecting C compile features - done
-- Check for working CXX compiler: /usr/bin/c++
-- Check for working CXX compiler: /usr/bin/c++ -- works
-- Detecting CXX compiler ABI info
-- Detecting CXX compiler ABI info - done
-- Detecting CXX compile features
-- Detecting CXX compile features - done
-- Found ament_cmake: 0.9.12 (/opt/ros/foxy/share/ament_cmake/cmake)
-- Found PythonInterp: /usr/bin/python3 (found suitable version "3.8.10", minimum required is "3") 
-- Using PYTHON_EXECUTABLE: /usr/bin/python3
-- Found rclcpp: 2.4.3 (/opt/ros/foxy/share/rclcpp/cmake)
-- Using all available rosidl_typesupport_c: rosidl_typesupport_fastrtps_c;rosidl_typesupport_introspection_c
-- Found rosidl_adapter: 1.3.1 (/opt/ros/foxy/share/rosidl_adapter/cmake)
-- Found OpenSSL: /usr/lib/x86_64-linux-gnu/libcrypto.so (found version "1.1.1f")  
-- Found FastRTPS: /opt/ros/foxy/include  
-- Using all available rosidl_typesupport_cpp: rosidl_typesupport_fastrtps_cpp;rosidl_typesupport_introspection_cpp
-- Found rmw_implementation_cmake: 1.0.4 (/opt/ros/foxy/share/rmw_implementation_cmake/cmake)
-- Using RMW implementation 'rmw_fastrtps_cpp' as default
-- Looking for pthread.h
-- Looking for pthread.h - found
-- Performing Test CMAKE_HAVE_LIBC_PTHREAD
-- Performing Test CMAKE_HAVE_LIBC_PTHREAD - Failed
-- Looking for pthread_create in pthreads
-- Looking for pthread_create in pthreads - not found
-- Looking for pthread_create in pthread
-- Looking for pthread_create in pthread - found
-- Found Threads: TRUE  
-- Found control_msgs: 2.5.1 (/opt/ros/foxy/share/control_msgs/cmake)
-- Found traveler_msgs: 0.0.0 (/home/eeb16/Dropbox/USC/Research/Project/lassie-traveler/dependencies/install/traveler_msgs/share/traveler_msgs/cmake)
-- Configuring done
-- Generating done
-- Build files have been written to: /home/eeb16/Dropbox/USC/Research/Project/lassie-traveler/dependencies/build/traveler_high_controller
[35m[1mScanning dependencies of target odrive_can_interface[0m
[35m[1mScanning dependencies of target traveler_high_controller[0m
[ 12%] [32mBuilding CXX object CMakeFiles/odrive_can_interface.dir/src/can_driver/can_publisher.cpp.o[0m
[ 12%] [32mBuilding CXX object CMakeFiles/odrive_can_interface.dir/src/can_driver/odrive_can.cpp.o[0m
[ 18%] [32mBuilding CXX object CMakeFiles/odrive_can_interface.dir/src/can_driver/socketcan_interface.cpp.o[0m
[ 25%] [32mBuilding CXX object CMakeFiles/odrive_can_interface.dir/src/can_driver/can_suber.cpp.o[0m
[ 43%] [32mBuilding CXX object CMakeFiles/traveler_high_controller.dir/src/main.cpp.o[0m
[ 43%] [32mBuilding CXX object CMakeFiles/traveler_high_controller.dir/src/proxy/upperproxy.cpp.o[0m
[ 50%] [32mBuilding CXX object CMakeFiles/traveler_high_controller.dir/src/controller/Inverse_kinematics.cpp.o[0m
[ 56%] [32mBuilding CXX object CMakeFiles/traveler_high_controller.dir/src/controller/trajectories_parser.cpp.o[0m
[ 62%] [32mBuilding CXX object CMakeFiles/traveler_high_controller.dir/src/proxy/lowerproxy.cpp.o[0m
[ 68%] [32mBuilding CXX object CMakeFiles/traveler_high_controller.dir/src/can_driver/can_driver.cpp.o[0m
[ 75%] [32mBuilding CXX object CMakeFiles/traveler_high_controller.dir/src/can_driver/socketcan_interface.cpp.o[0m
[ 43%] [32mBuilding CXX object CMakeFiles/traveler_high_controller.dir/src/controller/controller_monitor.cpp.o[0m
[ 81%] [32mBuilding CXX object CMakeFiles/traveler_high_controller.dir/src/controller/pid_speed_controller.cpp.o[0m
[ 87%] [32mBuilding CXX object CMakeFiles/traveler_high_controller.dir/src/utils/lowpassfilter.cpp.o[0m
[01m[K/home/eeb16/Dropbox/USC/Research/Project/lassie-traveler/dependencies/traveler_controller/src/controller/trajectories_parser.cpp:[m[K In member function ‘[01m[Kbool traveler_namespace::control::TrajectoriesParser::waypointTrajectory(Traveler&)[m[K’:
[01m[K/home/eeb16/Dropbox/USC/Research/Project/lassie-traveler/dependencies/traveler_controller/src/controller/trajectories_parser.cpp:251:41:[m[K [01;35m[Kwarning: [m[Kcomparison of integer expressions of different signedness: ‘[01m[Kint[m[K’ and ‘[01m[Kstd::vector<Waypoint>::size_type[m[K’ {aka ‘[01m[Klong unsigned int[m[K’} [[01;35m[K-Wsign-compare[m[K]
  251 |                     if ([01;35m[Kwaypoint_index_ < waypoints_.size()[m[K) {
      |                         [01;35m[K~~~~~~~~~~~~~~~~^~~~~~~~~~~~~~~~~~~[m[K
[01m[K/home/eeb16/Dropbox/USC/Research/Project/lassie-traveler/dependencies/traveler_controller/src/controller/trajectories_parser.cpp:[m[K In member function ‘[01m[Kvoid traveler_namespace::control::TrajectoriesParser::generateWaypoints(Traveler&)[m[K’:
[01m[K/home/eeb16/Dropbox/USC/Research/Project/lassie-traveler/dependencies/traveler_controller/src/controller/trajectories_parser.cpp:390:31:[m[K [01;35m[Kwarning: [m[Kcomparison of integer expressions of different signedness: ‘[01m[Kint[m[K’ and ‘[01m[Kstd::vector<Waypoint>::size_type[m[K’ {aka ‘[01m[Klong unsigned int[m[K’} [[01;35m[K-Wsign-compare[m[K]
  390 |             for (int i = 0; [01;35m[Ki < waypoints_.size()[m[K; i++) {
      |                             [01;35m[K~~^~~~~~~~~~~~~~~~~~~[m[K
[ 93%] [32m[1mLinking CXX executable odrive_can_interface[0m
[ 93%] Built target odrive_can_interface
[100%] [32m[1mLinking CXX executable traveler_high_controller[0m
[100%] Built target traveler_high_controller
-- Install configuration: "Debug"
-- Installing: /home/eeb16/Dropbox/USC/Research/Project/lassie-traveler/dependencies/install/traveler_high_controller/lib/traveler_high_controller/traveler_high_controller
-- Set runtime path of "/home/eeb16/Dropbox/USC/Research/Project/lassie-traveler/dependencies/install/traveler_high_controller/lib/traveler_high_controller/traveler_high_controller" to ""
-- Installing: /home/eeb16/Dropbox/USC/Research/Project/lassie-traveler/dependencies/install/traveler_high_controller/lib/traveler_high_controller/odrive_can_interface
-- Set runtime path of "/home/eeb16/Dropbox/USC/Research/Project/lassie-traveler/dependencies/install/traveler_high_controller/lib/traveler_high_controller/odrive_can_interface" to ""
-- Installing: /home/eeb16/Dropbox/USC/Research/Project/lassie-traveler/dependencies/install/traveler_high_controller/share/ament_index/resource_index/package_run_dependencies/traveler_high_controller
-- Installing: /home/eeb16/Dropbox/USC/Research/Project/lassie-traveler/dependencies/install/traveler_high_controller/share/ament_index/resource_index/parent_prefix_path/traveler_high_controller
-- Installing: /home/eeb16/Dropbox/USC/Research/Project/lassie-traveler/dependencies/install/traveler_high_controller/share/traveler_high_controller/environment/ament_prefix_path.sh
-- Installing: /home/eeb16/Dropbox/USC/Research/Project/lassie-traveler/dependencies/install/traveler_high_controller/share/traveler_high_controller/environment/ament_prefix_path.dsv
-- Installing: /home/eeb16/Dropbox/USC/Research/Project/lassie-traveler/dependencies/install/traveler_high_controller/share/traveler_high_controller/environment/path.sh
-- Installing: /home/eeb16/Dropbox/USC/Research/Project/lassie-traveler/dependencies/install/traveler_high_controller/share/traveler_high_controller/environment/path.dsv
-- Installing: /home/eeb16/Dropbox/USC/Research/Project/lassie-traveler/dependencies/install/traveler_high_controller/share/traveler_high_controller/local_setup.bash
-- Installing: /home/eeb16/Dropbox/USC/Research/Project/lassie-traveler/dependencies/install/traveler_high_controller/share/traveler_high_controller/local_setup.sh
-- Installing: /home/eeb16/Dropbox/USC/Research/Project/lassie-traveler/dependencies/install/traveler_high_controller/share/traveler_high_controller/local_setup.zsh
-- Installing: /home/eeb16/Dropbox/USC/Research/Project/lassie-traveler/dependencies/install/traveler_high_controller/share/traveler_high_controller/local_setup.dsv
-- Installing: /home/eeb16/Dropbox/USC/Research/Project/lassie-traveler/dependencies/install/traveler_high_controller/share/traveler_high_controller/package.dsv
-- Installing: /home/eeb16/Dropbox/USC/Research/Project/lassie-traveler/dependencies/install/traveler_high_controller/share/ament_index/resource_index/packages/traveler_high_controller
-- Installing: /home/eeb16/Dropbox/USC/Research/Project/lassie-traveler/dependencies/install/traveler_high_controller/share/traveler_high_controller/cmake/traveler_high_controllerConfig.cmake
-- Installing: /home/eeb16/Dropbox/USC/Research/Project/lassie-traveler/dependencies/install/traveler_high_controller/share/traveler_high_controller/cmake/traveler_high_controllerConfig-version.cmake
-- Installing: /home/eeb16/Dropbox/USC/Research/Project/lassie-traveler/dependencies/install/traveler_high_controller/share/traveler_high_controller/package.xml
