[0.005s] Invoking command in '/home/eeb16/Dropbox/USC/Research/Project/lassie-traveler/dependencies/build/traveler_high_controller': AMENT_PREFIX_PATH=/home/eeb16/Dropbox/USC/Research/Project/lassie-traveler/dependencies/install/traveler_msgs:${AMENT_PREFIX_PATH} CMAKE_PREFIX_PATH=/home/eeb16/Dropbox/USC/Research/Project/lassie-traveler/dependencies/install/traveler_msgs:/opt/ros/foxy LD_LIBRARY_PATH=/home/eeb16/Dropbox/USC/Research/Project/lassie-traveler/dependencies/install/traveler_msgs/lib:${LD_LIBRARY_PATH} PYTHONPATH=/home/eeb16/Dropbox/USC/Research/Project/lassie-traveler/dependencies/install/traveler_msgs/lib/python3.8/site-packages:${PYTHONPATH} /usr/bin/cmake /home/eeb16/Dropbox/USC/Research/Project/lassie-traveler/dependencies/traveler_controller -DCMAKE_INSTALL_PREFIX=/home/eeb16/Dropbox/USC/Research/Project/lassie-traveler/dependencies/install/traveler_high_controller
[0.035s] -- The C compiler identification is GNU 9.4.0
[0.064s] -- The CXX compiler identification is GNU 9.4.0
[0.066s] -- Check for working C compiler: /usr/bin/cc
[0.103s] -- Check for working C compiler: /usr/bin/cc -- works
[0.104s] -- Detecting C compiler ABI info
[0.144s] -- Detecting C compiler ABI info - done
[0.152s] -- Detecting C compile features
[0.152s] -- Detecting C compile features - done
[0.154s] -- Check for working CXX compiler: /usr/bin/c++
[0.197s] -- Check for working CXX compiler: /usr/bin/c++ -- works
[0.198s] -- Detecting CXX compiler ABI info
[0.241s] -- Detecting CXX compiler ABI info - done
[0.249s] -- Detecting CXX compile features
[0.249s] -- Detecting CXX compile features - done
[0.251s] -- Found ament_cmake: 0.9.12 (/opt/ros/foxy/share/ament_cmake/cmake)
[0.265s] -- Found PythonInterp: /usr/bin/python3 (found suitable version "3.8.10", minimum required is "3") 
[0.265s] -- Using PYTHON_EXECUTABLE: /usr/bin/python3
[0.382s] -- Found rclcpp: 2.4.3 (/opt/ros/foxy/share/rclcpp/cmake)
[0.407s] -- Using all available rosidl_typesupport_c: rosidl_typesupport_fastrtps_c;rosidl_typesupport_introspection_c
[0.410s] -- Found rosidl_adapter: 1.3.1 (/opt/ros/foxy/share/rosidl_adapter/cmake)
[0.452s] -- Found OpenSSL: /usr/lib/x86_64-linux-gnu/libcrypto.so (found version "1.1.1f")  
[0.469s] -- Found FastRTPS: /opt/ros/foxy/include  
[0.512s] -- Using all available rosidl_typesupport_cpp: rosidl_typesupport_fastrtps_cpp;rosidl_typesupport_introspection_cpp
[0.546s] -- Found rmw_implementation_cmake: 1.0.4 (/opt/ros/foxy/share/rmw_implementation_cmake/cmake)
[0.546s] -- Using RMW implementation 'rmw_fastrtps_cpp' as default
[0.547s] -- Looking for pthread.h
[0.586s] -- Looking for pthread.h - found
[0.586s] -- Performing Test CMAKE_HAVE_LIBC_PTHREAD
[0.625s] -- Performing Test CMAKE_HAVE_LIBC_PTHREAD - Failed
[0.625s] -- Looking for pthread_create in pthreads
[0.656s] -- Looking for pthread_create in pthreads - not found
[0.656s] -- Looking for pthread_create in pthread
[0.695s] -- Looking for pthread_create in pthread - found
[0.696s] -- Found Threads: TRUE  
[0.781s] -- Found control_msgs: 2.5.1 (/opt/ros/foxy/share/control_msgs/cmake)
[1.007s] -- Found traveler_msgs: 0.0.0 (/home/eeb16/Dropbox/USC/Research/Project/lassie-traveler/dependencies/install/traveler_msgs/share/traveler_msgs/cmake)
[1.057s] -- Configuring done
[1.066s] -- Generating done
[1.070s] -- Build files have been written to: /home/eeb16/Dropbox/USC/Research/Project/lassie-traveler/dependencies/build/traveler_high_controller
[1.074s] Invoked command in '/home/eeb16/Dropbox/USC/Research/Project/lassie-traveler/dependencies/build/traveler_high_controller' returned '0': AMENT_PREFIX_PATH=/home/eeb16/Dropbox/USC/Research/Project/lassie-traveler/dependencies/install/traveler_msgs:${AMENT_PREFIX_PATH} CMAKE_PREFIX_PATH=/home/eeb16/Dropbox/USC/Research/Project/lassie-traveler/dependencies/install/traveler_msgs:/opt/ros/foxy LD_LIBRARY_PATH=/home/eeb16/Dropbox/USC/Research/Project/lassie-traveler/dependencies/install/traveler_msgs/lib:${LD_LIBRARY_PATH} PYTHONPATH=/home/eeb16/Dropbox/USC/Research/Project/lassie-traveler/dependencies/install/traveler_msgs/lib/python3.8/site-packages:${PYTHONPATH} /usr/bin/cmake /home/eeb16/Dropbox/USC/Research/Project/lassie-traveler/dependencies/traveler_controller -DCMAKE_INSTALL_PREFIX=/home/eeb16/Dropbox/USC/Research/Project/lassie-traveler/dependencies/install/traveler_high_controller
[1.075s] Invoking command in '/home/eeb16/Dropbox/USC/Research/Project/lassie-traveler/dependencies/build/traveler_high_controller': AMENT_PREFIX_PATH=/home/eeb16/Dropbox/USC/Research/Project/lassie-traveler/dependencies/install/traveler_msgs:${AMENT_PREFIX_PATH} CMAKE_PREFIX_PATH=/home/eeb16/Dropbox/USC/Research/Project/lassie-traveler/dependencies/install/traveler_msgs:/opt/ros/foxy LD_LIBRARY_PATH=/home/eeb16/Dropbox/USC/Research/Project/lassie-traveler/dependencies/install/traveler_msgs/lib:${LD_LIBRARY_PATH} PYTHONPATH=/home/eeb16/Dropbox/USC/Research/Project/lassie-traveler/dependencies/install/traveler_msgs/lib/python3.8/site-packages:${PYTHONPATH} /usr/bin/cmake --build /home/eeb16/Dropbox/USC/Research/Project/lassie-traveler/dependencies/build/traveler_high_controller -- -j16 -l16
[1.098s] [35m[1mScanning dependencies of target odrive_can_interface[0m
[1.099s] [35m[1mScanning dependencies of target traveler_high_controller[0m
[1.158s] [ 12%] [32mBuilding CXX object CMakeFiles/odrive_can_interface.dir/src/can_driver/can_publisher.cpp.o[0m
[1.158s] [ 12%] [32mBuilding CXX object CMakeFiles/odrive_can_interface.dir/src/can_driver/odrive_can.cpp.o[0m
[1.158s] [ 18%] [32mBuilding CXX object CMakeFiles/odrive_can_interface.dir/src/can_driver/socketcan_interface.cpp.o[0m
[1.158s] [ 25%] [32mBuilding CXX object CMakeFiles/odrive_can_interface.dir/src/can_driver/can_suber.cpp.o[0m
[1.179s] [ 43%] [32mBuilding CXX object CMakeFiles/traveler_high_controller.dir/src/main.cpp.o[0m
[1.179s] [ 43%] [32mBuilding CXX object CMakeFiles/traveler_high_controller.dir/src/proxy/upperproxy.cpp.o[0m
[1.180s] [ 50%] [32mBuilding CXX object CMakeFiles/traveler_high_controller.dir/src/controller/Inverse_kinematics.cpp.o[0m
[1.180s] [ 56%] [32mBuilding CXX object CMakeFiles/traveler_high_controller.dir/src/controller/trajectories_parser.cpp.o[0m
[1.180s] [ 62%] [32mBuilding CXX object CMakeFiles/traveler_high_controller.dir/src/proxy/lowerproxy.cpp.o[0m
[1.180s] [ 68%] [32mBuilding CXX object CMakeFiles/traveler_high_controller.dir/src/can_driver/can_driver.cpp.o[0m
[1.180s] [ 75%] [32mBuilding CXX object CMakeFiles/traveler_high_controller.dir/src/can_driver/socketcan_interface.cpp.o[0m
[1.180s] [ 43%] [32mBuilding CXX object CMakeFiles/traveler_high_controller.dir/src/controller/controller_monitor.cpp.o[0m
[1.180s] [ 81%] [32mBuilding CXX object CMakeFiles/traveler_high_controller.dir/src/controller/pid_speed_controller.cpp.o[0m
[1.185s] [ 87%] [32mBuilding CXX object CMakeFiles/traveler_high_controller.dir/src/utils/lowpassfilter.cpp.o[0m
[1.616s] [01m[K/home/eeb16/Dropbox/USC/Research/Project/lassie-traveler/dependencies/traveler_controller/src/controller/trajectories_parser.cpp:[m[K In member function ‘[01m[Kbool traveler_namespace::control::TrajectoriesParser::waypointTrajectory(Traveler&)[m[K’:
[1.616s] [01m[K/home/eeb16/Dropbox/USC/Research/Project/lassie-traveler/dependencies/traveler_controller/src/controller/trajectories_parser.cpp:251:41:[m[K [01;35m[Kwarning: [m[Kcomparison of integer expressions of different signedness: ‘[01m[Kint[m[K’ and ‘[01m[Kstd::vector<Waypoint>::size_type[m[K’ {aka ‘[01m[Klong unsigned int[m[K’} [[01;35m[K-Wsign-compare[m[K]
[1.616s]   251 |                     if ([01;35m[Kwaypoint_index_ < waypoints_.size()[m[K) {
[1.616s]       |                         [01;35m[K~~~~~~~~~~~~~~~~^~~~~~~~~~~~~~~~~~~[m[K
[1.616s] [01m[K/home/eeb16/Dropbox/USC/Research/Project/lassie-traveler/dependencies/traveler_controller/src/controller/trajectories_parser.cpp:[m[K In member function ‘[01m[Kvoid traveler_namespace::control::TrajectoriesParser::generateWaypoints(Traveler&)[m[K’:
[1.616s] [01m[K/home/eeb16/Dropbox/USC/Research/Project/lassie-traveler/dependencies/traveler_controller/src/controller/trajectories_parser.cpp:390:31:[m[K [01;35m[Kwarning: [m[Kcomparison of integer expressions of different signedness: ‘[01m[Kint[m[K’ and ‘[01m[Kstd::vector<Waypoint>::size_type[m[K’ {aka ‘[01m[Klong unsigned int[m[K’} [[01;35m[K-Wsign-compare[m[K]
[1.616s]   390 |             for (int i = 0; [01;35m[Ki < waypoints_.size()[m[K; i++) {
[1.616s]       |                             [01;35m[K~~^~~~~~~~~~~~~~~~~~~[m[K
[5.110s] [ 93%] [32m[1mLinking CXX executable odrive_can_interface[0m
[5.292s] [ 93%] Built target odrive_can_interface
[6.067s] [100%] [32m[1mLinking CXX executable traveler_high_controller[0m
[6.313s] [100%] Built target traveler_high_controller
[6.319s] Invoked command in '/home/eeb16/Dropbox/USC/Research/Project/lassie-traveler/dependencies/build/traveler_high_controller' returned '0': AMENT_PREFIX_PATH=/home/eeb16/Dropbox/USC/Research/Project/lassie-traveler/dependencies/install/traveler_msgs:${AMENT_PREFIX_PATH} CMAKE_PREFIX_PATH=/home/eeb16/Dropbox/USC/Research/Project/lassie-traveler/dependencies/install/traveler_msgs:/opt/ros/foxy LD_LIBRARY_PATH=/home/eeb16/Dropbox/USC/Research/Project/lassie-traveler/dependencies/install/traveler_msgs/lib:${LD_LIBRARY_PATH} PYTHONPATH=/home/eeb16/Dropbox/USC/Research/Project/lassie-traveler/dependencies/install/traveler_msgs/lib/python3.8/site-packages:${PYTHONPATH} /usr/bin/cmake --build /home/eeb16/Dropbox/USC/Research/Project/lassie-traveler/dependencies/build/traveler_high_controller -- -j16 -l16
[6.321s] Invoking command in '/home/eeb16/Dropbox/USC/Research/Project/lassie-traveler/dependencies/build/traveler_high_controller': AMENT_PREFIX_PATH=/home/eeb16/Dropbox/USC/Research/Project/lassie-traveler/dependencies/install/traveler_msgs:${AMENT_PREFIX_PATH} CMAKE_PREFIX_PATH=/home/eeb16/Dropbox/USC/Research/Project/lassie-traveler/dependencies/install/traveler_msgs:/opt/ros/foxy LD_LIBRARY_PATH=/home/eeb16/Dropbox/USC/Research/Project/lassie-traveler/dependencies/install/traveler_msgs/lib:${LD_LIBRARY_PATH} PYTHONPATH=/home/eeb16/Dropbox/USC/Research/Project/lassie-traveler/dependencies/install/traveler_msgs/lib/python3.8/site-packages:${PYTHONPATH} /usr/bin/cmake --install /home/eeb16/Dropbox/USC/Research/Project/lassie-traveler/dependencies/build/traveler_high_controller
[6.325s] -- Install configuration: "Debug"
[6.325s] -- Installing: /home/eeb16/Dropbox/USC/Research/Project/lassie-traveler/dependencies/install/traveler_high_controller/lib/traveler_high_controller/traveler_high_controller
[6.330s] -- Set runtime path of "/home/eeb16/Dropbox/USC/Research/Project/lassie-traveler/dependencies/install/traveler_high_controller/lib/traveler_high_controller/traveler_high_controller" to ""
[6.330s] -- Installing: /home/eeb16/Dropbox/USC/Research/Project/lassie-traveler/dependencies/install/traveler_high_controller/lib/traveler_high_controller/odrive_can_interface
[6.334s] -- Set runtime path of "/home/eeb16/Dropbox/USC/Research/Project/lassie-traveler/dependencies/install/traveler_high_controller/lib/traveler_high_controller/odrive_can_interface" to ""
[6.334s] -- Installing: /home/eeb16/Dropbox/USC/Research/Project/lassie-traveler/dependencies/install/traveler_high_controller/share/ament_index/resource_index/package_run_dependencies/traveler_high_controller
[6.334s] -- Installing: /home/eeb16/Dropbox/USC/Research/Project/lassie-traveler/dependencies/install/traveler_high_controller/share/ament_index/resource_index/parent_prefix_path/traveler_high_controller
[6.334s] -- Installing: /home/eeb16/Dropbox/USC/Research/Project/lassie-traveler/dependencies/install/traveler_high_controller/share/traveler_high_controller/environment/ament_prefix_path.sh
[6.334s] -- Installing: /home/eeb16/Dropbox/USC/Research/Project/lassie-traveler/dependencies/install/traveler_high_controller/share/traveler_high_controller/environment/ament_prefix_path.dsv
[6.334s] -- Installing: /home/eeb16/Dropbox/USC/Research/Project/lassie-traveler/dependencies/install/traveler_high_controller/share/traveler_high_controller/environment/path.sh
[6.334s] -- Installing: /home/eeb16/Dropbox/USC/Research/Project/lassie-traveler/dependencies/install/traveler_high_controller/share/traveler_high_controller/environment/path.dsv
[6.334s] -- Installing: /home/eeb16/Dropbox/USC/Research/Project/lassie-traveler/dependencies/install/traveler_high_controller/share/traveler_high_controller/local_setup.bash
[6.334s] -- Installing: /home/eeb16/Dropbox/USC/Research/Project/lassie-traveler/dependencies/install/traveler_high_controller/share/traveler_high_controller/local_setup.sh
[6.335s] -- Installing: /home/eeb16/Dropbox/USC/Research/Project/lassie-traveler/dependencies/install/traveler_high_controller/share/traveler_high_controller/local_setup.zsh
[6.335s] -- Installing: /home/eeb16/Dropbox/USC/Research/Project/lassie-traveler/dependencies/install/traveler_high_controller/share/traveler_high_controller/local_setup.dsv
[6.335s] -- Installing: /home/eeb16/Dropbox/USC/Research/Project/lassie-traveler/dependencies/install/traveler_high_controller/share/traveler_high_controller/package.dsv
[6.335s] -- Installing: /home/eeb16/Dropbox/USC/Research/Project/lassie-traveler/dependencies/install/traveler_high_controller/share/ament_index/resource_index/packages/traveler_high_controller
[6.335s] -- Installing: /home/eeb16/Dropbox/USC/Research/Project/lassie-traveler/dependencies/install/traveler_high_controller/share/traveler_high_controller/cmake/traveler_high_controllerConfig.cmake
[6.335s] -- Installing: /home/eeb16/Dropbox/USC/Research/Project/lassie-traveler/dependencies/install/traveler_high_controller/share/traveler_high_controller/cmake/traveler_high_controllerConfig-version.cmake
[6.335s] -- Installing: /home/eeb16/Dropbox/USC/Research/Project/lassie-traveler/dependencies/install/traveler_high_controller/share/traveler_high_controller/package.xml
[6.336s] Invoked command in '/home/eeb16/Dropbox/USC/Research/Project/lassie-traveler/dependencies/build/traveler_high_controller' returned '0': AMENT_PREFIX_PATH=/home/eeb16/Dropbox/USC/Research/Project/lassie-traveler/dependencies/install/traveler_msgs:${AMENT_PREFIX_PATH} CMAKE_PREFIX_PATH=/home/eeb16/Dropbox/USC/Research/Project/lassie-traveler/dependencies/install/traveler_msgs:/opt/ros/foxy LD_LIBRARY_PATH=/home/eeb16/Dropbox/USC/Research/Project/lassie-traveler/dependencies/install/traveler_msgs/lib:${LD_LIBRARY_PATH} PYTHONPATH=/home/eeb16/Dropbox/USC/Research/Project/lassie-traveler/dependencies/install/traveler_msgs/lib/python3.8/site-packages:${PYTHONPATH} /usr/bin/cmake --install /home/eeb16/Dropbox/USC/Research/Project/lassie-traveler/dependencies/build/traveler_high_controller
