[0.123s] DEBUG:colcon:Command line arguments: ['/usr/bin/colcon', 'build', '--executor', 'sequential']
[0.123s] DEBUG:colcon:Parsed command line arguments: Namespace(allow_overriding=[], ament_cmake_args=None, base_paths=['.'], build_base='build', catkin_cmake_args=None, catkin_skip_building_tests=False, cmake_args=None, cmake_clean_cache=False, cmake_clean_first=False, cmake_force_configure=False, cmake_target=None, cmake_target_skip_unavailable=False, continue_on_error=False, event_handlers=None, executor='sequential', ignore_user_meta=False, install_base='install', log_base=None, log_level=None, main=<bound method BuildVerb.main of <colcon_core.verb.build.BuildVerb object at 0x7f9a176a91f0>>, merge_install=False, metas=['./colcon.meta'], mixin=None, mixin_files=None, mixin_verb=('build',), packages_above=None, packages_above_and_dependencies=None, packages_above_depth=None, packages_end=None, packages_ignore=None, packages_ignore_regex=None, packages_select=None, packages_select_build_failed=False, packages_select_by_dep=None, packages_select_regex=None, packages_select_test_failures=False, packages_skip=None, packages_skip_build_finished=False, packages_skip_by_dep=None, packages_skip_regex=None, packages_skip_test_passed=False, packages_skip_up_to=None, packages_start=None, packages_up_to=None, packages_up_to_regex=None, parallel_workers=16, paths=None, symlink_install=False, test_result_base=None, verb_extension=<colcon_core.verb.build.BuildVerb object at 0x7f9a176a91f0>, verb_name='build', verb_parser=<colcon_mixin.mixin.mixin_argument.MixinArgumentDecorator object at 0x7f9a175faf40>)
[0.208s] Level 1:colcon.colcon_core.package_discovery:discover_packages(colcon_meta) check parameters
[0.208s] Level 1:colcon.colcon_core.package_discovery:discover_packages(recursive) check parameters
[0.208s] Level 1:colcon.colcon_core.package_discovery:discover_packages(ignore) check parameters
[0.208s] Level 1:colcon.colcon_core.package_discovery:discover_packages(path) check parameters
[0.208s] Level 1:colcon.colcon_core.package_discovery:discover_packages(colcon_meta) discover
[0.208s] Level 1:colcon.colcon_core.package_discovery:discover_packages(recursive) discover
[0.208s] INFO:colcon.colcon_core.package_discovery:Crawling recursively for packages in '/home/eeb16/Dropbox/USC/Research/Project/lassie-traveler/dependencies'
[0.208s] Level 1:colcon.colcon_core.package_identification:_identify(.) by extensions ['ignore', 'ignore_ament_install']
[0.208s] Level 1:colcon.colcon_core.package_identification:_identify(.) by extension 'ignore'
[0.208s] Level 1:colcon.colcon_core.package_identification:_identify(.) by extension 'ignore_ament_install'
[0.208s] Level 1:colcon.colcon_core.package_identification:_identify(.) by extensions ['colcon_pkg']
[0.208s] Level 1:colcon.colcon_core.package_identification:_identify(.) by extension 'colcon_pkg'
[0.208s] Level 1:colcon.colcon_core.package_identification:_identify(.) by extensions ['colcon_meta']
[0.208s] Level 1:colcon.colcon_core.package_identification:_identify(.) by extension 'colcon_meta'
[0.208s] Level 1:colcon.colcon_core.package_identification:_identify(.) by extensions ['ros']
[0.208s] Level 1:colcon.colcon_core.package_identification:_identify(.) by extension 'ros'
[0.220s] Level 1:colcon.colcon_core.package_identification:_identify(.) by extensions ['cmake', 'python']
[0.220s] Level 1:colcon.colcon_core.package_identification:_identify(.) by extension 'cmake'
[0.220s] Level 1:colcon.colcon_core.package_identification:_identify(.) by extension 'python'
[0.220s] Level 1:colcon.colcon_core.package_identification:_identify(.) by extensions ['python_setup_py']
[0.220s] Level 1:colcon.colcon_core.package_identification:_identify(.) by extension 'python_setup_py'
[0.220s] Level 1:colcon.colcon_core.package_identification:_identify(build) by extensions ['ignore', 'ignore_ament_install']
[0.220s] Level 1:colcon.colcon_core.package_identification:_identify(build) by extension 'ignore'
[0.220s] Level 1:colcon.colcon_core.package_identification:_identify(build) ignored
[0.220s] Level 1:colcon.colcon_core.package_identification:_identify(install) by extensions ['ignore', 'ignore_ament_install']
[0.220s] Level 1:colcon.colcon_core.package_identification:_identify(install) by extension 'ignore'
[0.220s] Level 1:colcon.colcon_core.package_identification:_identify(install) ignored
[0.220s] Level 1:colcon.colcon_core.package_identification:_identify(log) by extensions ['ignore', 'ignore_ament_install']
[0.220s] Level 1:colcon.colcon_core.package_identification:_identify(log) by extension 'ignore'
[0.220s] Level 1:colcon.colcon_core.package_identification:_identify(log) ignored
[0.221s] Level 1:colcon.colcon_core.package_identification:_identify(traveler_controller) by extensions ['ignore', 'ignore_ament_install']
[0.221s] Level 1:colcon.colcon_core.package_identification:_identify(traveler_controller) by extension 'ignore'
[0.221s] Level 1:colcon.colcon_core.package_identification:_identify(traveler_controller) by extension 'ignore_ament_install'
[0.221s] Level 1:colcon.colcon_core.package_identification:_identify(traveler_controller) by extensions ['colcon_pkg']
[0.221s] Level 1:colcon.colcon_core.package_identification:_identify(traveler_controller) by extension 'colcon_pkg'
[0.221s] Level 1:colcon.colcon_core.package_identification:_identify(traveler_controller) by extensions ['colcon_meta']
[0.221s] Level 1:colcon.colcon_core.package_identification:_identify(traveler_controller) by extension 'colcon_meta'
[0.221s] Level 1:colcon.colcon_core.package_identification:_identify(traveler_controller) by extensions ['ros']
[0.221s] Level 1:colcon.colcon_core.package_identification:_identify(traveler_controller) by extension 'ros'
[0.222s] DEBUG:colcon.colcon_core.package_identification:Package 'traveler_controller' with type 'ros.ament_cmake' and name 'traveler_high_controller'
[0.222s] Level 1:colcon.colcon_core.package_identification:_identify(traveler_msgs) by extensions ['ignore', 'ignore_ament_install']
[0.222s] Level 1:colcon.colcon_core.package_identification:_identify(traveler_msgs) by extension 'ignore'
[0.223s] Level 1:colcon.colcon_core.package_identification:_identify(traveler_msgs) by extension 'ignore_ament_install'
[0.223s] Level 1:colcon.colcon_core.package_identification:_identify(traveler_msgs) by extensions ['colcon_pkg']
[0.223s] Level 1:colcon.colcon_core.package_identification:_identify(traveler_msgs) by extension 'colcon_pkg'
[0.223s] Level 1:colcon.colcon_core.package_identification:_identify(traveler_msgs) by extensions ['colcon_meta']
[0.223s] Level 1:colcon.colcon_core.package_identification:_identify(traveler_msgs) by extension 'colcon_meta'
[0.223s] Level 1:colcon.colcon_core.package_identification:_identify(traveler_msgs) by extensions ['ros']
[0.223s] Level 1:colcon.colcon_core.package_identification:_identify(traveler_msgs) by extension 'ros'
[0.223s] DEBUG:colcon.colcon_core.package_identification:Package 'traveler_msgs' with type 'ros.ament_cmake' and name 'traveler_msgs'
[0.223s] Level 1:colcon.colcon_core.package_discovery:discover_packages(recursive) using defaults
[0.223s] Level 1:colcon.colcon_core.package_discovery:discover_packages(ignore) discover
[0.223s] Level 1:colcon.colcon_core.package_discovery:discover_packages(ignore) using defaults
[0.223s] Level 1:colcon.colcon_core.package_discovery:discover_packages(path) discover
[0.223s] Level 1:colcon.colcon_core.package_discovery:discover_packages(path) using defaults
[0.238s] Level 1:colcon.colcon_core.package_discovery:discover_packages(prefix_path) check parameters
[0.238s] Level 1:colcon.colcon_core.package_discovery:discover_packages(prefix_path) discover
[0.239s] DEBUG:colcon.colcon_installed_package_information.package_discovery:Found 2 installed packages in /home/eeb16/Dropbox/USC/Research/Project/lassie-traveler/dependencies/install
[0.239s] DEBUG:colcon.colcon_installed_package_information.package_discovery:Found 276 installed packages in /opt/ros/foxy
[0.240s] Level 1:colcon.colcon_core.package_discovery:discover_packages(prefix_path) using defaults
[0.272s] Level 5:colcon.colcon_core.verb:set package 'traveler_msgs' build argument 'cmake_args' from command line to 'None'
[0.272s] Level 5:colcon.colcon_core.verb:set package 'traveler_msgs' build argument 'cmake_target' from command line to 'None'
[0.272s] Level 5:colcon.colcon_core.verb:set package 'traveler_msgs' build argument 'cmake_target_skip_unavailable' from command line to 'False'
[0.272s] Level 5:colcon.colcon_core.verb:set package 'traveler_msgs' build argument 'cmake_clean_cache' from command line to 'False'
[0.272s] Level 5:colcon.colcon_core.verb:set package 'traveler_msgs' build argument 'cmake_clean_first' from command line to 'False'
[0.272s] Level 5:colcon.colcon_core.verb:set package 'traveler_msgs' build argument 'cmake_force_configure' from command line to 'False'
[0.272s] Level 5:colcon.colcon_core.verb:set package 'traveler_msgs' build argument 'ament_cmake_args' from command line to 'None'
[0.272s] Level 5:colcon.colcon_core.verb:set package 'traveler_msgs' build argument 'catkin_cmake_args' from command line to 'None'
[0.272s] Level 5:colcon.colcon_core.verb:set package 'traveler_msgs' build argument 'catkin_skip_building_tests' from command line to 'False'
[0.272s] DEBUG:colcon.colcon_core.verb:Building package 'traveler_msgs' with the following arguments: {'ament_cmake_args': None, 'build_base': '/home/eeb16/Dropbox/USC/Research/Project/lassie-traveler/dependencies/build/traveler_msgs', 'catkin_cmake_args': None, 'catkin_skip_building_tests': False, 'cmake_args': None, 'cmake_clean_cache': False, 'cmake_clean_first': False, 'cmake_force_configure': False, 'cmake_target': None, 'cmake_target_skip_unavailable': False, 'install_base': '/home/eeb16/Dropbox/USC/Research/Project/lassie-traveler/dependencies/install/traveler_msgs', 'merge_install': False, 'path': '/home/eeb16/Dropbox/USC/Research/Project/lassie-traveler/dependencies/traveler_msgs', 'symlink_install': False, 'test_result_base': None}
[0.272s] Level 5:colcon.colcon_core.verb:set package 'traveler_high_controller' build argument 'cmake_args' from command line to 'None'
[0.272s] Level 5:colcon.colcon_core.verb:set package 'traveler_high_controller' build argument 'cmake_target' from command line to 'None'
[0.272s] Level 5:colcon.colcon_core.verb:set package 'traveler_high_controller' build argument 'cmake_target_skip_unavailable' from command line to 'False'
[0.272s] Level 5:colcon.colcon_core.verb:set package 'traveler_high_controller' build argument 'cmake_clean_cache' from command line to 'False'
[0.272s] Level 5:colcon.colcon_core.verb:set package 'traveler_high_controller' build argument 'cmake_clean_first' from command line to 'False'
[0.272s] Level 5:colcon.colcon_core.verb:set package 'traveler_high_controller' build argument 'cmake_force_configure' from command line to 'False'
[0.272s] Level 5:colcon.colcon_core.verb:set package 'traveler_high_controller' build argument 'ament_cmake_args' from command line to 'None'
[0.272s] Level 5:colcon.colcon_core.verb:set package 'traveler_high_controller' build argument 'catkin_cmake_args' from command line to 'None'
[0.272s] Level 5:colcon.colcon_core.verb:set package 'traveler_high_controller' build argument 'catkin_skip_building_tests' from command line to 'False'
[0.272s] DEBUG:colcon.colcon_core.verb:Building package 'traveler_high_controller' with the following arguments: {'ament_cmake_args': None, 'build_base': '/home/eeb16/Dropbox/USC/Research/Project/lassie-traveler/dependencies/build/traveler_high_controller', 'catkin_cmake_args': None, 'catkin_skip_building_tests': False, 'cmake_args': None, 'cmake_clean_cache': False, 'cmake_clean_first': False, 'cmake_force_configure': False, 'cmake_target': None, 'cmake_target_skip_unavailable': False, 'install_base': '/home/eeb16/Dropbox/USC/Research/Project/lassie-traveler/dependencies/install/traveler_high_controller', 'merge_install': False, 'path': '/home/eeb16/Dropbox/USC/Research/Project/lassie-traveler/dependencies/traveler_controller', 'symlink_install': False, 'test_result_base': None}
[0.273s] INFO:colcon.colcon_core.executor:Executing jobs using 'sequential' executor
[0.273s] DEBUG:colcon.colcon_core.executor.sequential:run_until_complete 'traveler_msgs'
[0.273s] INFO:colcon.colcon_ros.task.ament_cmake.build:Building ROS package in '/home/eeb16/Dropbox/USC/Research/Project/lassie-traveler/dependencies/traveler_msgs' with build type 'ament_cmake'
[0.273s] INFO:colcon.colcon_cmake.task.cmake.build:Building CMake package in '/home/eeb16/Dropbox/USC/Research/Project/lassie-traveler/dependencies/traveler_msgs'
[0.275s] INFO:colcon.colcon_core.plugin_system:Skipping extension 'colcon_core.shell.bat': Not used on non-Windows systems
[0.275s] INFO:colcon.colcon_core.shell:Skip shell extension 'powershell' for command environment: Not usable outside of PowerShell
[0.275s] DEBUG:colcon.colcon_core.shell:Skip shell extension 'dsv' for command environment
[0.282s] DEBUG:colcon.colcon_core.event_handler.log_command:Invoking command in '/home/eeb16/Dropbox/USC/Research/Project/lassie-traveler/dependencies/build/traveler_msgs': CMAKE_PREFIX_PATH=${CMAKE_PREFIX_PATH}:/opt/ros/foxy /usr/bin/cmake --build /home/eeb16/Dropbox/USC/Research/Project/lassie-traveler/dependencies/build/traveler_msgs -- -j16 -l16
[0.406s] DEBUG:colcon.colcon_core.event_handler.log_command:Invoked command in '/home/eeb16/Dropbox/USC/Research/Project/lassie-traveler/dependencies/build/traveler_msgs' returned '0': CMAKE_PREFIX_PATH=${CMAKE_PREFIX_PATH}:/opt/ros/foxy /usr/bin/cmake --build /home/eeb16/Dropbox/USC/Research/Project/lassie-traveler/dependencies/build/traveler_msgs -- -j16 -l16
[0.413s] DEBUG:colcon.colcon_core.event_handler.log_command:Invoking command in '/home/eeb16/Dropbox/USC/Research/Project/lassie-traveler/dependencies/build/traveler_msgs': CMAKE_PREFIX_PATH=${CMAKE_PREFIX_PATH}:/opt/ros/foxy /usr/bin/cmake --install /home/eeb16/Dropbox/USC/Research/Project/lassie-traveler/dependencies/build/traveler_msgs
[0.445s] Level 1:colcon.colcon_core.environment:create_environment_scripts_only(traveler_msgs)
[0.446s] DEBUG:colcon.colcon_core.event_handler.log_command:Invoked command in '/home/eeb16/Dropbox/USC/Research/Project/lassie-traveler/dependencies/build/traveler_msgs' returned '0': CMAKE_PREFIX_PATH=${CMAKE_PREFIX_PATH}:/opt/ros/foxy /usr/bin/cmake --install /home/eeb16/Dropbox/USC/Research/Project/lassie-traveler/dependencies/build/traveler_msgs
[0.447s] Level 1:colcon.colcon_core.environment:checking '/home/eeb16/Dropbox/USC/Research/Project/lassie-traveler/dependencies/install/traveler_msgs' for CMake module files
[0.448s] Level 1:colcon.colcon_core.environment:checking '/home/eeb16/Dropbox/USC/Research/Project/lassie-traveler/dependencies/install/traveler_msgs' for CMake config files
[0.448s] Level 1:colcon.colcon_core.shell:create_environment_hook('traveler_msgs', 'cmake_prefix_path')
[0.448s] INFO:colcon.colcon_core.shell:Creating environment hook '/home/eeb16/Dropbox/USC/Research/Project/lassie-traveler/dependencies/install/traveler_msgs/share/traveler_msgs/hook/cmake_prefix_path.ps1'
[0.449s] INFO:colcon.colcon_core.shell:Creating environment descriptor '/home/eeb16/Dropbox/USC/Research/Project/lassie-traveler/dependencies/install/traveler_msgs/share/traveler_msgs/hook/cmake_prefix_path.dsv'
[0.449s] INFO:colcon.colcon_core.shell:Creating environment hook '/home/eeb16/Dropbox/USC/Research/Project/lassie-traveler/dependencies/install/traveler_msgs/share/traveler_msgs/hook/cmake_prefix_path.sh'
[0.449s] Level 1:colcon.colcon_core.environment:checking '/home/eeb16/Dropbox/USC/Research/Project/lassie-traveler/dependencies/install/traveler_msgs/lib'
[0.449s] Level 1:colcon.colcon_core.shell:create_environment_hook('traveler_msgs', 'ld_library_path_lib')
[0.450s] INFO:colcon.colcon_core.shell:Creating environment hook '/home/eeb16/Dropbox/USC/Research/Project/lassie-traveler/dependencies/install/traveler_msgs/share/traveler_msgs/hook/ld_library_path_lib.ps1'
[0.450s] INFO:colcon.colcon_core.shell:Creating environment descriptor '/home/eeb16/Dropbox/USC/Research/Project/lassie-traveler/dependencies/install/traveler_msgs/share/traveler_msgs/hook/ld_library_path_lib.dsv'
[0.450s] INFO:colcon.colcon_core.shell:Creating environment hook '/home/eeb16/Dropbox/USC/Research/Project/lassie-traveler/dependencies/install/traveler_msgs/share/traveler_msgs/hook/ld_library_path_lib.sh'
[0.450s] Level 1:colcon.colcon_core.environment:checking '/home/eeb16/Dropbox/USC/Research/Project/lassie-traveler/dependencies/install/traveler_msgs/bin'
[0.450s] Level 1:colcon.colcon_core.environment:checking '/home/eeb16/Dropbox/USC/Research/Project/lassie-traveler/dependencies/install/traveler_msgs/lib/pkgconfig/traveler_msgs.pc'
[0.450s] Level 1:colcon.colcon_core.environment:checking '/home/eeb16/Dropbox/USC/Research/Project/lassie-traveler/dependencies/install/traveler_msgs/lib/python3.8/site-packages'
[0.450s] Level 1:colcon.colcon_core.shell:create_environment_hook('traveler_msgs', 'pythonpath')
[0.451s] INFO:colcon.colcon_core.shell:Creating environment hook '/home/eeb16/Dropbox/USC/Research/Project/lassie-traveler/dependencies/install/traveler_msgs/share/traveler_msgs/hook/pythonpath.ps1'
[0.451s] INFO:colcon.colcon_core.shell:Creating environment descriptor '/home/eeb16/Dropbox/USC/Research/Project/lassie-traveler/dependencies/install/traveler_msgs/share/traveler_msgs/hook/pythonpath.dsv'
[0.451s] INFO:colcon.colcon_core.shell:Creating environment hook '/home/eeb16/Dropbox/USC/Research/Project/lassie-traveler/dependencies/install/traveler_msgs/share/traveler_msgs/hook/pythonpath.sh'
[0.451s] Level 1:colcon.colcon_core.environment:checking '/home/eeb16/Dropbox/USC/Research/Project/lassie-traveler/dependencies/install/traveler_msgs/bin'
[0.452s] INFO:colcon.colcon_core.shell:Creating package script '/home/eeb16/Dropbox/USC/Research/Project/lassie-traveler/dependencies/install/traveler_msgs/share/traveler_msgs/package.ps1'
[0.452s] INFO:colcon.colcon_core.shell:Creating package descriptor '/home/eeb16/Dropbox/USC/Research/Project/lassie-traveler/dependencies/install/traveler_msgs/share/traveler_msgs/package.dsv'
[0.452s] INFO:colcon.colcon_core.shell:Creating package script '/home/eeb16/Dropbox/USC/Research/Project/lassie-traveler/dependencies/install/traveler_msgs/share/traveler_msgs/package.sh'
[0.453s] INFO:colcon.colcon_core.shell:Creating package script '/home/eeb16/Dropbox/USC/Research/Project/lassie-traveler/dependencies/install/traveler_msgs/share/traveler_msgs/package.bash'
[0.453s] INFO:colcon.colcon_core.shell:Creating package script '/home/eeb16/Dropbox/USC/Research/Project/lassie-traveler/dependencies/install/traveler_msgs/share/traveler_msgs/package.zsh'
[0.454s] Level 1:colcon.colcon_core.environment:create_file_with_runtime_dependencies(/home/eeb16/Dropbox/USC/Research/Project/lassie-traveler/dependencies/install/traveler_msgs/share/colcon-core/packages/traveler_msgs)
[0.454s] Level 1:colcon.colcon_core.environment:create_environment_scripts_only(traveler_msgs)
[0.454s] Level 1:colcon.colcon_core.environment:checking '/home/eeb16/Dropbox/USC/Research/Project/lassie-traveler/dependencies/install/traveler_msgs' for CMake module files
[0.454s] Level 1:colcon.colcon_core.environment:checking '/home/eeb16/Dropbox/USC/Research/Project/lassie-traveler/dependencies/install/traveler_msgs' for CMake config files
[0.455s] Level 1:colcon.colcon_core.shell:create_environment_hook('traveler_msgs', 'cmake_prefix_path')
[0.455s] INFO:colcon.colcon_core.shell:Creating environment hook '/home/eeb16/Dropbox/USC/Research/Project/lassie-traveler/dependencies/install/traveler_msgs/share/traveler_msgs/hook/cmake_prefix_path.ps1'
[0.455s] INFO:colcon.colcon_core.shell:Creating environment descriptor '/home/eeb16/Dropbox/USC/Research/Project/lassie-traveler/dependencies/install/traveler_msgs/share/traveler_msgs/hook/cmake_prefix_path.dsv'
[0.455s] INFO:colcon.colcon_core.shell:Creating environment hook '/home/eeb16/Dropbox/USC/Research/Project/lassie-traveler/dependencies/install/traveler_msgs/share/traveler_msgs/hook/cmake_prefix_path.sh'
[0.456s] Level 1:colcon.colcon_core.environment:checking '/home/eeb16/Dropbox/USC/Research/Project/lassie-traveler/dependencies/install/traveler_msgs/lib'
[0.456s] Level 1:colcon.colcon_core.shell:create_environment_hook('traveler_msgs', 'ld_library_path_lib')
[0.456s] INFO:colcon.colcon_core.shell:Creating environment hook '/home/eeb16/Dropbox/USC/Research/Project/lassie-traveler/dependencies/install/traveler_msgs/share/traveler_msgs/hook/ld_library_path_lib.ps1'
[0.456s] INFO:colcon.colcon_core.shell:Creating environment descriptor '/home/eeb16/Dropbox/USC/Research/Project/lassie-traveler/dependencies/install/traveler_msgs/share/traveler_msgs/hook/ld_library_path_lib.dsv'
[0.456s] INFO:colcon.colcon_core.shell:Creating environment hook '/home/eeb16/Dropbox/USC/Research/Project/lassie-traveler/dependencies/install/traveler_msgs/share/traveler_msgs/hook/ld_library_path_lib.sh'
[0.457s] Level 1:colcon.colcon_core.environment:checking '/home/eeb16/Dropbox/USC/Research/Project/lassie-traveler/dependencies/install/traveler_msgs/bin'
[0.457s] Level 1:colcon.colcon_core.environment:checking '/home/eeb16/Dropbox/USC/Research/Project/lassie-traveler/dependencies/install/traveler_msgs/lib/pkgconfig/traveler_msgs.pc'
[0.457s] Level 1:colcon.colcon_core.environment:checking '/home/eeb16/Dropbox/USC/Research/Project/lassie-traveler/dependencies/install/traveler_msgs/lib/python3.8/site-packages'
[0.457s] Level 1:colcon.colcon_core.shell:create_environment_hook('traveler_msgs', 'pythonpath')
[0.457s] INFO:colcon.colcon_core.shell:Creating environment hook '/home/eeb16/Dropbox/USC/Research/Project/lassie-traveler/dependencies/install/traveler_msgs/share/traveler_msgs/hook/pythonpath.ps1'
[0.457s] INFO:colcon.colcon_core.shell:Creating environment descriptor '/home/eeb16/Dropbox/USC/Research/Project/lassie-traveler/dependencies/install/traveler_msgs/share/traveler_msgs/hook/pythonpath.dsv'
[0.457s] INFO:colcon.colcon_core.shell:Creating environment hook '/home/eeb16/Dropbox/USC/Research/Project/lassie-traveler/dependencies/install/traveler_msgs/share/traveler_msgs/hook/pythonpath.sh'
[0.458s] Level 1:colcon.colcon_core.environment:checking '/home/eeb16/Dropbox/USC/Research/Project/lassie-traveler/dependencies/install/traveler_msgs/bin'
[0.458s] INFO:colcon.colcon_core.shell:Creating package script '/home/eeb16/Dropbox/USC/Research/Project/lassie-traveler/dependencies/install/traveler_msgs/share/traveler_msgs/package.ps1'
[0.458s] INFO:colcon.colcon_core.shell:Creating package descriptor '/home/eeb16/Dropbox/USC/Research/Project/lassie-traveler/dependencies/install/traveler_msgs/share/traveler_msgs/package.dsv'
[0.459s] INFO:colcon.colcon_core.shell:Creating package script '/home/eeb16/Dropbox/USC/Research/Project/lassie-traveler/dependencies/install/traveler_msgs/share/traveler_msgs/package.sh'
[0.459s] INFO:colcon.colcon_core.shell:Creating package script '/home/eeb16/Dropbox/USC/Research/Project/lassie-traveler/dependencies/install/traveler_msgs/share/traveler_msgs/package.bash'
[0.459s] INFO:colcon.colcon_core.shell:Creating package script '/home/eeb16/Dropbox/USC/Research/Project/lassie-traveler/dependencies/install/traveler_msgs/share/traveler_msgs/package.zsh'
[0.459s] Level 1:colcon.colcon_core.environment:create_file_with_runtime_dependencies(/home/eeb16/Dropbox/USC/Research/Project/lassie-traveler/dependencies/install/traveler_msgs/share/colcon-core/packages/traveler_msgs)
[0.459s] DEBUG:colcon.colcon_core.executor.sequential:run_until_complete 'traveler_msgs' finished with '0'
[0.459s] DEBUG:colcon.colcon_core.executor.sequential:run_until_complete 'traveler_high_controller'
[0.460s] INFO:colcon.colcon_ros.task.ament_cmake.build:Building ROS package in '/home/eeb16/Dropbox/USC/Research/Project/lassie-traveler/dependencies/traveler_controller' with build type 'ament_cmake'
[0.460s] INFO:colcon.colcon_cmake.task.cmake.build:Building CMake package in '/home/eeb16/Dropbox/USC/Research/Project/lassie-traveler/dependencies/traveler_controller'
[0.460s] INFO:colcon.colcon_core.shell:Skip shell extension 'powershell' for command environment: Not usable outside of PowerShell
[0.460s] DEBUG:colcon.colcon_core.shell:Skip shell extension 'dsv' for command environment
[0.467s] DEBUG:colcon.colcon_core.event_handler.log_command:Invoking command in '/home/eeb16/Dropbox/USC/Research/Project/lassie-traveler/dependencies/build/traveler_high_controller': CMAKE_PREFIX_PATH=/home/eeb16/Dropbox/USC/Research/Project/lassie-traveler/dependencies/install/traveler_msgs:/home/eeb16/Dropbox/USC/Research/Project/lassie-traveler/dependencies/install/traveler_high_controller:/opt/ros/foxy /usr/bin/cmake --build /home/eeb16/Dropbox/USC/Research/Project/lassie-traveler/dependencies/build/traveler_high_controller -- -j16 -l16
[4.725s] DEBUG:colcon.colcon_core.event_handler.log_command:Invoked command in '/home/eeb16/Dropbox/USC/Research/Project/lassie-traveler/dependencies/build/traveler_high_controller' returned '0': CMAKE_PREFIX_PATH=/home/eeb16/Dropbox/USC/Research/Project/lassie-traveler/dependencies/install/traveler_msgs:/home/eeb16/Dropbox/USC/Research/Project/lassie-traveler/dependencies/install/traveler_high_controller:/opt/ros/foxy /usr/bin/cmake --build /home/eeb16/Dropbox/USC/Research/Project/lassie-traveler/dependencies/build/traveler_high_controller -- -j16 -l16
[4.726s] DEBUG:colcon.colcon_core.event_handler.log_command:Invoking command in '/home/eeb16/Dropbox/USC/Research/Project/lassie-traveler/dependencies/build/traveler_high_controller': CMAKE_PREFIX_PATH=/home/eeb16/Dropbox/USC/Research/Project/lassie-traveler/dependencies/install/traveler_msgs:/home/eeb16/Dropbox/USC/Research/Project/lassie-traveler/dependencies/install/traveler_high_controller:/opt/ros/foxy /usr/bin/cmake --install /home/eeb16/Dropbox/USC/Research/Project/lassie-traveler/dependencies/build/traveler_high_controller
[4.740s] Level 1:colcon.colcon_core.environment:create_environment_scripts_only(traveler_high_controller)
[4.740s] Level 1:colcon.colcon_core.environment:checking '/home/eeb16/Dropbox/USC/Research/Project/lassie-traveler/dependencies/install/traveler_high_controller' for CMake module files
[4.741s] DEBUG:colcon.colcon_core.event_handler.log_command:Invoked command in '/home/eeb16/Dropbox/USC/Research/Project/lassie-traveler/dependencies/build/traveler_high_controller' returned '0': CMAKE_PREFIX_PATH=/home/eeb16/Dropbox/USC/Research/Project/lassie-traveler/dependencies/install/traveler_msgs:/home/eeb16/Dropbox/USC/Research/Project/lassie-traveler/dependencies/install/traveler_high_controller:/opt/ros/foxy /usr/bin/cmake --install /home/eeb16/Dropbox/USC/Research/Project/lassie-traveler/dependencies/build/traveler_high_controller
[4.741s] Level 1:colcon.colcon_core.environment:checking '/home/eeb16/Dropbox/USC/Research/Project/lassie-traveler/dependencies/install/traveler_high_controller' for CMake config files
[4.741s] Level 1:colcon.colcon_core.shell:create_environment_hook('traveler_high_controller', 'cmake_prefix_path')
[4.741s] INFO:colcon.colcon_core.shell:Creating environment hook '/home/eeb16/Dropbox/USC/Research/Project/lassie-traveler/dependencies/install/traveler_high_controller/share/traveler_high_controller/hook/cmake_prefix_path.ps1'
[4.742s] INFO:colcon.colcon_core.shell:Creating environment descriptor '/home/eeb16/Dropbox/USC/Research/Project/lassie-traveler/dependencies/install/traveler_high_controller/share/traveler_high_controller/hook/cmake_prefix_path.dsv'
[4.742s] INFO:colcon.colcon_core.shell:Creating environment hook '/home/eeb16/Dropbox/USC/Research/Project/lassie-traveler/dependencies/install/traveler_high_controller/share/traveler_high_controller/hook/cmake_prefix_path.sh'
[4.742s] Level 1:colcon.colcon_core.environment:checking '/home/eeb16/Dropbox/USC/Research/Project/lassie-traveler/dependencies/install/traveler_high_controller/lib'
[4.742s] Level 1:colcon.colcon_core.environment:checking '/home/eeb16/Dropbox/USC/Research/Project/lassie-traveler/dependencies/install/traveler_high_controller/bin'
[4.742s] Level 1:colcon.colcon_core.environment:checking '/home/eeb16/Dropbox/USC/Research/Project/lassie-traveler/dependencies/install/traveler_high_controller/lib/pkgconfig/traveler_high_controller.pc'
[4.742s] Level 1:colcon.colcon_core.environment:checking '/home/eeb16/Dropbox/USC/Research/Project/lassie-traveler/dependencies/install/traveler_high_controller/lib/python3.8/site-packages'
[4.742s] Level 1:colcon.colcon_core.environment:checking '/home/eeb16/Dropbox/USC/Research/Project/lassie-traveler/dependencies/install/traveler_high_controller/bin'
[4.743s] INFO:colcon.colcon_core.shell:Creating package script '/home/eeb16/Dropbox/USC/Research/Project/lassie-traveler/dependencies/install/traveler_high_controller/share/traveler_high_controller/package.ps1'
[4.743s] INFO:colcon.colcon_core.shell:Creating package descriptor '/home/eeb16/Dropbox/USC/Research/Project/lassie-traveler/dependencies/install/traveler_high_controller/share/traveler_high_controller/package.dsv'
[4.743s] INFO:colcon.colcon_core.shell:Creating package script '/home/eeb16/Dropbox/USC/Research/Project/lassie-traveler/dependencies/install/traveler_high_controller/share/traveler_high_controller/package.sh'
[4.743s] INFO:colcon.colcon_core.shell:Creating package script '/home/eeb16/Dropbox/USC/Research/Project/lassie-traveler/dependencies/install/traveler_high_controller/share/traveler_high_controller/package.bash'
[4.744s] INFO:colcon.colcon_core.shell:Creating package script '/home/eeb16/Dropbox/USC/Research/Project/lassie-traveler/dependencies/install/traveler_high_controller/share/traveler_high_controller/package.zsh'
[4.744s] Level 1:colcon.colcon_core.environment:create_file_with_runtime_dependencies(/home/eeb16/Dropbox/USC/Research/Project/lassie-traveler/dependencies/install/traveler_high_controller/share/colcon-core/packages/traveler_high_controller)
[4.744s] Level 1:colcon.colcon_core.environment:create_environment_scripts_only(traveler_high_controller)
[4.744s] Level 1:colcon.colcon_core.environment:checking '/home/eeb16/Dropbox/USC/Research/Project/lassie-traveler/dependencies/install/traveler_high_controller' for CMake module files
[4.744s] Level 1:colcon.colcon_core.environment:checking '/home/eeb16/Dropbox/USC/Research/Project/lassie-traveler/dependencies/install/traveler_high_controller' for CMake config files
[4.745s] Level 1:colcon.colcon_core.shell:create_environment_hook('traveler_high_controller', 'cmake_prefix_path')
[4.745s] INFO:colcon.colcon_core.shell:Creating environment hook '/home/eeb16/Dropbox/USC/Research/Project/lassie-traveler/dependencies/install/traveler_high_controller/share/traveler_high_controller/hook/cmake_prefix_path.ps1'
[4.745s] INFO:colcon.colcon_core.shell:Creating environment descriptor '/home/eeb16/Dropbox/USC/Research/Project/lassie-traveler/dependencies/install/traveler_high_controller/share/traveler_high_controller/hook/cmake_prefix_path.dsv'
[4.745s] INFO:colcon.colcon_core.shell:Creating environment hook '/home/eeb16/Dropbox/USC/Research/Project/lassie-traveler/dependencies/install/traveler_high_controller/share/traveler_high_controller/hook/cmake_prefix_path.sh'
[4.746s] Level 1:colcon.colcon_core.environment:checking '/home/eeb16/Dropbox/USC/Research/Project/lassie-traveler/dependencies/install/traveler_high_controller/lib'
[4.746s] Level 1:colcon.colcon_core.environment:checking '/home/eeb16/Dropbox/USC/Research/Project/lassie-traveler/dependencies/install/traveler_high_controller/bin'
[4.746s] Level 1:colcon.colcon_core.environment:checking '/home/eeb16/Dropbox/USC/Research/Project/lassie-traveler/dependencies/install/traveler_high_controller/lib/pkgconfig/traveler_high_controller.pc'
[4.746s] Level 1:colcon.colcon_core.environment:checking '/home/eeb16/Dropbox/USC/Research/Project/lassie-traveler/dependencies/install/traveler_high_controller/lib/python3.8/site-packages'
[4.746s] Level 1:colcon.colcon_core.environment:checking '/home/eeb16/Dropbox/USC/Research/Project/lassie-traveler/dependencies/install/traveler_high_controller/bin'
[4.746s] INFO:colcon.colcon_core.shell:Creating package script '/home/eeb16/Dropbox/USC/Research/Project/lassie-traveler/dependencies/install/traveler_high_controller/share/traveler_high_controller/package.ps1'
[4.747s] INFO:colcon.colcon_core.shell:Creating package descriptor '/home/eeb16/Dropbox/USC/Research/Project/lassie-traveler/dependencies/install/traveler_high_controller/share/traveler_high_controller/package.dsv'
[4.747s] INFO:colcon.colcon_core.shell:Creating package script '/home/eeb16/Dropbox/USC/Research/Project/lassie-traveler/dependencies/install/traveler_high_controller/share/traveler_high_controller/package.sh'
[4.747s] INFO:colcon.colcon_core.shell:Creating package script '/home/eeb16/Dropbox/USC/Research/Project/lassie-traveler/dependencies/install/traveler_high_controller/share/traveler_high_controller/package.bash'
[4.747s] INFO:colcon.colcon_core.shell:Creating package script '/home/eeb16/Dropbox/USC/Research/Project/lassie-traveler/dependencies/install/traveler_high_controller/share/traveler_high_controller/package.zsh'
[4.747s] Level 1:colcon.colcon_core.environment:create_file_with_runtime_dependencies(/home/eeb16/Dropbox/USC/Research/Project/lassie-traveler/dependencies/install/traveler_high_controller/share/colcon-core/packages/traveler_high_controller)
[4.748s] DEBUG:colcon.colcon_core.executor.sequential:run_until_complete 'traveler_high_controller' finished with '0'
[4.748s] DEBUG:colcon.colcon_core.executor.sequential:closing loop
[4.748s] DEBUG:colcon.colcon_core.executor.sequential:loop closed
[4.748s] DEBUG:colcon.colcon_core.event_reactor:joining thread
[4.752s] INFO:colcon.colcon_core.plugin_system:Skipping extension 'colcon_notification.desktop_notification.terminal_notifier': Not used on non-Darwin systems
[4.752s] INFO:colcon.colcon_core.plugin_system:Skipping extension 'colcon_notification.desktop_notification.win32': Not used on non-Windows systems
[4.752s] INFO:colcon.colcon_notification.desktop_notification:Sending desktop notification using 'notify2'
[4.768s] DEBUG:colcon.colcon_core.event_reactor:joined thread
[4.768s] INFO:colcon.colcon_core.shell:Creating prefix script '/home/eeb16/Dropbox/USC/Research/Project/lassie-traveler/dependencies/install/local_setup.ps1'
[4.769s] INFO:colcon.colcon_core.shell:Creating prefix util module '/home/eeb16/Dropbox/USC/Research/Project/lassie-traveler/dependencies/install/_local_setup_util_ps1.py'
[4.770s] INFO:colcon.colcon_core.shell:Creating prefix chain script '/home/eeb16/Dropbox/USC/Research/Project/lassie-traveler/dependencies/install/setup.ps1'
[4.770s] INFO:colcon.colcon_core.shell:Creating prefix script '/home/eeb16/Dropbox/USC/Research/Project/lassie-traveler/dependencies/install/local_setup.sh'
[4.771s] INFO:colcon.colcon_core.shell:Creating prefix util module '/home/eeb16/Dropbox/USC/Research/Project/lassie-traveler/dependencies/install/_local_setup_util_sh.py'
[4.771s] INFO:colcon.colcon_core.shell:Creating prefix chain script '/home/eeb16/Dropbox/USC/Research/Project/lassie-traveler/dependencies/install/setup.sh'
[4.772s] INFO:colcon.colcon_core.shell:Creating prefix script '/home/eeb16/Dropbox/USC/Research/Project/lassie-traveler/dependencies/install/local_setup.bash'
[4.772s] INFO:colcon.colcon_core.shell:Creating prefix chain script '/home/eeb16/Dropbox/USC/Research/Project/lassie-traveler/dependencies/install/setup.bash'
[4.772s] INFO:colcon.colcon_core.shell:Creating prefix script '/home/eeb16/Dropbox/USC/Research/Project/lassie-traveler/dependencies/install/local_setup.zsh'
[4.773s] INFO:colcon.colcon_core.shell:Creating prefix chain script '/home/eeb16/Dropbox/USC/Research/Project/lassie-traveler/dependencies/install/setup.zsh'
