[0.005s] Invoking command in '/home/yifeng/Dropbox/USC/Research/Project/lassie-traveler/dependencies/build/traveler_msgs': CMAKE_PREFIX_PATH=${CMAKE_PREFIX_PATH}:/opt/ros/jazzy DEBUGINFOD_URLS=https://debuginfod.ubuntu.com /usr/bin/cmake --build /home/yifeng/Dropbox/USC/Research/Project/lassie-traveler/dependencies/build/traveler_msgs -- -j32 -l32
[0.033s] [  1%] Built target traveler_msgs__rosidl_generator_type_description
[0.037s] [  1%] Built target ament_cmake_python_copy_traveler_msgs
[0.041s] [  2%] Built target traveler_msgs__cpp
[0.044s] [ 25%] Built target traveler_msgs__rosidl_generator_c
[0.055s] [ 35%] Built target traveler_msgs__rosidl_typesupport_introspection_c
[0.055s] [ 44%] Built target traveler_msgs__rosidl_typesupport_cpp
[0.055s] [ 54%] Built target traveler_msgs__rosidl_typesupport_c
[0.055s] [ 63%] Built target traveler_msgs__rosidl_typesupport_introspection_cpp
[0.056s] [ 78%] Built target traveler_msgs__rosidl_typesupport_fastrtps_c
[0.056s] [ 82%] Built target traveler_msgs__rosidl_typesupport_fastrtps_cpp
[0.064s] [ 82%] Built target traveler_msgs
[0.073s] [ 83%] Built target traveler_msgs__py
[0.083s] [ 91%] Built target traveler_msgs__rosidl_generator_py
[0.093s] [ 94%] Built target traveler_msgs_s__rosidl_typesupport_fastrtps_c
[0.093s] [100%] Built target traveler_msgs_s__rosidl_typesupport_introspection_c
[0.093s] [100%] Built target traveler_msgs_s__rosidl_typesupport_c
[0.130s] running egg_info
[0.136s] writing traveler_msgs.egg-info/PKG-INFO
[0.136s] writing dependency_links to traveler_msgs.egg-info/dependency_links.txt
[0.136s] writing top-level names to traveler_msgs.egg-info/top_level.txt
[0.153s] reading manifest file 'traveler_msgs.egg-info/SOURCES.txt'
[0.153s] writing manifest file 'traveler_msgs.egg-info/SOURCES.txt'
[0.167s] [100%] Built target ament_cmake_python_build_traveler_msgs_egg
[0.173s] Invoked command in '/home/yifeng/Dropbox/USC/Research/Project/lassie-traveler/dependencies/build/traveler_msgs' returned '0': CMAKE_PREFIX_PATH=${CMAKE_PREFIX_PATH}:/opt/ros/jazzy DEBUGINFOD_URLS=https://debuginfod.ubuntu.com /usr/bin/cmake --build /home/yifeng/Dropbox/USC/Research/Project/lassie-traveler/dependencies/build/traveler_msgs -- -j32 -l32
[0.177s] Invoking command in '/home/yifeng/Dropbox/USC/Research/Project/lassie-traveler/dependencies/build/traveler_msgs': CMAKE_PREFIX_PATH=${CMAKE_PREFIX_PATH}:/opt/ros/jazzy DEBUGINFOD_URLS=https://debuginfod.ubuntu.com /usr/bin/cmake --install /home/yifeng/Dropbox/USC/Research/Project/lassie-traveler/dependencies/build/traveler_msgs
[0.181s] -- Install configuration: ""
[0.181s] -- Up-to-date: /home/yifeng/Dropbox/USC/Research/Project/lassie-traveler/dependencies/install/traveler_msgs/share/ament_index/resource_index/rosidl_interfaces/traveler_msgs
[0.181s] -- Up-to-date: /home/yifeng/Dropbox/USC/Research/Project/lassie-traveler/dependencies/install/traveler_msgs/share/traveler_msgs/msg/TravelerConfig.json
[0.181s] -- Up-to-date: /home/yifeng/Dropbox/USC/Research/Project/lassie-traveler/dependencies/install/traveler_msgs/share/traveler_msgs/msg/TravelerMode.json
[0.181s] -- Up-to-date: /home/yifeng/Dropbox/USC/Research/Project/lassie-traveler/dependencies/install/traveler_msgs/share/traveler_msgs/msg/TravelerStatus.json
[0.181s] -- Up-to-date: /home/yifeng/Dropbox/USC/Research/Project/lassie-traveler/dependencies/install/traveler_msgs/share/traveler_msgs/msg/OdriveStatus.json
[0.181s] -- Up-to-date: /home/yifeng/Dropbox/USC/Research/Project/lassie-traveler/dependencies/install/traveler_msgs/share/traveler_msgs/msg/SetInputPosition.json
[0.181s] -- Up-to-date: /home/yifeng/Dropbox/USC/Research/Project/lassie-traveler/dependencies/install/traveler_msgs/include/traveler_msgs/traveler_msgs
[0.181s] -- Up-to-date: /home/yifeng/Dropbox/USC/Research/Project/lassie-traveler/dependencies/install/traveler_msgs/include/traveler_msgs/traveler_msgs/msg
[0.181s] -- Up-to-date: /home/yifeng/Dropbox/USC/Research/Project/lassie-traveler/dependencies/install/traveler_msgs/include/traveler_msgs/traveler_msgs/msg/rosidl_generator_c__visibility_control.h
[0.181s] -- Up-to-date: /home/yifeng/Dropbox/USC/Research/Project/lassie-traveler/dependencies/install/traveler_msgs/include/traveler_msgs/traveler_msgs/msg/odrive_status.h
[0.181s] -- Up-to-date: /home/yifeng/Dropbox/USC/Research/Project/lassie-traveler/dependencies/install/traveler_msgs/include/traveler_msgs/traveler_msgs/msg/traveler_mode.h
[0.182s] -- Up-to-date: /home/yifeng/Dropbox/USC/Research/Project/lassie-traveler/dependencies/install/traveler_msgs/include/traveler_msgs/traveler_msgs/msg/detail
[0.182s] -- Up-to-date: /home/yifeng/Dropbox/USC/Research/Project/lassie-traveler/dependencies/install/traveler_msgs/include/traveler_msgs/traveler_msgs/msg/detail/traveler_mode__description.c
[0.182s] -- Up-to-date: /home/yifeng/Dropbox/USC/Research/Project/lassie-traveler/dependencies/install/traveler_msgs/include/traveler_msgs/traveler_msgs/msg/detail/set_input_position__functions.h
[0.182s] -- Up-to-date: /home/yifeng/Dropbox/USC/Research/Project/lassie-traveler/dependencies/install/traveler_msgs/include/traveler_msgs/traveler_msgs/msg/detail/traveler_config__description.c
[0.182s] -- Up-to-date: /home/yifeng/Dropbox/USC/Research/Project/lassie-traveler/dependencies/install/traveler_msgs/include/traveler_msgs/traveler_msgs/msg/detail/set_input_position__type_support.c
[0.182s] -- Up-to-date: /home/yifeng/Dropbox/USC/Research/Project/lassie-traveler/dependencies/install/traveler_msgs/include/traveler_msgs/traveler_msgs/msg/detail/traveler_config__functions.h
[0.182s] -- Up-to-date: /home/yifeng/Dropbox/USC/Research/Project/lassie-traveler/dependencies/install/traveler_msgs/include/traveler_msgs/traveler_msgs/msg/detail/traveler_config__type_support.c
[0.182s] -- Up-to-date: /home/yifeng/Dropbox/USC/Research/Project/lassie-traveler/dependencies/install/traveler_msgs/include/traveler_msgs/traveler_msgs/msg/detail/odrive_status__type_support.h
[0.182s] -- Up-to-date: /home/yifeng/Dropbox/USC/Research/Project/lassie-traveler/dependencies/install/traveler_msgs/include/traveler_msgs/traveler_msgs/msg/detail/set_input_position__struct.h
[0.182s] -- Up-to-date: /home/yifeng/Dropbox/USC/Research/Project/lassie-traveler/dependencies/install/traveler_msgs/include/traveler_msgs/traveler_msgs/msg/detail/traveler_config__struct.h
[0.182s] -- Up-to-date: /home/yifeng/Dropbox/USC/Research/Project/lassie-traveler/dependencies/install/traveler_msgs/include/traveler_msgs/traveler_msgs/msg/detail/traveler_status__type_support.c
[0.182s] -- Up-to-date: /home/yifeng/Dropbox/USC/Research/Project/lassie-traveler/dependencies/install/traveler_msgs/include/traveler_msgs/traveler_msgs/msg/detail/odrive_status__description.c
[0.182s] -- Up-to-date: /home/yifeng/Dropbox/USC/Research/Project/lassie-traveler/dependencies/install/traveler_msgs/include/traveler_msgs/traveler_msgs/msg/detail/odrive_status__functions.c
[0.182s] -- Up-to-date: /home/yifeng/Dropbox/USC/Research/Project/lassie-traveler/dependencies/install/traveler_msgs/include/traveler_msgs/traveler_msgs/msg/detail/traveler_mode__type_support.h
[0.182s] -- Up-to-date: /home/yifeng/Dropbox/USC/Research/Project/lassie-traveler/dependencies/install/traveler_msgs/include/traveler_msgs/traveler_msgs/msg/detail/traveler_config__type_support.h
[0.182s] -- Up-to-date: /home/yifeng/Dropbox/USC/Research/Project/lassie-traveler/dependencies/install/traveler_msgs/include/traveler_msgs/traveler_msgs/msg/detail/traveler_mode__functions.c
[0.182s] -- Up-to-date: /home/yifeng/Dropbox/USC/Research/Project/lassie-traveler/dependencies/install/traveler_msgs/include/traveler_msgs/traveler_msgs/msg/detail/set_input_position__description.c
[0.182s] -- Up-to-date: /home/yifeng/Dropbox/USC/Research/Project/lassie-traveler/dependencies/install/traveler_msgs/include/traveler_msgs/traveler_msgs/msg/detail/traveler_status__description.c
[0.182s] -- Up-to-date: /home/yifeng/Dropbox/USC/Research/Project/lassie-traveler/dependencies/install/traveler_msgs/include/traveler_msgs/traveler_msgs/msg/detail/odrive_status__functions.h
[0.182s] -- Up-to-date: /home/yifeng/Dropbox/USC/Research/Project/lassie-traveler/dependencies/install/traveler_msgs/include/traveler_msgs/traveler_msgs/msg/detail/set_input_position__type_support.h
[0.182s] -- Up-to-date: /home/yifeng/Dropbox/USC/Research/Project/lassie-traveler/dependencies/install/traveler_msgs/include/traveler_msgs/traveler_msgs/msg/detail/traveler_status__struct.h
[0.182s] -- Up-to-date: /home/yifeng/Dropbox/USC/Research/Project/lassie-traveler/dependencies/install/traveler_msgs/include/traveler_msgs/traveler_msgs/msg/detail/traveler_mode__functions.h
[0.182s] -- Up-to-date: /home/yifeng/Dropbox/USC/Research/Project/lassie-traveler/dependencies/install/traveler_msgs/include/traveler_msgs/traveler_msgs/msg/detail/set_input_position__functions.c
[0.182s] -- Up-to-date: /home/yifeng/Dropbox/USC/Research/Project/lassie-traveler/dependencies/install/traveler_msgs/include/traveler_msgs/traveler_msgs/msg/detail/traveler_status__functions.c
[0.182s] -- Up-to-date: /home/yifeng/Dropbox/USC/Research/Project/lassie-traveler/dependencies/install/traveler_msgs/include/traveler_msgs/traveler_msgs/msg/detail/odrive_status__type_support.c
[0.182s] -- Up-to-date: /home/yifeng/Dropbox/USC/Research/Project/lassie-traveler/dependencies/install/traveler_msgs/include/traveler_msgs/traveler_msgs/msg/detail/traveler_config__functions.c
[0.182s] -- Up-to-date: /home/yifeng/Dropbox/USC/Research/Project/lassie-traveler/dependencies/install/traveler_msgs/include/traveler_msgs/traveler_msgs/msg/detail/odrive_status__struct.h
[0.182s] -- Up-to-date: /home/yifeng/Dropbox/USC/Research/Project/lassie-traveler/dependencies/install/traveler_msgs/include/traveler_msgs/traveler_msgs/msg/detail/traveler_mode__type_support.c
[0.182s] -- Up-to-date: /home/yifeng/Dropbox/USC/Research/Project/lassie-traveler/dependencies/install/traveler_msgs/include/traveler_msgs/traveler_msgs/msg/detail/traveler_mode__struct.h
[0.182s] -- Up-to-date: /home/yifeng/Dropbox/USC/Research/Project/lassie-traveler/dependencies/install/traveler_msgs/include/traveler_msgs/traveler_msgs/msg/detail/traveler_status__type_support.h
[0.182s] -- Up-to-date: /home/yifeng/Dropbox/USC/Research/Project/lassie-traveler/dependencies/install/traveler_msgs/include/traveler_msgs/traveler_msgs/msg/detail/traveler_status__functions.h
[0.182s] -- Up-to-date: /home/yifeng/Dropbox/USC/Research/Project/lassie-traveler/dependencies/install/traveler_msgs/include/traveler_msgs/traveler_msgs/msg/set_input_position.h
[0.182s] -- Up-to-date: /home/yifeng/Dropbox/USC/Research/Project/lassie-traveler/dependencies/install/traveler_msgs/include/traveler_msgs/traveler_msgs/msg/traveler_status.h
[0.182s] -- Up-to-date: /home/yifeng/Dropbox/USC/Research/Project/lassie-traveler/dependencies/install/traveler_msgs/include/traveler_msgs/traveler_msgs/msg/traveler_config.h
[0.183s] -- Up-to-date: /home/yifeng/Dropbox/USC/Research/Project/lassie-traveler/dependencies/install/traveler_msgs/share/traveler_msgs/environment/library_path.sh
[0.183s] -- Up-to-date: /home/yifeng/Dropbox/USC/Research/Project/lassie-traveler/dependencies/install/traveler_msgs/share/traveler_msgs/environment/library_path.dsv
[0.183s] -- Up-to-date: /home/yifeng/Dropbox/USC/Research/Project/lassie-traveler/dependencies/install/traveler_msgs/lib/libtraveler_msgs__rosidl_generator_c.so
[0.183s] -- Up-to-date: /home/yifeng/Dropbox/USC/Research/Project/lassie-traveler/dependencies/install/traveler_msgs/include/traveler_msgs/traveler_msgs
[0.183s] -- Up-to-date: /home/yifeng/Dropbox/USC/Research/Project/lassie-traveler/dependencies/install/traveler_msgs/include/traveler_msgs/traveler_msgs/msg
[0.183s] -- Up-to-date: /home/yifeng/Dropbox/USC/Research/Project/lassie-traveler/dependencies/install/traveler_msgs/include/traveler_msgs/traveler_msgs/msg/detail
[0.183s] -- Up-to-date: /home/yifeng/Dropbox/USC/Research/Project/lassie-traveler/dependencies/install/traveler_msgs/include/traveler_msgs/traveler_msgs/msg/detail/traveler_status__rosidl_typesupport_fastrtps_c.h
[0.183s] -- Up-to-date: /home/yifeng/Dropbox/USC/Research/Project/lassie-traveler/dependencies/install/traveler_msgs/include/traveler_msgs/traveler_msgs/msg/detail/traveler_config__rosidl_typesupport_fastrtps_c.h
[0.183s] -- Up-to-date: /home/yifeng/Dropbox/USC/Research/Project/lassie-traveler/dependencies/install/traveler_msgs/include/traveler_msgs/traveler_msgs/msg/detail/traveler_mode__rosidl_typesupport_fastrtps_c.h
[0.183s] -- Up-to-date: /home/yifeng/Dropbox/USC/Research/Project/lassie-traveler/dependencies/install/traveler_msgs/include/traveler_msgs/traveler_msgs/msg/detail/set_input_position__rosidl_typesupport_fastrtps_c.h
[0.183s] -- Up-to-date: /home/yifeng/Dropbox/USC/Research/Project/lassie-traveler/dependencies/install/traveler_msgs/include/traveler_msgs/traveler_msgs/msg/detail/odrive_status__rosidl_typesupport_fastrtps_c.h
[0.183s] -- Up-to-date: /home/yifeng/Dropbox/USC/Research/Project/lassie-traveler/dependencies/install/traveler_msgs/include/traveler_msgs/traveler_msgs/msg/rosidl_typesupport_fastrtps_c__visibility_control.h
[0.183s] -- Up-to-date: /home/yifeng/Dropbox/USC/Research/Project/lassie-traveler/dependencies/install/traveler_msgs/lib/libtraveler_msgs__rosidl_typesupport_fastrtps_c.so
[0.183s] -- Up-to-date: /home/yifeng/Dropbox/USC/Research/Project/lassie-traveler/dependencies/install/traveler_msgs/include/traveler_msgs/traveler_msgs
[0.183s] -- Up-to-date: /home/yifeng/Dropbox/USC/Research/Project/lassie-traveler/dependencies/install/traveler_msgs/include/traveler_msgs/traveler_msgs/msg
[0.183s] -- Up-to-date: /home/yifeng/Dropbox/USC/Research/Project/lassie-traveler/dependencies/install/traveler_msgs/include/traveler_msgs/traveler_msgs/msg/set_input_position.hpp
[0.183s] -- Up-to-date: /home/yifeng/Dropbox/USC/Research/Project/lassie-traveler/dependencies/install/traveler_msgs/include/traveler_msgs/traveler_msgs/msg/detail
[0.183s] -- Up-to-date: /home/yifeng/Dropbox/USC/Research/Project/lassie-traveler/dependencies/install/traveler_msgs/include/traveler_msgs/traveler_msgs/msg/detail/set_input_position__traits.hpp
[0.183s] -- Up-to-date: /home/yifeng/Dropbox/USC/Research/Project/lassie-traveler/dependencies/install/traveler_msgs/include/traveler_msgs/traveler_msgs/msg/detail/odrive_status__type_support.hpp
[0.183s] -- Up-to-date: /home/yifeng/Dropbox/USC/Research/Project/lassie-traveler/dependencies/install/traveler_msgs/include/traveler_msgs/traveler_msgs/msg/detail/traveler_status__type_support.hpp
[0.183s] -- Up-to-date: /home/yifeng/Dropbox/USC/Research/Project/lassie-traveler/dependencies/install/traveler_msgs/include/traveler_msgs/traveler_msgs/msg/detail/set_input_position__struct.hpp
[0.183s] -- Up-to-date: /home/yifeng/Dropbox/USC/Research/Project/lassie-traveler/dependencies/install/traveler_msgs/include/traveler_msgs/traveler_msgs/msg/detail/set_input_position__builder.hpp
[0.183s] -- Up-to-date: /home/yifeng/Dropbox/USC/Research/Project/lassie-traveler/dependencies/install/traveler_msgs/include/traveler_msgs/traveler_msgs/msg/detail/traveler_config__traits.hpp
[0.183s] -- Up-to-date: /home/yifeng/Dropbox/USC/Research/Project/lassie-traveler/dependencies/install/traveler_msgs/include/traveler_msgs/traveler_msgs/msg/detail/odrive_status__struct.hpp
[0.183s] -- Up-to-date: /home/yifeng/Dropbox/USC/Research/Project/lassie-traveler/dependencies/install/traveler_msgs/include/traveler_msgs/traveler_msgs/msg/detail/odrive_status__traits.hpp
[0.183s] -- Up-to-date: /home/yifeng/Dropbox/USC/Research/Project/lassie-traveler/dependencies/install/traveler_msgs/include/traveler_msgs/traveler_msgs/msg/detail/traveler_mode__traits.hpp
[0.183s] -- Up-to-date: /home/yifeng/Dropbox/USC/Research/Project/lassie-traveler/dependencies/install/traveler_msgs/include/traveler_msgs/traveler_msgs/msg/detail/traveler_config__type_support.hpp
[0.183s] -- Up-to-date: /home/yifeng/Dropbox/USC/Research/Project/lassie-traveler/dependencies/install/traveler_msgs/include/traveler_msgs/traveler_msgs/msg/detail/traveler_status__struct.hpp
[0.183s] -- Up-to-date: /home/yifeng/Dropbox/USC/Research/Project/lassie-traveler/dependencies/install/traveler_msgs/include/traveler_msgs/traveler_msgs/msg/detail/traveler_config__builder.hpp
[0.183s] -- Up-to-date: /home/yifeng/Dropbox/USC/Research/Project/lassie-traveler/dependencies/install/traveler_msgs/include/traveler_msgs/traveler_msgs/msg/detail/set_input_position__type_support.hpp
[0.183s] -- Up-to-date: /home/yifeng/Dropbox/USC/Research/Project/lassie-traveler/dependencies/install/traveler_msgs/include/traveler_msgs/traveler_msgs/msg/detail/traveler_mode__type_support.hpp
[0.183s] -- Up-to-date: /home/yifeng/Dropbox/USC/Research/Project/lassie-traveler/dependencies/install/traveler_msgs/include/traveler_msgs/traveler_msgs/msg/detail/traveler_status__builder.hpp
[0.183s] -- Up-to-date: /home/yifeng/Dropbox/USC/Research/Project/lassie-traveler/dependencies/install/traveler_msgs/include/traveler_msgs/traveler_msgs/msg/detail/traveler_mode__builder.hpp
[0.183s] -- Up-to-date: /home/yifeng/Dropbox/USC/Research/Project/lassie-traveler/dependencies/install/traveler_msgs/include/traveler_msgs/traveler_msgs/msg/detail/traveler_mode__struct.hpp
[0.183s] -- Up-to-date: /home/yifeng/Dropbox/USC/Research/Project/lassie-traveler/dependencies/install/traveler_msgs/include/traveler_msgs/traveler_msgs/msg/detail/odrive_status__builder.hpp
[0.183s] -- Up-to-date: /home/yifeng/Dropbox/USC/Research/Project/lassie-traveler/dependencies/install/traveler_msgs/include/traveler_msgs/traveler_msgs/msg/detail/traveler_config__struct.hpp
[0.183s] -- Up-to-date: /home/yifeng/Dropbox/USC/Research/Project/lassie-traveler/dependencies/install/traveler_msgs/include/traveler_msgs/traveler_msgs/msg/detail/traveler_status__traits.hpp
[0.184s] -- Up-to-date: /home/yifeng/Dropbox/USC/Research/Project/lassie-traveler/dependencies/install/traveler_msgs/include/traveler_msgs/traveler_msgs/msg/rosidl_generator_cpp__visibility_control.hpp
[0.184s] -- Up-to-date: /home/yifeng/Dropbox/USC/Research/Project/lassie-traveler/dependencies/install/traveler_msgs/include/traveler_msgs/traveler_msgs/msg/traveler_mode.hpp
[0.184s] -- Up-to-date: /home/yifeng/Dropbox/USC/Research/Project/lassie-traveler/dependencies/install/traveler_msgs/include/traveler_msgs/traveler_msgs/msg/traveler_config.hpp
[0.184s] -- Up-to-date: /home/yifeng/Dropbox/USC/Research/Project/lassie-traveler/dependencies/install/traveler_msgs/include/traveler_msgs/traveler_msgs/msg/traveler_status.hpp
[0.184s] -- Up-to-date: /home/yifeng/Dropbox/USC/Research/Project/lassie-traveler/dependencies/install/traveler_msgs/include/traveler_msgs/traveler_msgs/msg/odrive_status.hpp
[0.184s] -- Up-to-date: /home/yifeng/Dropbox/USC/Research/Project/lassie-traveler/dependencies/install/traveler_msgs/include/traveler_msgs/traveler_msgs
[0.184s] -- Up-to-date: /home/yifeng/Dropbox/USC/Research/Project/lassie-traveler/dependencies/install/traveler_msgs/include/traveler_msgs/traveler_msgs/msg
[0.184s] -- Up-to-date: /home/yifeng/Dropbox/USC/Research/Project/lassie-traveler/dependencies/install/traveler_msgs/include/traveler_msgs/traveler_msgs/msg/detail
[0.184s] -- Up-to-date: /home/yifeng/Dropbox/USC/Research/Project/lassie-traveler/dependencies/install/traveler_msgs/include/traveler_msgs/traveler_msgs/msg/detail/traveler_status__rosidl_typesupport_fastrtps_cpp.hpp
[0.184s] -- Up-to-date: /home/yifeng/Dropbox/USC/Research/Project/lassie-traveler/dependencies/install/traveler_msgs/include/traveler_msgs/traveler_msgs/msg/detail/dds_fastrtps
[0.184s] -- Up-to-date: /home/yifeng/Dropbox/USC/Research/Project/lassie-traveler/dependencies/install/traveler_msgs/include/traveler_msgs/traveler_msgs/msg/detail/traveler_config__rosidl_typesupport_fastrtps_cpp.hpp
[0.184s] -- Up-to-date: /home/yifeng/Dropbox/USC/Research/Project/lassie-traveler/dependencies/install/traveler_msgs/include/traveler_msgs/traveler_msgs/msg/detail/odrive_status__rosidl_typesupport_fastrtps_cpp.hpp
[0.184s] -- Up-to-date: /home/yifeng/Dropbox/USC/Research/Project/lassie-traveler/dependencies/install/traveler_msgs/include/traveler_msgs/traveler_msgs/msg/detail/traveler_mode__rosidl_typesupport_fastrtps_cpp.hpp
[0.184s] -- Up-to-date: /home/yifeng/Dropbox/USC/Research/Project/lassie-traveler/dependencies/install/traveler_msgs/include/traveler_msgs/traveler_msgs/msg/detail/set_input_position__rosidl_typesupport_fastrtps_cpp.hpp
[0.184s] -- Up-to-date: /home/yifeng/Dropbox/USC/Research/Project/lassie-traveler/dependencies/install/traveler_msgs/include/traveler_msgs/traveler_msgs/msg/rosidl_typesupport_fastrtps_cpp__visibility_control.h
[0.184s] -- Up-to-date: /home/yifeng/Dropbox/USC/Research/Project/lassie-traveler/dependencies/install/traveler_msgs/lib/libtraveler_msgs__rosidl_typesupport_fastrtps_cpp.so
[0.184s] -- Up-to-date: /home/yifeng/Dropbox/USC/Research/Project/lassie-traveler/dependencies/install/traveler_msgs/include/traveler_msgs/traveler_msgs
[0.184s] -- Up-to-date: /home/yifeng/Dropbox/USC/Research/Project/lassie-traveler/dependencies/install/traveler_msgs/include/traveler_msgs/traveler_msgs/msg
[0.184s] -- Up-to-date: /home/yifeng/Dropbox/USC/Research/Project/lassie-traveler/dependencies/install/traveler_msgs/include/traveler_msgs/traveler_msgs/msg/detail
[0.184s] -- Up-to-date: /home/yifeng/Dropbox/USC/Research/Project/lassie-traveler/dependencies/install/traveler_msgs/include/traveler_msgs/traveler_msgs/msg/detail/set_input_position__type_support.c
[0.184s] -- Up-to-date: /home/yifeng/Dropbox/USC/Research/Project/lassie-traveler/dependencies/install/traveler_msgs/include/traveler_msgs/traveler_msgs/msg/detail/traveler_config__type_support.c
[0.184s] -- Up-to-date: /home/yifeng/Dropbox/USC/Research/Project/lassie-traveler/dependencies/install/traveler_msgs/include/traveler_msgs/traveler_msgs/msg/detail/traveler_status__type_support.c
[0.184s] -- Up-to-date: /home/yifeng/Dropbox/USC/Research/Project/lassie-traveler/dependencies/install/traveler_msgs/include/traveler_msgs/traveler_msgs/msg/detail/set_input_position__rosidl_typesupport_introspection_c.h
[0.184s] -- Up-to-date: /home/yifeng/Dropbox/USC/Research/Project/lassie-traveler/dependencies/install/traveler_msgs/include/traveler_msgs/traveler_msgs/msg/detail/traveler_status__rosidl_typesupport_introspection_c.h
[0.184s] -- Up-to-date: /home/yifeng/Dropbox/USC/Research/Project/lassie-traveler/dependencies/install/traveler_msgs/include/traveler_msgs/traveler_msgs/msg/detail/traveler_mode__rosidl_typesupport_introspection_c.h
[0.184s] -- Up-to-date: /home/yifeng/Dropbox/USC/Research/Project/lassie-traveler/dependencies/install/traveler_msgs/include/traveler_msgs/traveler_msgs/msg/detail/odrive_status__type_support.c
[0.184s] -- Up-to-date: /home/yifeng/Dropbox/USC/Research/Project/lassie-traveler/dependencies/install/traveler_msgs/include/traveler_msgs/traveler_msgs/msg/detail/traveler_config__rosidl_typesupport_introspection_c.h
[0.184s] -- Up-to-date: /home/yifeng/Dropbox/USC/Research/Project/lassie-traveler/dependencies/install/traveler_msgs/include/traveler_msgs/traveler_msgs/msg/detail/traveler_mode__type_support.c
[0.184s] -- Up-to-date: /home/yifeng/Dropbox/USC/Research/Project/lassie-traveler/dependencies/install/traveler_msgs/include/traveler_msgs/traveler_msgs/msg/detail/odrive_status__rosidl_typesupport_introspection_c.h
[0.184s] -- Up-to-date: /home/yifeng/Dropbox/USC/Research/Project/lassie-traveler/dependencies/install/traveler_msgs/include/traveler_msgs/traveler_msgs/msg/rosidl_typesupport_introspection_c__visibility_control.h
[0.184s] -- Up-to-date: /home/yifeng/Dropbox/USC/Research/Project/lassie-traveler/dependencies/install/traveler_msgs/lib/libtraveler_msgs__rosidl_typesupport_introspection_c.so
[0.184s] -- Up-to-date: /home/yifeng/Dropbox/USC/Research/Project/lassie-traveler/dependencies/install/traveler_msgs/lib/libtraveler_msgs__rosidl_typesupport_c.so
[0.184s] -- Up-to-date: /home/yifeng/Dropbox/USC/Research/Project/lassie-traveler/dependencies/install/traveler_msgs/include/traveler_msgs/traveler_msgs
[0.184s] -- Up-to-date: /home/yifeng/Dropbox/USC/Research/Project/lassie-traveler/dependencies/install/traveler_msgs/include/traveler_msgs/traveler_msgs/msg
[0.184s] -- Up-to-date: /home/yifeng/Dropbox/USC/Research/Project/lassie-traveler/dependencies/install/traveler_msgs/include/traveler_msgs/traveler_msgs/msg/detail
[0.184s] -- Up-to-date: /home/yifeng/Dropbox/USC/Research/Project/lassie-traveler/dependencies/install/traveler_msgs/include/traveler_msgs/traveler_msgs/msg/detail/odrive_status__type_support.cpp
[0.184s] -- Up-to-date: /home/yifeng/Dropbox/USC/Research/Project/lassie-traveler/dependencies/install/traveler_msgs/include/traveler_msgs/traveler_msgs/msg/detail/set_input_position__rosidl_typesupport_introspection_cpp.hpp
[0.184s] -- Up-to-date: /home/yifeng/Dropbox/USC/Research/Project/lassie-traveler/dependencies/install/traveler_msgs/include/traveler_msgs/traveler_msgs/msg/detail/traveler_config__rosidl_typesupport_introspection_cpp.hpp
[0.184s] -- Up-to-date: /home/yifeng/Dropbox/USC/Research/Project/lassie-traveler/dependencies/install/traveler_msgs/include/traveler_msgs/traveler_msgs/msg/detail/set_input_position__type_support.cpp
[0.184s] -- Up-to-date: /home/yifeng/Dropbox/USC/Research/Project/lassie-traveler/dependencies/install/traveler_msgs/include/traveler_msgs/traveler_msgs/msg/detail/traveler_mode__rosidl_typesupport_introspection_cpp.hpp
[0.184s] -- Up-to-date: /home/yifeng/Dropbox/USC/Research/Project/lassie-traveler/dependencies/install/traveler_msgs/include/traveler_msgs/traveler_msgs/msg/detail/traveler_config__type_support.cpp
[0.184s] -- Up-to-date: /home/yifeng/Dropbox/USC/Research/Project/lassie-traveler/dependencies/install/traveler_msgs/include/traveler_msgs/traveler_msgs/msg/detail/traveler_mode__type_support.cpp
[0.184s] -- Up-to-date: /home/yifeng/Dropbox/USC/Research/Project/lassie-traveler/dependencies/install/traveler_msgs/include/traveler_msgs/traveler_msgs/msg/detail/traveler_status__rosidl_typesupport_introspection_cpp.hpp
[0.184s] -- Up-to-date: /home/yifeng/Dropbox/USC/Research/Project/lassie-traveler/dependencies/install/traveler_msgs/include/traveler_msgs/traveler_msgs/msg/detail/traveler_status__type_support.cpp
[0.184s] -- Up-to-date: /home/yifeng/Dropbox/USC/Research/Project/lassie-traveler/dependencies/install/traveler_msgs/include/traveler_msgs/traveler_msgs/msg/detail/odrive_status__rosidl_typesupport_introspection_cpp.hpp
[0.184s] -- Up-to-date: /home/yifeng/Dropbox/USC/Research/Project/lassie-traveler/dependencies/install/traveler_msgs/lib/libtraveler_msgs__rosidl_typesupport_introspection_cpp.so
[0.184s] -- Up-to-date: /home/yifeng/Dropbox/USC/Research/Project/lassie-traveler/dependencies/install/traveler_msgs/lib/libtraveler_msgs__rosidl_typesupport_cpp.so
[0.184s] -- Up-to-date: /home/yifeng/Dropbox/USC/Research/Project/lassie-traveler/dependencies/install/traveler_msgs/share/traveler_msgs/environment/pythonpath.sh
[0.184s] -- Up-to-date: /home/yifeng/Dropbox/USC/Research/Project/lassie-traveler/dependencies/install/traveler_msgs/share/traveler_msgs/environment/pythonpath.dsv
[0.185s] -- Up-to-date: /home/yifeng/Dropbox/USC/Research/Project/lassie-traveler/dependencies/install/traveler_msgs/lib/python3.12/site-packages/traveler_msgs-0.0.0-py3.12.egg-info
[0.185s] -- Installing: /home/yifeng/Dropbox/USC/Research/Project/lassie-traveler/dependencies/install/traveler_msgs/lib/python3.12/site-packages/traveler_msgs-0.0.0-py3.12.egg-info/SOURCES.txt
[0.185s] -- Installing: /home/yifeng/Dropbox/USC/Research/Project/lassie-traveler/dependencies/install/traveler_msgs/lib/python3.12/site-packages/traveler_msgs-0.0.0-py3.12.egg-info/top_level.txt
[0.185s] -- Installing: /home/yifeng/Dropbox/USC/Research/Project/lassie-traveler/dependencies/install/traveler_msgs/lib/python3.12/site-packages/traveler_msgs-0.0.0-py3.12.egg-info/dependency_links.txt
[0.185s] -- Installing: /home/yifeng/Dropbox/USC/Research/Project/lassie-traveler/dependencies/install/traveler_msgs/lib/python3.12/site-packages/traveler_msgs-0.0.0-py3.12.egg-info/PKG-INFO
[0.185s] -- Up-to-date: /home/yifeng/Dropbox/USC/Research/Project/lassie-traveler/dependencies/install/traveler_msgs/lib/python3.12/site-packages/traveler_msgs
[0.185s] -- Up-to-date: /home/yifeng/Dropbox/USC/Research/Project/lassie-traveler/dependencies/install/traveler_msgs/lib/python3.12/site-packages/traveler_msgs/_traveler_msgs_s.ep.rosidl_typesupport_c.c
[0.185s] -- Up-to-date: /home/yifeng/Dropbox/USC/Research/Project/lassie-traveler/dependencies/install/traveler_msgs/lib/python3.12/site-packages/traveler_msgs/_traveler_msgs_s.ep.rosidl_typesupport_fastrtps_c.c
[0.185s] -- Up-to-date: /home/yifeng/Dropbox/USC/Research/Project/lassie-traveler/dependencies/install/traveler_msgs/lib/python3.12/site-packages/traveler_msgs/msg
[0.185s] -- Up-to-date: /home/yifeng/Dropbox/USC/Research/Project/lassie-traveler/dependencies/install/traveler_msgs/lib/python3.12/site-packages/traveler_msgs/msg/_traveler_config_s.c
[0.185s] -- Up-to-date: /home/yifeng/Dropbox/USC/Research/Project/lassie-traveler/dependencies/install/traveler_msgs/lib/python3.12/site-packages/traveler_msgs/msg/_set_input_position.py
[0.185s] -- Up-to-date: /home/yifeng/Dropbox/USC/Research/Project/lassie-traveler/dependencies/install/traveler_msgs/lib/python3.12/site-packages/traveler_msgs/msg/_traveler_status_s.c
[0.185s] -- Up-to-date: /home/yifeng/Dropbox/USC/Research/Project/lassie-traveler/dependencies/install/traveler_msgs/lib/python3.12/site-packages/traveler_msgs/msg/_traveler_mode_s.c
[0.185s] -- Up-to-date: /home/yifeng/Dropbox/USC/Research/Project/lassie-traveler/dependencies/install/traveler_msgs/lib/python3.12/site-packages/traveler_msgs/msg/__init__.py
[0.185s] -- Up-to-date: /home/yifeng/Dropbox/USC/Research/Project/lassie-traveler/dependencies/install/traveler_msgs/lib/python3.12/site-packages/traveler_msgs/msg/_odrive_status.py
[0.185s] -- Up-to-date: /home/yifeng/Dropbox/USC/Research/Project/lassie-traveler/dependencies/install/traveler_msgs/lib/python3.12/site-packages/traveler_msgs/msg/_traveler_mode.py
[0.185s] -- Up-to-date: /home/yifeng/Dropbox/USC/Research/Project/lassie-traveler/dependencies/install/traveler_msgs/lib/python3.12/site-packages/traveler_msgs/msg/_traveler_config.py
[0.185s] -- Up-to-date: /home/yifeng/Dropbox/USC/Research/Project/lassie-traveler/dependencies/install/traveler_msgs/lib/python3.12/site-packages/traveler_msgs/msg/_set_input_position_s.c
[0.185s] -- Up-to-date: /home/yifeng/Dropbox/USC/Research/Project/lassie-traveler/dependencies/install/traveler_msgs/lib/python3.12/site-packages/traveler_msgs/msg/_odrive_status_s.c
[0.185s] -- Up-to-date: /home/yifeng/Dropbox/USC/Research/Project/lassie-traveler/dependencies/install/traveler_msgs/lib/python3.12/site-packages/traveler_msgs/msg/_traveler_status.py
[0.185s] -- Up-to-date: /home/yifeng/Dropbox/USC/Research/Project/lassie-traveler/dependencies/install/traveler_msgs/lib/python3.12/site-packages/traveler_msgs/__init__.py
[0.185s] -- Up-to-date: /home/yifeng/Dropbox/USC/Research/Project/lassie-traveler/dependencies/install/traveler_msgs/lib/python3.12/site-packages/traveler_msgs/traveler_msgs_s__rosidl_typesupport_introspection_c.so
[0.185s] -- Up-to-date: /home/yifeng/Dropbox/USC/Research/Project/lassie-traveler/dependencies/install/traveler_msgs/lib/python3.12/site-packages/traveler_msgs/_traveler_msgs_s.ep.rosidl_typesupport_introspection_c.c
[0.185s] -- Up-to-date: /home/yifeng/Dropbox/USC/Research/Project/lassie-traveler/dependencies/install/traveler_msgs/lib/python3.12/site-packages/traveler_msgs/traveler_msgs_s__rosidl_typesupport_c.so
[0.185s] -- Up-to-date: /home/yifeng/Dropbox/USC/Research/Project/lassie-traveler/dependencies/install/traveler_msgs/lib/python3.12/site-packages/traveler_msgs/traveler_msgs_s__rosidl_typesupport_fastrtps_c.so
[0.199s] Listing '/home/yifeng/Dropbox/USC/Research/Project/lassie-traveler/dependencies/install/traveler_msgs/lib/python3.12/site-packages/traveler_msgs'...
[0.199s] Listing '/home/yifeng/Dropbox/USC/Research/Project/lassie-traveler/dependencies/install/traveler_msgs/lib/python3.12/site-packages/traveler_msgs/msg'...
[0.201s] -- Up-to-date: /home/yifeng/Dropbox/USC/Research/Project/lassie-traveler/dependencies/install/traveler_msgs/lib/python3.12/site-packages/traveler_msgs/traveler_msgs_s__rosidl_typesupport_fastrtps_c.so
[0.201s] -- Up-to-date: /home/yifeng/Dropbox/USC/Research/Project/lassie-traveler/dependencies/install/traveler_msgs/lib/python3.12/site-packages/traveler_msgs/traveler_msgs_s__rosidl_typesupport_introspection_c.so
[0.201s] -- Up-to-date: /home/yifeng/Dropbox/USC/Research/Project/lassie-traveler/dependencies/install/traveler_msgs/lib/python3.12/site-packages/traveler_msgs/traveler_msgs_s__rosidl_typesupport_c.so
[0.201s] -- Up-to-date: /home/yifeng/Dropbox/USC/Research/Project/lassie-traveler/dependencies/install/traveler_msgs/lib/libtraveler_msgs__rosidl_generator_py.so
[0.202s] -- Up-to-date: /home/yifeng/Dropbox/USC/Research/Project/lassie-traveler/dependencies/install/traveler_msgs/share/traveler_msgs/msg/TravelerConfig.idl
[0.202s] -- Up-to-date: /home/yifeng/Dropbox/USC/Research/Project/lassie-traveler/dependencies/install/traveler_msgs/share/traveler_msgs/msg/TravelerMode.idl
[0.202s] -- Up-to-date: /home/yifeng/Dropbox/USC/Research/Project/lassie-traveler/dependencies/install/traveler_msgs/share/traveler_msgs/msg/TravelerStatus.idl
[0.202s] -- Up-to-date: /home/yifeng/Dropbox/USC/Research/Project/lassie-traveler/dependencies/install/traveler_msgs/share/traveler_msgs/msg/OdriveStatus.idl
[0.202s] -- Up-to-date: /home/yifeng/Dropbox/USC/Research/Project/lassie-traveler/dependencies/install/traveler_msgs/share/traveler_msgs/msg/SetInputPosition.idl
[0.202s] -- Up-to-date: /home/yifeng/Dropbox/USC/Research/Project/lassie-traveler/dependencies/install/traveler_msgs/share/traveler_msgs/msg/TravelerConfig.msg
[0.202s] -- Up-to-date: /home/yifeng/Dropbox/USC/Research/Project/lassie-traveler/dependencies/install/traveler_msgs/share/traveler_msgs/msg/TravelerMode.msg
[0.202s] -- Up-to-date: /home/yifeng/Dropbox/USC/Research/Project/lassie-traveler/dependencies/install/traveler_msgs/share/traveler_msgs/msg/TravelerStatus.msg
[0.202s] -- Up-to-date: /home/yifeng/Dropbox/USC/Research/Project/lassie-traveler/dependencies/install/traveler_msgs/share/traveler_msgs/odrivemsg/OdriveStatus.msg
[0.202s] -- Up-to-date: /home/yifeng/Dropbox/USC/Research/Project/lassie-traveler/dependencies/install/traveler_msgs/share/traveler_msgs/odrivemsg/SetInputPosition.msg
[0.202s] -- Up-to-date: /home/yifeng/Dropbox/USC/Research/Project/lassie-traveler/dependencies/install/traveler_msgs/share/ament_index/resource_index/package_run_dependencies/traveler_msgs
[0.202s] -- Up-to-date: /home/yifeng/Dropbox/USC/Research/Project/lassie-traveler/dependencies/install/traveler_msgs/share/ament_index/resource_index/parent_prefix_path/traveler_msgs
[0.202s] -- Up-to-date: /home/yifeng/Dropbox/USC/Research/Project/lassie-traveler/dependencies/install/traveler_msgs/share/traveler_msgs/environment/ament_prefix_path.sh
[0.202s] -- Up-to-date: /home/yifeng/Dropbox/USC/Research/Project/lassie-traveler/dependencies/install/traveler_msgs/share/traveler_msgs/environment/ament_prefix_path.dsv
[0.202s] -- Up-to-date: /home/yifeng/Dropbox/USC/Research/Project/lassie-traveler/dependencies/install/traveler_msgs/share/traveler_msgs/environment/path.sh
[0.202s] -- Up-to-date: /home/yifeng/Dropbox/USC/Research/Project/lassie-traveler/dependencies/install/traveler_msgs/share/traveler_msgs/environment/path.dsv
[0.202s] -- Up-to-date: /home/yifeng/Dropbox/USC/Research/Project/lassie-traveler/dependencies/install/traveler_msgs/share/traveler_msgs/local_setup.bash
[0.202s] -- Up-to-date: /home/yifeng/Dropbox/USC/Research/Project/lassie-traveler/dependencies/install/traveler_msgs/share/traveler_msgs/local_setup.sh
[0.202s] -- Up-to-date: /home/yifeng/Dropbox/USC/Research/Project/lassie-traveler/dependencies/install/traveler_msgs/share/traveler_msgs/local_setup.zsh
[0.202s] -- Up-to-date: /home/yifeng/Dropbox/USC/Research/Project/lassie-traveler/dependencies/install/traveler_msgs/share/traveler_msgs/local_setup.dsv
[0.202s] -- Installing: /home/yifeng/Dropbox/USC/Research/Project/lassie-traveler/dependencies/install/traveler_msgs/share/traveler_msgs/package.dsv
[0.202s] -- Up-to-date: /home/yifeng/Dropbox/USC/Research/Project/lassie-traveler/dependencies/install/traveler_msgs/share/ament_index/resource_index/packages/traveler_msgs
[0.202s] -- Up-to-date: /home/yifeng/Dropbox/USC/Research/Project/lassie-traveler/dependencies/install/traveler_msgs/share/traveler_msgs/cmake/export_traveler_msgs__rosidl_generator_cExport.cmake
[0.202s] -- Up-to-date: /home/yifeng/Dropbox/USC/Research/Project/lassie-traveler/dependencies/install/traveler_msgs/share/traveler_msgs/cmake/export_traveler_msgs__rosidl_generator_cExport-noconfig.cmake
[0.202s] -- Up-to-date: /home/yifeng/Dropbox/USC/Research/Project/lassie-traveler/dependencies/install/traveler_msgs/share/traveler_msgs/cmake/export_traveler_msgs__rosidl_typesupport_fastrtps_cExport.cmake
[0.202s] -- Up-to-date: /home/yifeng/Dropbox/USC/Research/Project/lassie-traveler/dependencies/install/traveler_msgs/share/traveler_msgs/cmake/export_traveler_msgs__rosidl_typesupport_fastrtps_cExport-noconfig.cmake
[0.202s] -- Up-to-date: /home/yifeng/Dropbox/USC/Research/Project/lassie-traveler/dependencies/install/traveler_msgs/share/traveler_msgs/cmake/export_traveler_msgs__rosidl_generator_cppExport.cmake
[0.202s] -- Up-to-date: /home/yifeng/Dropbox/USC/Research/Project/lassie-traveler/dependencies/install/traveler_msgs/share/traveler_msgs/cmake/export_traveler_msgs__rosidl_typesupport_fastrtps_cppExport.cmake
[0.202s] -- Up-to-date: /home/yifeng/Dropbox/USC/Research/Project/lassie-traveler/dependencies/install/traveler_msgs/share/traveler_msgs/cmake/export_traveler_msgs__rosidl_typesupport_fastrtps_cppExport-noconfig.cmake
[0.203s] -- Up-to-date: /home/yifeng/Dropbox/USC/Research/Project/lassie-traveler/dependencies/install/traveler_msgs/share/traveler_msgs/cmake/traveler_msgs__rosidl_typesupport_introspection_cExport.cmake
[0.203s] -- Up-to-date: /home/yifeng/Dropbox/USC/Research/Project/lassie-traveler/dependencies/install/traveler_msgs/share/traveler_msgs/cmake/traveler_msgs__rosidl_typesupport_introspection_cExport-noconfig.cmake
[0.203s] -- Up-to-date: /home/yifeng/Dropbox/USC/Research/Project/lassie-traveler/dependencies/install/traveler_msgs/share/traveler_msgs/cmake/traveler_msgs__rosidl_typesupport_cExport.cmake
[0.203s] -- Up-to-date: /home/yifeng/Dropbox/USC/Research/Project/lassie-traveler/dependencies/install/traveler_msgs/share/traveler_msgs/cmake/traveler_msgs__rosidl_typesupport_cExport-noconfig.cmake
[0.203s] -- Up-to-date: /home/yifeng/Dropbox/USC/Research/Project/lassie-traveler/dependencies/install/traveler_msgs/share/traveler_msgs/cmake/traveler_msgs__rosidl_typesupport_introspection_cppExport.cmake
[0.203s] -- Up-to-date: /home/yifeng/Dropbox/USC/Research/Project/lassie-traveler/dependencies/install/traveler_msgs/share/traveler_msgs/cmake/traveler_msgs__rosidl_typesupport_introspection_cppExport-noconfig.cmake
[0.203s] -- Up-to-date: /home/yifeng/Dropbox/USC/Research/Project/lassie-traveler/dependencies/install/traveler_msgs/share/traveler_msgs/cmake/traveler_msgs__rosidl_typesupport_cppExport.cmake
[0.203s] -- Up-to-date: /home/yifeng/Dropbox/USC/Research/Project/lassie-traveler/dependencies/install/traveler_msgs/share/traveler_msgs/cmake/traveler_msgs__rosidl_typesupport_cppExport-noconfig.cmake
[0.203s] -- Up-to-date: /home/yifeng/Dropbox/USC/Research/Project/lassie-traveler/dependencies/install/traveler_msgs/share/traveler_msgs/cmake/export_traveler_msgs__rosidl_generator_pyExport.cmake
[0.203s] -- Up-to-date: /home/yifeng/Dropbox/USC/Research/Project/lassie-traveler/dependencies/install/traveler_msgs/share/traveler_msgs/cmake/export_traveler_msgs__rosidl_generator_pyExport-noconfig.cmake
[0.203s] -- Up-to-date: /home/yifeng/Dropbox/USC/Research/Project/lassie-traveler/dependencies/install/traveler_msgs/share/traveler_msgs/cmake/rosidl_cmake-extras.cmake
[0.203s] -- Up-to-date: /home/yifeng/Dropbox/USC/Research/Project/lassie-traveler/dependencies/install/traveler_msgs/share/traveler_msgs/cmake/ament_cmake_export_include_directories-extras.cmake
[0.203s] -- Up-to-date: /home/yifeng/Dropbox/USC/Research/Project/lassie-traveler/dependencies/install/traveler_msgs/share/traveler_msgs/cmake/ament_cmake_export_libraries-extras.cmake
[0.203s] -- Up-to-date: /home/yifeng/Dropbox/USC/Research/Project/lassie-traveler/dependencies/install/traveler_msgs/share/traveler_msgs/cmake/ament_cmake_export_targets-extras.cmake
[0.203s] -- Up-to-date: /home/yifeng/Dropbox/USC/Research/Project/lassie-traveler/dependencies/install/traveler_msgs/share/traveler_msgs/cmake/rosidl_cmake_export_typesupport_targets-extras.cmake
[0.203s] -- Up-to-date: /home/yifeng/Dropbox/USC/Research/Project/lassie-traveler/dependencies/install/traveler_msgs/share/traveler_msgs/cmake/ament_cmake_export_dependencies-extras.cmake
[0.203s] -- Up-to-date: /home/yifeng/Dropbox/USC/Research/Project/lassie-traveler/dependencies/install/traveler_msgs/share/traveler_msgs/cmake/rosidl_cmake_export_typesupport_libraries-extras.cmake
[0.203s] -- Up-to-date: /home/yifeng/Dropbox/USC/Research/Project/lassie-traveler/dependencies/install/traveler_msgs/share/traveler_msgs/cmake/traveler_msgsConfig.cmake
[0.203s] -- Up-to-date: /home/yifeng/Dropbox/USC/Research/Project/lassie-traveler/dependencies/install/traveler_msgs/share/traveler_msgs/cmake/traveler_msgsConfig-version.cmake
[0.203s] -- Up-to-date: /home/yifeng/Dropbox/USC/Research/Project/lassie-traveler/dependencies/install/traveler_msgs/share/traveler_msgs/package.xml
[0.204s] Invoked command in '/home/yifeng/Dropbox/USC/Research/Project/lassie-traveler/dependencies/build/traveler_msgs' returned '0': CMAKE_PREFIX_PATH=${CMAKE_PREFIX_PATH}:/opt/ros/jazzy DEBUGINFOD_URLS=https://debuginfod.ubuntu.com /usr/bin/cmake --install /home/yifeng/Dropbox/USC/Research/Project/lassie-traveler/dependencies/build/traveler_msgs
